2021-06-15 15:16:24,558: - Robot Temperature: 19 C, Obs Temperature: 8 C. date=2021 07 10 14:00


2021-06-15 15:16:24,560: - Adding extra columns to the target dataframe
2021-06-15 15:16:24,562: - Total Targets in field to tile: 19

2021-06-15 15:16:24,562: - Tile 0:
2021-06-15 15:16:24,562: - 	Remaining Targets: 19
2021-06-15 15:16:25,675: - 	Distortion-corrected tile saved at results/TilingOutputs/270_m20_equally_spaced/DistortionCorrected/DC_tile_000.fld...
2021-06-15 15:16:25,676: - 
	Running Configuration code on file results/TilingOutputs/270_m20_equally_spaced/DistortionCorrected/DC_tile_000.fld...
2021-06-15 15:17:44,921: - FINISHED TILE 0


2021-06-15 15:17:44,926: - Tile 1:
2021-06-15 15:17:44,926: - 	Remaining Targets: 4
2021-06-15 15:17:45,823: - 	Distortion-corrected tile saved at results/TilingOutputs/270_m20_equally_spaced/DistortionCorrected/DC_tile_001.fld...
2021-06-15 15:17:45,823: - 
	Running Configuration code on file results/TilingOutputs/270_m20_equally_spaced/DistortionCorrected/DC_tile_001.fld...
2021-06-15 15:17:55,524: - FINISHED TILE 1


2021-06-15 15:17:55,529: - Tile 2:
2021-06-15 15:17:55,529: - 	Remaining Targets: 1
2021-06-15 15:17:58,155: - 	Distortion-corrected tile saved at results/TilingOutputs/270_m20_equally_spaced/DistortionCorrected/DC_tile_002.fld...
2021-06-15 15:17:58,155: - 
	Running Configuration code on file results/TilingOutputs/270_m20_equally_spaced/DistortionCorrected/DC_tile_002.fld...
2021-06-15 15:18:11,701: - FINISHED TILE 2


2021-06-15 15:18:11,706: - 


2021-06-15 15:18:11,706: - Done!
