2021-06-15 16:20:45,806: - [1] "********************************************"
[1] "Configuring field results/TilingOutputs/350_m20_equally_spaced/DistortionCorrected/DC_tile_000.fld"
[1] "********************************************"
[1] "Identifying initial conflicts"
  Probe_1st Probe_2nd PercentArea
1         4        19         0.8
2        10        15         0.7
[1] "Minimizing the overlaping area by rotating probes"
[1] "Wrapping around MinimizeConflicts"
[1] "Starting (again) with delta_ang = 20"
[1] "19 galaxy probes are in! Let's put some standard stars probes!"
[1] "Adding some standards."
[1] "standard 1 configured successfully."
[1] "standard 2 configured successfully."
$pos
            x          y
1   -37.14650 -175.41592
2  -127.19105   94.16737
3   -85.27816  153.79309
4    55.54115  153.85067
5   118.75893  115.37377
6  -104.24698   65.84141
7    24.12894   54.39121
8     9.91035   96.91636
9    93.97446   61.22679
10  125.46653   13.36107
11 -122.39530 -173.40544
12   -2.03999  -10.37305
13 -154.39443  -20.73214
14  -79.73593  -62.76079
15   85.81269  -67.83758
16  101.41529 -111.06333
17 -157.06208 -107.41199
18    6.42677 -111.71376
19    2.82184  187.81889
66  195.48826  -66.42031
47  164.03496 -117.88261

$angs
 [1] -1.0680956  3.1998478  0.3538141  2.9844382  3.1107594 -0.4759995
 [7]  3.4707265  3.2279364  3.6122882  4.1866721  2.7357388 -0.5671739
[13] -1.2710754 -0.9874880  4.0325754  0.8478141 -1.3971652  1.5146215
[19]  2.8288043  4.7110877  0.5827541

$cegs
 [1] 3 2 3 2 2 3 2 2 2 2 1 3 3 3 2 1 3 1 2 2 1

$stdflag
[1] "none"

[1] "19 galaxy probes and 2 standard probes are in! Let's put some standard guide probes!"
             x          y
89    -9.43415 -188.07139
96   -72.95935 -146.07276
93   -57.80849  -48.54581
NA          NA         NA
85   -64.29038  -81.76748
98  -180.06767  -79.83773
86   -41.94433 -131.71297
101  -22.79987  -84.69466
74   -89.92973  -90.18465
            x         y
97 -106.33211  30.33162
NA         NA        NA
83  -10.15546 199.08990
72  -46.78228 148.51752
82  -33.67808 121.91671
71  -18.18624  84.51451
            x         y
104  51.99453  81.99968
95  128.35721 157.20189
NA         NA        NA
87    0.58244  53.18799
90  148.62684 129.98663
91   77.13256  10.77974
73  175.22943  27.81100
           x          y
81 127.77097 -159.37866
NA        NA         NA
76 172.81067  -92.99826
84  64.47631  -43.67902
99 174.70836   -3.53031
94  85.80361  -40.89175
[1] "Identifying clashes with target and/or standard probes"
[1] "Identifying conflict with other guide probes."
[1] "Identifying clashes with target and/or standard probes"
[1] "Identifying conflict with other guide probes."
[1] "Identifying clashes with target and/or standard probes"
[1] "Identifying conflict with other guide probes."
[1] "Minimizing conflicts with guide probe(s):"
[1] "3"
[1] "Identifying clashes with target and/or standard probes"
[1] "Identifying conflict with other guide probes."
[1] "Identifying clashes with target and/or standard probes"
[1] "Identifying conflict with other guide probes."
[1] "Identifying clashes with target and/or standard probes"
[1] "Identifying conflict with other guide probes."
[1] "Identifying clashes with target and/or standard probes"
[1] "Identifying conflict with other guide probes."
[1] "Identifying clashes with target and/or standard probes"
[1] "Identifying conflict with other guide probes."
[1] "Minimizing conflicts with guide probe(s):"
[1] "4"
[1] "Identifying clashes with target and/or standard probes"
[1] "Identifying conflict with other guide probes."
[1] "Identifying clashes with target and/or standard probes"
[1] "Identifying conflict with other guide probes."
[1] "Identifying clashes with target and/or standard probes"
[1] "Identifying conflict with other guide probes."
[1] "Identifying clashes with target and/or standard probes"
[1] "Identifying conflict with other guide probes."
[1] "Identifying clashes with target and/or standard probes"
[1] "Identifying conflict with other guide probes."
[1] "Minimizing conflicts with guide probe(s):"
[1] "6"
[1] "Identifying clashes with target and/or standard probes"
[1] "Identifying conflict with other guide probes."
[1] "Identifying clashes with target and/or standard probes"
[1] "Identifying conflict with other guide probes."
[1] "Identifying clashes with target and/or standard probes"
[1] "Identifying conflict with other guide probes."
[1] "Identifying clashes with target and/or standard probes"
[1] "Identifying conflict with other guide probes."
[1] "Identifying clashes with target and/or standard probes"
[1] "Identifying conflict with other guide probes."
[1] "Identifying clashes with target and/or standard probes"
[1] "Identifying conflict with other guide probes."
[1] "Identifying clashes with target and/or standard probes"
[1] "Identifying conflict with other guide probes."
[1] "Identifying clashes with target and/or standard probes"
[1] "Identifying conflict with other guide probes."
[1] "Identifying clashes with target and/or standard probes"
[1] "Identifying conflict with other guide probes."
[1] "Identifying clashes with target and/or standard probes"
[1] "Identifying conflict with other guide probes."
[1] "Identifying clashes with target and/or standard probes"
[1] "Identifying conflict with other guide probes."
[1] "Identifying clashes with target and/or standard probes"
[1] "Identifying conflict with other guide probes."
[1] "Identifying clashes with target and/or standard probes"
[1] "Identifying conflict with other guide probes."
[1] "Identifying clashes with target and/or standard probes"
[1] "Identifying conflict with other guide probes."
[1] "Identifying clashes with target and/or standard probes"
[1] "Identifying conflict with other guide probes."
[1] "Identifying clashes with target and/or standard probes"
[1] "Identifying conflict with other guide probes."
[1] "Identifying clashes with target and/or standard probes"
[1] "Identifying conflict with other guide probes."
[1] "Identifying clashes with target and/or standard probes"
[1] "Identifying conflict with other guide probes."
[1] "Identifying clashes with target and/or standard probes"
[1] "Identifying conflict with other guide probes."
[1] "Identifying clashes with target and/or standard probes"
[1] "Identifying conflict with other guide probes."
[1] "Identifying clashes with target and/or standard probes"
[1] "Identifying conflict with other guide probes."
[1] "Identifying clashes with target and/or standard probes"
[1] "Identifying conflict with other guide probes."
[1] "Identifying clashes with target and/or standard probes"
[1] "Identifying conflict with other guide probes."
[1] "Identifying clashes with target and/or standard probes"
[1] "Identifying conflict with other guide probes."
[1] "Identifying clashes with target and/or standard probes"
[1] "Identifying conflict with other guide probes."
[1] "Identifying clashes with target and/or standard probes"
[1] "Identifying conflict with other guide probes."
[1] "Identifying clashes with target and/or standard probes"
[1] "Identifying conflict with other guide probes."
[1] "Identifying clashes with target and/or standard probes"
[1] "Identifying conflict with other guide probes."
[1] "Identifying clashes with target and/or standard probes"
[1] "Identifying conflict with other guide probes."
[1] "Identifying clashes with target and/or standard probes"
[1] "Identifying conflict with other guide probes."
[1] "Identifying clashes with target and/or standard probes"
[1] "Identifying conflict with other guide probes."
[1] "Identifying clashes with target and/or standard probes"
[1] "Identifying conflict with other guide probes."
[1] "Identifying clashes with target and/or standard probes"
[1] "Identifying conflict with other guide probes."
[1] "Identifying clashes with target and/or standard probes"
[1] "Identifying conflict with other guide probes."
[1] "Identifying clashes with target and/or standard probes"
[1] "Identifying conflict with other guide probes."
[1] "Identifying clashes with target and/or standard probes"
[1] "Identifying conflict with other guide probes."
[1] "Identifying clashes with target and/or standard probes"
[1] "Identifying conflict with other guide probes."
[1] "Identifying clashes with target and/or standard probes"
[1] "Identifying conflict with other guide probes."
[1] "Identifying clashes with target and/or standard probes"
[1] "Identifying conflict with other guide probes."
[1] "Identifying clashes with target and/or standard probes"
[1] "Identifying conflict with other guide probes."
[1] "Identifying clashes with target and/or standard probes"
[1] "Identifying conflict with other guide probes."
[1] "Identifying clashes with target and/or standard probes"
[1] "Identifying conflict with other guide probes."
[1] "Identifying clashes with target and/or standard probes"
[1] "Identifying conflict with other guide probes."
[1] "Identifying clashes with target and/or standard probes"
[1] "Identifying conflict with other guide probes."
[1] "Identifying clashes with target and/or standard probes"
[1] "Identifying conflict with other guide probes."
[1] "Identifying clashes with target and/or standard probes"
[1] "Identifying conflict with other guide probes."
[1] "Identifying clashes with target and/or standard probes"
[1] "Identifying conflict with other guide probes."
[1] "Identifying clashes with target and/or standard probes"
[1] "Identifying conflict with other guide probes."
[1] "Identifying clashes with target and/or standard probes"
[1] "Identifying conflict with other guide probes."
[1] "Identifying clashes with target and/or standard probes"
[1] "Identifying conflict with other guide probes."
[1] "Could not configure this guide probe. Will try the next one in the list."
[1] "Identifying clashes with target and/or standard probes"
[1] "Identifying conflict with other guide probes."
[1] "Identifying clashes with target and/or standard probes"
[1] "Identifying conflict with other guide probes."
[1] "Here you go, here's your complete configuration!"
$pos
            x          y
1   -37.14650 -175.41592
2  -127.19105   94.16737
3   -85.27816  153.79309
4    55.54115  153.85067
5   118.75893  115.37377
6  -104.24698   65.84141
7    24.12894   54.39121
8     9.91035   96.91636
9    93.97446   61.22679
10  125.46653   13.36107
11 -122.39530 -173.40544
12   -2.03999  -10.37305
13 -154.39443  -20.73214
14  -79.73593  -62.76079
15   85.81269  -67.83758
16  101.41529 -111.06333
17 -157.06208 -107.41199
18    6.42677 -111.71376
19    2.82184  187.81889
66  195.48826  -66.42031
47  164.03496 -117.88261

$rads
 [1] 179.30590 158.25630 175.85414 163.56909 165.57412 123.29852  59.50302
 [8]  97.42174 112.16024 126.17594 212.24998  10.57174 155.78017 101.47283
[15] 109.38809 150.39988 190.27830 111.89847 187.84009 206.46384 201.99945

$angs
 [1] -1.0680956  3.1998478  0.3538141  2.9844382  3.1107594 -0.4759995
 [7]  3.4707265  3.2279364  3.6122882  4.1866721  2.7357388 -0.5671739
[13] -1.2710754 -0.9874880  4.0325754  0.8478141 -1.3971652  1.5146215
[19]  2.8288043  4.7110877  0.5827541

$azAngs
 [1]  1.3621168 -0.6373039 -1.0645053  4.3659423  3.9125335 -0.5633246
 [7]  4.2948547  4.6104864  3.7190398  3.2476839  0.9561662  1.3766119
[13]  0.1334819  0.6668304  2.4726523  2.3108185  0.5998267  1.6282619
[19]  4.6973658  2.8140637  2.5184637

$angs_azAng
 [1] 3.85297297 3.83715171 1.41831940 4.90168116 5.48141113 0.08732506
 [7] 5.45905714 4.90063526 6.17643372 0.93898813 1.77957260 4.33939951
[13] 4.87862801 4.62886695 1.55992306 4.82018089 4.28619341 6.16954493
[19] 4.41462380 1.89702397 4.34747568

$guidenum
[1] 1 2 3 4 5 7

$gpos
             x          y
89    -9.43415 -188.07139
97  -106.33211   30.33162
104   51.99453   81.99968
81   127.77097 -159.37866
96   -72.95935 -146.07276
93   -57.80849  -48.54581

$grads
[1] 188.30786 110.57362  97.09469 204.27182 163.27988  75.48852

$gangs
[1] 5.266480 5.536831 3.361051 0.582774 5.154901 5.419033

$gazAngs
[1]  1.5206757 -0.2778737  4.1472854  2.2465619  1.1075707  0.6985247

$gangs_gazAng
[1] 3.745805 5.814705 5.496951 4.619397 4.047330 4.720508

$swaps
[1] FALSE

$flags
[1] "none"

[1] "There were  0  unresolvable conflicts in the field"
[1] "********************************************"
[1] "Writing outputs to results/TilingOutputs/350_m20_equally_spaced/Configuration/HECTORConfig_Hexa_350_m20_comissioning_000.txt"
[1] "********************************************"

