2021-06-15 16:15:33,885: - [1] "********************************************"
[1] "Configuring field results/TilingOutputs/350_m20_equally_spaced/DistortionCorrected/DC_tile_000.fld"
[1] "********************************************"
[1] "Identifying initial conflicts"
  Probe_1st Probe_2nd PercentArea
1         3        19        29.3
2         6         8         0.0
3        11        18         0.3
4        13        15         0.0
[1] "Minimizing the overlaping area by rotating probes"
[1] "Wrapping around MinimizeConflicts"
[1] "Starting (again) with delta_ang = 20"
[1] "19 galaxy probes are in! Let's put some standard stars probes!"
[1] "Adding some standards."
[1] "standard 1 configured successfully."
[1] "standard 2 configured successfully."
$pos
            x          y
1   -17.95433 -191.14625
2  -169.52293  -18.49799
3   -59.71225  138.22366
4    60.98553  122.64362
5   124.10350   84.38743
6  -113.49458   94.01512
7   -98.38382   35.23005
8   -22.01637   95.28052
9   124.32894   20.38908
10  -11.83849   -2.55780
11 -151.87166 -138.71629
12  158.11674  -15.06907
13  120.95579  -55.67022
14 -127.08469  -50.93658
15  118.83686 -105.01914
16   -1.55030 -139.34739
17   90.67639 -163.82973
18  -85.68987 -161.80916
19  -13.64619  154.17258
48   48.70244  -83.66148
30   46.14640  191.99792

$angs
 [1] -1.0418667 -1.3741378  0.2144613  3.0701404  3.5216810 -0.2281905
 [7] -0.6741118 -0.2263586  4.0556520  3.6495984  2.6047957  4.4267858
[13]  4.3122226 -1.1742905  4.3695633  1.5886854  0.6010150  2.4845689
[19]  0.0308716  4.0704414  2.6556810

$cegs
 [1] 3 3 3 2 2 3 3 3 2 2 1 2 2 3 2 1 1 1 3 2 2

$stdflag
[1] "none"

[1] "19 galaxy probes and 2 standard probes are in! Let's put some standard guide probes!"
            x          y
96 -174.81138 -111.00016
93 -202.39683   -1.86786
75  -84.54116 -121.05897
99  -17.25462 -115.44015
95 -100.59999   -0.14743
89  -52.27284  -79.03305
            x         y
77  -43.58350 187.35159
88 -156.92610  60.21896
79   -4.40364 167.13287
84 -117.77671 112.69559
73  -40.93724 117.34404
72  -12.53731  53.93124
           x        y
101 57.55399 51.48966
           x         y
97 180.72391 -34.43010
74 181.05033  -3.03922
76 107.82524 -71.04944
91  91.64301 -71.54750
[1] "Identifying clashes with target and/or standard probes"
[1] "Identifying conflict with other guide probes."
[1] "Minimizing conflicts with guide probe(s):"
[1] "1"
[1] "Identifying clashes with target and/or standard probes"
[1] "Identifying conflict with other guide probes."
[1] "Identifying clashes with target and/or standard probes"
[1] "Identifying conflict with other guide probes."
[1] "Identifying clashes with target and/or standard probes"
[1] "Identifying conflict with other guide probes."
[1] "Identifying clashes with target and/or standard probes"
[1] "Identifying conflict with other guide probes."
[1] "Identifying clashes with target and/or standard probes"
[1] "Identifying conflict with other guide probes."
[1] "Identifying clashes with target and/or standard probes"
[1] "Identifying conflict with other guide probes."
[1] "Identifying clashes with target and/or standard probes"
[1] "Identifying conflict with other guide probes."
[1] "Identifying clashes with target and/or standard probes"
[1] "Identifying conflict with other guide probes."
[1] "Minimizing conflicts with guide probe(s):"
[1] "2"
[1] "Identifying clashes with target and/or standard probes"
[1] "Identifying conflict with other guide probes."
[1] "Identifying clashes with target and/or standard probes"
[1] "Identifying conflict with other guide probes."
[1] "Identifying clashes with target and/or standard probes"
[1] "Identifying conflict with other guide probes."
[1] "Minimizing conflicts with guide probe(s):"
[1] "3"
[1] "Identifying clashes with target and/or standard probes"
[1] "Identifying conflict with other guide probes."
[1] "Identifying clashes with target and/or standard probes"
[1] "Identifying conflict with other guide probes."
[1] "Identifying clashes with target and/or standard probes"
[1] "Identifying conflict with other guide probes."
[1] "Identifying clashes with target and/or standard probes"
[1] "Identifying conflict with other guide probes."
[1] "Identifying clashes with target and/or standard probes"
[1] "Identifying conflict with other guide probes."
[1] "Here you go, here's your complete configuration!"
$pos
            x          y
1   -17.95433 -191.14625
2  -169.52293  -18.49799
3   -59.71225  138.22366
4    60.98553  122.64362
5   124.10350   84.38743
6  -113.49458   94.01512
7   -98.38382   35.23005
8   -22.01637   95.28052
9   124.32894   20.38908
10  -11.83849   -2.55780
11 -151.87166 -138.71629
12  158.11674  -15.06907
13  120.95579  -55.67022
14 -127.08469  -50.93658
15  118.83686 -105.01914
16   -1.55030 -139.34739
17   90.67639 -163.82973
18  -85.68987 -161.80916
19  -13.64619  154.17258
48   48.70244  -83.66148
30   46.14640  191.99792

$rads
 [1] 191.98762 170.52917 150.57003 136.96968 150.07637 147.37660 104.50135
 [8]  97.79109 125.98968  12.11165 205.68717 158.83318 133.15208 136.91258
[15] 158.59136 139.35601 187.24953 183.09822 154.77533  96.80481 197.46567

$angs
 [1] -1.0418667 -1.3741378  0.2144613  3.0701404  3.5216810 -0.2281905
 [7] -0.6741118 -0.2263586  4.0556520  3.6495984  2.6047957  4.4267858
[13]  4.3122226 -1.1742905  4.3695633  1.5886854  0.6010150  2.4845689
[19]  0.0308716  4.0704414  2.6556810

$azAngs
 [1]  1.4771413  0.1086879 -1.1630139  4.2509373  3.7387531 -0.6917999
 [7] -0.3438618 -1.3437129  3.3041388  0.2127872  0.7401575  3.0465762
[13]  2.7102454  0.3812029  2.4178422  1.5596714  2.0763070  1.0837706
[19] -1.4825140  2.0979777  4.4765146

$angs_azAng
 [1] 3.76417726 4.80035955 1.37747520 5.10238841 6.06611321 0.46360941
 [7] 5.95293532 1.11735428 0.75151315 3.43681128 1.86463824 1.38020966
[13] 1.60197714 4.72769194 1.95172106 0.02901404 4.80789337 1.40079821
[19] 1.51338556 1.97246369 4.46235177

$guidenum
[1] 1 2 3 4 5 6

$gpos
             x          y
96  -174.81138 -111.00016
77   -43.58350  187.35159
101   57.55399   51.48966
97   180.72391  -34.43010
93  -202.39683   -1.86786
88  -156.92610   60.21896

$grads
[1] 207.07500 192.35420  77.22465 183.97436 202.40545 168.08368

$gangs
[1] 2.7146437 0.2532397 3.7730652 4.6110093 4.6543432 2.0723126

$gazAngs
[1]  0.56573738 -1.34223202  3.87143426  2.95333645  0.00922844 -0.36641180

$gangs_gazAng
[1] 2.148906 1.595472 6.184816 1.657673 4.645115 2.438724

$swaps
[1] FALSE

$flags
[1] "none"

[1] "There were  0  unresolvable conflicts in the field"
[1] "********************************************"
[1] "Writing outputs to results/TilingOutputs/350_m20_equally_spaced/Configuration/HECTORConfig_Hexa_350_m20_comissioning_000.txt"
[1] "********************************************"

