2021-06-11 17:28:49,673: - [1] "********************************************"
[1] "Configuring field results/TilingOutputs/240_m20_equally_spaced/DistortionCorrected/DC_tile_000.fld"
[1] "********************************************"
[1] "Identifying initial conflicts"
  Probe_1st Probe_2nd PercentArea
1         5        11         5.6
2         8        15        15.3
3         9        12        12.2
4         9        13         0.1
5        16        18         4.3
[1] "Minimizing the overlaping area by rotating probes"
[1] "Wrapping around MinimizeConflicts"
[1] "Starting (again) with delta_ang = 20"
[1] "19 galaxy probes are in! Let's put some standard stars probes!"
[1] "Adding some standards."
[1] "standard 1 configured successfully."
[1] "standard 2 configured successfully."
$pos
            x          y
1   -20.76382   -3.86111
2   143.14596 -132.61616
3    30.87609   68.49669
4   117.77234  118.65667
5  -111.85904  133.06052
6    58.91393   -5.51562
7   -65.02296  -72.10557
8  -156.25901   -8.07707
9    14.29208 -146.32941
10  158.05935   68.80573
11 -132.37012   66.21527
12   37.45473  -79.70756
13   18.76845 -198.60140
14 -109.16565 -125.03426
15 -143.44904  -73.65648
16  167.32105    0.35639
17   27.04323  185.31987
18  167.82647  -63.27512
19   14.39212  124.60496
73  -38.00976 -121.67880
30   81.99992   83.62509

$angs
 [1] -0.58888250  0.57803808 -0.19392950  3.15843062  0.23273479  3.85546980
 [7] -0.95600349 -1.06330163  1.33772373  1.07865061 -0.52302438  1.49175490
[13]  3.88303409  2.39519748 -1.01023654  4.48465205  0.31391214  4.35981067
[19]  0.05517571  1.92020028  3.35124645

$cegs
 [1] 3 1 3 2 3 2 3 3 1 1 3 1 2 1 3 2 3 2 3 1 2

$stdflag
[1] "none"

[1] "19 galaxy probes and 2 standard probes are in! Let's put some standard guide probes!"
             x          y
119  -94.22439 -172.15922
108  -77.51516 -179.31739
131 -139.57200  -95.33471
118 -116.59319  -77.23759
115  -87.64446 -106.72899
99    -6.60611  -84.94810
             x         y
117 -112.05125 161.40685
126  -99.55477 142.44529
136 -128.02641 109.73213
100  -81.96915 110.61723
97   -96.65388  93.44776
127  -58.09070  43.50692
129   -3.91780  56.94608
            x         y
105  56.94084 206.25943
109  36.25804 210.86621
137  47.12339 179.12578
135  91.61935 131.41170
106  73.94508 100.70559
113  52.29062  96.96882
124  64.21932  81.84744
123 102.31702   3.25232
93   28.24416  93.43997
            x          y
141 186.22585  -75.19914
139  51.67113 -189.02925
138 145.54493 -112.09324
95  123.20377 -118.84209
116 159.52328  -24.89519
128 108.54618 -103.68509
125  87.33829 -112.43829
134  64.56682 -114.76493
140  58.94465  -91.83222
101  99.69229  -10.82189
[1] "Identifying clashes with target and/or standard probes"
[1] "Identifying conflict with other guide probes."
[1] "Identifying clashes with target and/or standard probes"
[1] "Identifying conflict with other guide probes."
[1] "Minimizing conflicts with guide probe(s):"
[1] "2"
[1] "Identifying clashes with target and/or standard probes"
[1] "Identifying conflict with other guide probes."
[1] "Identifying clashes with target and/or standard probes"
[1] "Identifying conflict with other guide probes."
[1] "Identifying clashes with target and/or standard probes"
[1] "Identifying conflict with other guide probes."
[1] "Identifying clashes with target and/or standard probes"
[1] "Identifying conflict with other guide probes."
[1] "Identifying clashes with target and/or standard probes"
[1] "Identifying conflict with other guide probes."
[1] "Identifying clashes with target and/or standard probes"
[1] "Identifying conflict with other guide probes."
[1] "Identifying clashes with target and/or standard probes"
[1] "Identifying conflict with other guide probes."
[1] "Identifying clashes with target and/or standard probes"
[1] "Identifying conflict with other guide probes."
[1] "Identifying clashes with target and/or standard probes"
[1] "Identifying conflict with other guide probes."
[1] "Identifying clashes with target and/or standard probes"
[1] "Identifying conflict with other guide probes."
[1] "Identifying clashes with target and/or standard probes"
[1] "Identifying conflict with other guide probes."
[1] "Identifying clashes with target and/or standard probes"
[1] "Identifying conflict with other guide probes."
[1] "Identifying clashes with target and/or standard probes"
[1] "Identifying conflict with other guide probes."
[1] "Identifying clashes with target and/or standard probes"
[1] "Identifying conflict with other guide probes."
[1] "Identifying clashes with target and/or standard probes"
[1] "Identifying conflict with other guide probes."
[1] "Identifying clashes with target and/or standard probes"
[1] "Identifying conflict with other guide probes."
[1] "Identifying clashes with target and/or standard probes"
[1] "Identifying conflict with other guide probes."
[1] "Identifying clashes with target and/or standard probes"
[1] "Identifying conflict with other guide probes."
[1] "Identifying clashes with target and/or standard probes"
[1] "Identifying conflict with other guide probes."
[1] "Identifying clashes with target and/or standard probes"
[1] "Identifying conflict with other guide probes."
[1] "Identifying clashes with target and/or standard probes"
[1] "Identifying conflict with other guide probes."
[1] "Identifying clashes with target and/or standard probes"
[1] "Identifying conflict with other guide probes."
[1] "Identifying clashes with target and/or standard probes"
[1] "Identifying conflict with other guide probes."
[1] "Identifying clashes with target and/or standard probes"
[1] "Identifying conflict with other guide probes."
[1] "Identifying clashes with target and/or standard probes"
[1] "Identifying conflict with other guide probes."
[1] "Identifying clashes with target and/or standard probes"
[1] "Identifying conflict with other guide probes."
[1] "Identifying clashes with target and/or standard probes"
[1] "Identifying conflict with other guide probes."
[1] "Identifying clashes with target and/or standard probes"
[1] "Identifying conflict with other guide probes."
[1] "Identifying clashes with target and/or standard probes"
[1] "Identifying conflict with other guide probes."
[1] "Identifying clashes with target and/or standard probes"
[1] "Identifying conflict with other guide probes."
[1] "Identifying clashes with target and/or standard probes"
[1] "Identifying conflict with other guide probes."
[1] "Identifying clashes with target and/or standard probes"
[1] "Identifying conflict with other guide probes."
[1] "Identifying clashes with target and/or standard probes"
[1] "Identifying conflict with other guide probes."
[1] "Identifying clashes with target and/or standard probes"
[1] "Identifying conflict with other guide probes."
[1] "Identifying clashes with target and/or standard probes"
[1] "Identifying conflict with other guide probes."
[1] "Identifying clashes with target and/or standard probes"
[1] "Identifying conflict with other guide probes."
[1] "Identifying clashes with target and/or standard probes"
[1] "Identifying conflict with other guide probes."
[1] "Identifying clashes with target and/or standard probes"
[1] "Identifying conflict with other guide probes."
[1] "Identifying clashes with target and/or standard probes"
[1] "Identifying conflict with other guide probes."
[1] "Identifying clashes with target and/or standard probes"
[1] "Identifying conflict with other guide probes."
[1] "Identifying clashes with target and/or standard probes"
[1] "Identifying conflict with other guide probes."
[1] "Identifying clashes with target and/or standard probes"
[1] "Identifying conflict with other guide probes."
[1] "Identifying clashes with target and/or standard probes"
[1] "Identifying conflict with other guide probes."
[1] "Identifying clashes with target and/or standard probes"
[1] "Identifying conflict with other guide probes."
[1] "Identifying clashes with target and/or standard probes"
[1] "Identifying conflict with other guide probes."
[1] "Identifying clashes with target and/or standard probes"
[1] "Identifying conflict with other guide probes."
[1] "Identifying clashes with target and/or standard probes"
[1] "Identifying conflict with other guide probes."
[1] "Identifying clashes with target and/or standard probes"
[1] "Identifying conflict with other guide probes."
[1] "Identifying clashes with target and/or standard probes"
[1] "Identifying conflict with other guide probes."
[1] "Identifying clashes with target and/or standard probes"
[1] "Identifying conflict with other guide probes."
[1] "Could not configure this guide probe. Will try the next one in the list."
[1] "Identifying clashes with target and/or standard probes"
[1] "Identifying conflict with other guide probes."
[1] "Identifying clashes with target and/or standard probes"
[1] "Identifying conflict with other guide probes."
[1] "Identifying clashes with target and/or standard probes"
[1] "Identifying conflict with other guide probes."
[1] "Minimizing conflicts with guide probe(s):"
[1] "3"
[1] "Identifying clashes with target and/or standard probes"
[1] "Identifying conflict with other guide probes."
[1] "Identifying clashes with target and/or standard probes"
[1] "Identifying conflict with other guide probes."
[1] "Identifying clashes with target and/or standard probes"
[1] "Identifying conflict with other guide probes."
[1] "Identifying clashes with target and/or standard probes"
[1] "Identifying conflict with other guide probes."
[1] "Identifying clashes with target and/or standard probes"
[1] "Identifying conflict with other guide probes."
[1] "Identifying clashes with target and/or standard probes"
[1] "Identifying conflict with other guide probes."
[1] "Identifying clashes with target and/or standard probes"
[1] "Identifying conflict with other guide probes."
[1] "Identifying clashes with target and/or standard probes"
[1] "Identifying conflict with other guide probes."
[1] "Identifying clashes with target and/or standard probes"
[1] "Identifying conflict with other guide probes."
[1] "Identifying clashes with target and/or standard probes"
[1] "Identifying conflict with other guide probes."
[1] "Identifying clashes with target and/or standard probes"
[1] "Identifying conflict with other guide probes."
[1] "Identifying clashes with target and/or standard probes"
[1] "Identifying conflict with other guide probes."
[1] "Identifying clashes with target and/or standard probes"
[1] "Identifying conflict with other guide probes."
[1] "Identifying clashes with target and/or standard probes"
[1] "Identifying conflict with other guide probes."
[1] "Identifying clashes with target and/or standard probes"
[1] "Identifying conflict with other guide probes."
[1] "Identifying clashes with target and/or standard probes"
[1] "Identifying conflict with other guide probes."
[1] "Identifying clashes with target and/or standard probes"
[1] "Identifying conflict with other guide probes."
[1] "Identifying clashes with target and/or standard probes"
[1] "Identifying conflict with other guide probes."
[1] "Identifying clashes with target and/or standard probes"
[1] "Identifying conflict with other guide probes."
[1] "Identifying clashes with target and/or standard probes"
[1] "Identifying conflict with other guide probes."
[1] "Identifying clashes with target and/or standard probes"
[1] "Identifying conflict with other guide probes."
[1] "Identifying clashes with target and/or standard probes"
[1] "Identifying conflict with other guide probes."
[1] "Identifying clashes with target and/or standard probes"
[1] "Identifying conflict with other guide probes."
[1] "Identifying clashes with target and/or standard probes"
[1] "Identifying conflict with other guide probes."
[1] "Identifying clashes with target and/or standard probes"
[1] "Identifying conflict with other guide probes."
[1] "Identifying clashes with target and/or standard probes"
[1] "Identifying conflict with other guide probes."
[1] "Identifying clashes with target and/or standard probes"
[1] "Identifying conflict with other guide probes."
[1] "Identifying clashes with target and/or standard probes"
[1] "Identifying conflict with other guide probes."
[1] "Identifying clashes with target and/or standard probes"
[1] "Identifying conflict with other guide probes."
[1] "Identifying clashes with target and/or standard probes"
[1] "Identifying conflict with other guide probes."
[1] "Identifying clashes with target and/or standard probes"
[1] "Identifying conflict with other guide probes."
[1] "Identifying clashes with target and/or standard probes"
[1] "Identifying conflict with other guide probes."
[1] "Identifying clashes with target and/or standard probes"
[1] "Identifying conflict with other guide probes."
[1] "Identifying clashes with target and/or standard probes"
[1] "Identifying conflict with other guide probes."
[1] "Identifying clashes with target and/or standard probes"
[1] "Identifying conflict with other guide probes."
[1] "Identifying clashes with target and/or standard probes"
[1] "Identifying conflict with other guide probes."
[1] "Identifying clashes with target and/or standard probes"
[1] "Identifying conflict with other guide probes."
[1] "Identifying clashes with target and/or standard probes"
[1] "Identifying conflict with other guide probes."
[1] "Identifying clashes with target and/or standard probes"
[1] "Identifying conflict with other guide probes."
[1] "Identifying clashes with target and/or standard probes"
[1] "Identifying conflict with other guide probes."
[1] "Identifying clashes with target and/or standard probes"
[1] "Identifying conflict with other guide probes."
[1] "Identifying clashes with target and/or standard probes"
[1] "Identifying conflict with other guide probes."
[1] "Identifying clashes with target and/or standard probes"
[1] "Identifying conflict with other guide probes."
[1] "Identifying clashes with target and/or standard probes"
[1] "Identifying conflict with other guide probes."
[1] "Identifying clashes with target and/or standard probes"
[1] "Identifying conflict with other guide probes."
[1] "Identifying clashes with target and/or standard probes"
[1] "Identifying conflict with other guide probes."
[1] "Identifying clashes with target and/or standard probes"
[1] "Identifying conflict with other guide probes."
[1] "Identifying clashes with target and/or standard probes"
[1] "Identifying conflict with other guide probes."
[1] "Identifying clashes with target and/or standard probes"
[1] "Identifying conflict with other guide probes."
[1] "Identifying clashes with target and/or standard probes"
[1] "Identifying conflict with other guide probes."
[1] "Could not configure this guide probe. Will try the next one in the list."
[1] "Identifying clashes with target and/or standard probes"
[1] "Identifying conflict with other guide probes."
[1] "Identifying clashes with target and/or standard probes"
[1] "Identifying conflict with other guide probes."
[1] "Minimizing conflicts with guide probe(s):"
[1] "3" "1"
[1] "Identifying clashes with target and/or standard probes"
[1] "Identifying conflict with other guide probes."
[1] "Identifying clashes with target and/or standard probes"
[1] "Identifying conflict with other guide probes."
[1] "Identifying clashes with target and/or standard probes"
[1] "Identifying conflict with other guide probes."
[1] "Identifying clashes with target and/or standard probes"
[1] "Identifying conflict with other guide probes."
[1] "Identifying clashes with target and/or standard probes"
[1] "Identifying conflict with other guide probes."
[1] "Identifying clashes with target and/or standard probes"
[1] "Identifying conflict with other guide probes."
[1] "Identifying clashes with target and/or standard probes"
[1] "Identifying conflict with other guide probes."
[1] "Identifying clashes with target and/or standard probes"
[1] "Identifying conflict with other guide probes."
[1] "Identifying clashes with target and/or standard probes"
[1] "Identifying conflict with other guide probes."
[1] "Identifying clashes with target and/or standard probes"
[1] "Identifying conflict with other guide probes."
[1] "Identifying clashes with target and/or standard probes"
[1] "Identifying conflict with other guide probes."
[1] "Identifying clashes with target and/or standard probes"
[1] "Identifying conflict with other guide probes."
[1] "Identifying clashes with target and/or standard probes"
[1] "Identifying conflict with other guide probes."
[1] "Identifying clashes with target and/or standard probes"
[1] "Identifying conflict with other guide probes."
[1] "Identifying clashes with target and/or standard probes"
[1] "Identifying conflict with other guide probes."
[1] "Identifying clashes with target and/or standard probes"
[1] "Identifying conflict with other guide probes."
[1] "Identifying clashes with target and/or standard probes"
[1] "Identifying conflict with other guide probes."
[1] "Identifying clashes with target and/or standard probes"
[1] "Identifying conflict with other guide probes."
[1] "Identifying clashes with target and/or standard probes"
[1] "Identifying conflict with other guide probes."
[1] "Identifying clashes with target and/or standard probes"
[1] "Identifying conflict with other guide probes."
[1] "Identifying clashes with target and/or standard probes"
[1] "Identifying conflict with other guide probes."
[1] "Identifying clashes with target and/or standard probes"
[1] "Identifying conflict with other guide probes."
[1] "Identifying clashes with target and/or standard probes"
[1] "Identifying conflict with other guide probes."
[1] "Identifying clashes with target and/or standard probes"
[1] "Identifying conflict with other guide probes."
[1] "Identifying clashes with target and/or standard probes"
[1] "Identifying conflict with other guide probes."
[1] "Identifying clashes with target and/or standard probes"
[1] "Identifying conflict with other guide probes."
[1] "Identifying clashes with target and/or standard probes"
[1] "Identifying conflict with other guide probes."
[1] "Identifying clashes with target and/or standard probes"
[1] "Identifying conflict with other guide probes."
[1] "Identifying clashes with target and/or standard probes"
[1] "Identifying conflict with other guide probes."
[1] "Identifying clashes with target and/or standard probes"
[1] "Identifying conflict with other guide probes."
[1] "Identifying clashes with target and/or standard probes"
[1] "Identifying conflict with other guide probes."
[1] "Identifying clashes with target and/or standard probes"
[1] "Identifying conflict with other guide probes."
[1] "Identifying clashes with target and/or standard probes"
[1] "Identifying conflict with other guide probes."
[1] "Identifying clashes with target and/or standard probes"
[1] "Identifying conflict with other guide probes."
[1] "Identifying clashes with target and/or standard probes"
[1] "Identifying conflict with other guide probes."
[1] "Identifying clashes with target and/or standard probes"
[1] "Identifying conflict with other guide probes."
[1] "Identifying clashes with target and/or standard probes"
[1] "Identifying conflict with other guide probes."
[1] "Identifying clashes with target and/or standard probes"
[1] "Identifying conflict with other guide probes."
[1] "Identifying clashes with target and/or standard probes"
[1] "Identifying conflict with other guide probes."
[1] "Identifying clashes with target and/or standard probes"
[1] "Identifying conflict with other guide probes."
[1] "Identifying clashes with target and/or standard probes"
[1] "Identifying conflict with other guide probes."
[1] "Identifying clashes with target and/or standard probes"
[1] "Identifying conflict with other guide probes."
[1] "Identifying clashes with target and/or standard probes"
[1] "Identifying conflict with other guide probes."
[1] "Identifying clashes with target and/or standard probes"
[1] "Identifying conflict with other guide probes."
[1] "Identifying clashes with target and/or standard probes"
[1] "Identifying conflict with other guide probes."
[1] "Identifying clashes with target and/or standard probes"
[1] "Identifying conflict with other guide probes."
[1] "Identifying clashes with target and/or standard probes"
[1] "Identifying conflict with other guide probes."
[1] "Identifying clashes with target and/or standard probes"
[1] "Identifying conflict with other guide probes."
[1] "Identifying clashes with target and/or standard probes"
[1] "Identifying conflict with other guide probes."
[1] "Identifying clashes with target and/or standard probes"
[1] "Identifying conflict with other guide probes."
[1] "Identifying clashes with target and/or standard probes"
[1] "Identifying conflict with other guide probes."
[1] "Identifying clashes with target and/or standard probes"
[1] "Identifying conflict with other guide probes."
[1] "Identifying clashes with target and/or standard probes"
[1] "Identifying conflict with other guide probes."
[1] "Identifying clashes with target and/or standard probes"
[1] "Identifying conflict with other guide probes."
[1] "Identifying clashes with target and/or standard probes"
[1] "Identifying conflict with other guide probes."
[1] "Identifying clashes with target and/or standard probes"
[1] "Identifying conflict with other guide probes."
[1] "Identifying clashes with target and/or standard probes"
[1] "Identifying conflict with other guide probes."
[1] "Identifying clashes with target and/or standard probes"
[1] "Identifying conflict with other guide probes."
[1] "Identifying clashes with target and/or standard probes"
[1] "Identifying conflict with other guide probes."
[1] "Identifying clashes with target and/or standard probes"
[1] "Identifying conflict with other guide probes."
[1] "Identifying clashes with target and/or standard probes"
[1] "Identifying conflict with other guide probes."
[1] "Identifying clashes with target and/or standard probes"
[1] "Identifying conflict with other guide probes."
[1] "Identifying clashes with target and/or standard probes"
[1] "Identifying conflict with other guide probes."
[1] "Identifying clashes with target and/or standard probes"
[1] "Identifying conflict with other guide probes."
[1] "Identifying clashes with target and/or standard probes"
[1] "Identifying conflict with other guide probes."
[1] "Identifying clashes with target and/or standard probes"
[1] "Identifying conflict with other guide probes."
[1] "Identifying clashes with target and/or standard probes"
[1] "Identifying conflict with other guide probes."
[1] "Identifying clashes with target and/or standard probes"
[1] "Identifying conflict with other guide probes."
[1] "Identifying clashes with target and/or standard probes"
[1] "Identifying conflict with other guide probes."
[1] "Identifying clashes with target and/or standard probes"
[1] "Identifying conflict with other guide probes."
[1] "Identifying clashes with target and/or standard probes"
[1] "Identifying conflict with other guide probes."
[1] "Identifying clashes with target and/or standard probes"
[1] "Identifying conflict with other guide probes."
[1] "Identifying clashes with target and/or standard probes"
[1] "Identifying conflict with other guide probes."
[1] "Identifying clashes with target and/or standard probes"
[1] "Identifying conflict with other guide probes."
[1] "Identifying clashes with target and/or standard probes"
[1] "Identifying conflict with other guide probes."
[1] "Identifying clashes with target and/or standard probes"
[1] "Identifying conflict with other guide probes."
[1] "Identifying clashes with target and/or standard probes"
[1] "Identifying conflict with other guide probes."
[1] "Identifying clashes with target and/or standard probes"
[1] "Identifying conflict with other guide probes."
[1] "Identifying clashes with target and/or standard probes"
[1] "Identifying conflict with other guide probes."
[1] "Identifying clashes with target and/or standard probes"
[1] "Identifying conflict with other guide probes."
[1] "Identifying clashes with target and/or standard probes"
[1] "Identifying conflict with other guide probes."
[1] "Identifying clashes with target and/or standard probes"
[1] "Identifying conflict with other guide probes."
[1] "Identifying clashes with target and/or standard probes"
[1] "Identifying conflict with other guide probes."
[1] "Identifying clashes with target and/or standard probes"
[1] "Identifying conflict with other guide probes."
[1] "Identifying clashes with target and/or standard probes"
[1] "Identifying conflict with other guide probes."
[1] "Identifying clashes with target and/or standard probes"
[1] "Identifying conflict with other guide probes."
[1] "Identifying clashes with target and/or standard probes"
[1] "Identifying conflict with other guide probes."
[1] "Identifying clashes with target and/or standard probes"
[1] "Identifying conflict with other guide probes."
[1] "Identifying clashes with target and/or standard probes"
[1] "Identifying conflict with other guide probes."
[1] "Identifying clashes with target and/or standard probes"
[1] "Identifying conflict with other guide probes."
[1] "Identifying clashes with target and/or standard probes"
[1] "Identifying conflict with other guide probes."
[1] "Identifying clashes with target and/or standard probes"
[1] "Identifying conflict with other guide probes."
[1] "Identifying clashes with target and/or standard probes"
[1] "Identifying conflict with other guide probes."
[1] "Identifying clashes with target and/or standard probes"
[1] "Identifying conflict with other guide probes."
[1] "Identifying clashes with target and/or standard probes"
[1] "Identifying conflict with other guide probes."
[1] "Identifying clashes with target and/or standard probes"
[1] "Identifying conflict with other guide probes."
[1] "Identifying clashes with target and/or standard probes"
[1] "Identifying conflict with other guide probes."
[1] "Identifying clashes with target and/or standard probes"
[1] "Identifying conflict with other guide probes."
[1] "Identifying clashes with target and/or standard probes"
[1] "Identifying conflict with other guide probes."
[1] "Identifying clashes with target and/or standard probes"
[1] "Identifying conflict with other guide probes."
[1] "Could not configure this guide probe. Will try the next one in the list."
[1] "Identifying clashes with target and/or standard probes"
[1] "Identifying conflict with other guide probes."
[1] "Identifying clashes with target and/or standard probes"
[1] "Identifying conflict with other guide probes."
[1] "Minimizing conflicts with guide probe(s):"
[1] "3"
[1] "Identifying clashes with target and/or standard probes"
[1] "Identifying conflict with other guide probes."
[1] "Identifying clashes with target and/or standard probes"
[1] "Identifying conflict with other guide probes."
[1] "Identifying clashes with target and/or standard probes"
[1] "Identifying conflict with other guide probes."
[1] "Identifying clashes with target and/or standard probes"
[1] "Identifying conflict with other guide probes."
[1] "Identifying clashes with target and/or standard probes"
[1] "Identifying conflict with other guide probes."
[1] "Identifying clashes with target and/or standard probes"
[1] "Identifying conflict with other guide probes."
[1] "Identifying clashes with target and/or standard probes"
[1] "Identifying conflict with other guide probes."
[1] "Identifying clashes with target and/or standard probes"
[1] "Identifying conflict with other guide probes."
[1] "Identifying clashes with target and/or standard probes"
[1] "Identifying conflict with other guide probes."
[1] "Identifying clashes with target and/or standard probes"
[1] "Identifying conflict with other guide probes."
[1] "Identifying clashes with target and/or standard probes"
[1] "Identifying conflict with other guide probes."
[1] "Identifying clashes with target and/or standard probes"
[1] "Identifying conflict with other guide probes."
[1] "Identifying clashes with target and/or standard probes"
[1] "Identifying conflict with other guide probes."
[1] "Identifying clashes with target and/or standard probes"
[1] "Identifying conflict with other guide probes."
[1] "Identifying clashes with target and/or standard probes"
[1] "Identifying conflict with other guide probes."
[1] "Identifying clashes with target and/or standard probes"
[1] "Identifying conflict with other guide probes."
[1] "Identifying clashes with target and/or standard probes"
[1] "Identifying conflict with other guide probes."
[1] "Identifying clashes with target and/or standard probes"
[1] "Identifying conflict with other guide probes."
[1] "Identifying clashes with target and/or standard probes"
[1] "Identifying conflict with other guide probes."
[1] "Identifying clashes with target and/or standard probes"
[1] "Identifying conflict with other guide probes."
[1] "Identifying clashes with target and/or standard probes"
[1] "Identifying conflict with other guide probes."
[1] "Identifying clashes with target and/or standard probes"
[1] "Identifying conflict with other guide probes."
[1] "Identifying clashes with target and/or standard probes"
[1] "Identifying conflict with other guide probes."
[1] "Identifying clashes with target and/or standard probes"
[1] "Identifying conflict with other guide probes."
[1] "Identifying clashes with target and/or standard probes"
[1] "Identifying conflict with other guide probes."
[1] "Identifying clashes with target and/or standard probes"
[1] "Identifying conflict with other guide probes."
[1] "Identifying clashes with target and/or standard probes"
[1] "Identifying conflict with other guide probes."
[1] "Identifying clashes with target and/or standard probes"
[1] "Identifying conflict with other guide probes."
[1] "Identifying clashes with target and/or standard probes"
[1] "Identifying conflict with other guide probes."
[1] "Identifying clashes with target and/or standard probes"
[1] "Identifying conflict with other guide probes."
[1] "Identifying clashes with target and/or standard probes"
[1] "Identifying conflict with other guide probes."
[1] "Identifying clashes with target and/or standard probes"
[1] "Identifying conflict with other guide probes."
[1] "Identifying clashes with target and/or standard probes"
[1] "Identifying conflict with other guide probes."
[1] "Identifying clashes with target and/or standard probes"
[1] "Identifying conflict with other guide probes."
[1] "Identifying clashes with target and/or standard probes"
[1] "Identifying conflict with other guide probes."
[1] "Identifying clashes with target and/or standard probes"
[1] "Identifying conflict with other guide probes."
[1] "Identifying clashes with target and/or standard probes"
[1] "Identifying conflict with other guide probes."
[1] "Identifying clashes with target and/or standard probes"
[1] "Identifying conflict with other guide probes."
[1] "Identifying clashes with target and/or standard probes"
[1] "Identifying conflict with other guide probes."
[1] "Identifying clashes with target and/or standard probes"
[1] "Identifying conflict with other guide probes."
[1] "Identifying clashes with target and/or standard probes"
[1] "Identifying conflict with other guide probes."
[1] "Identifying clashes with target and/or standard probes"
[1] "Identifying conflict with other guide probes."
[1] "Identifying clashes with target and/or standard probes"
[1] "Identifying conflict with other guide probes."
[1] "Identifying clashes with target and/or standard probes"
[1] "Identifying conflict with other guide probes."
[1] "Identifying clashes with target and/or standard probes"
[1] "Identifying conflict with other guide probes."
[1] "Identifying clashes with target and/or standard probes"
[1] "Identifying conflict with other guide probes."
[1] "Identifying clashes with target and/or standard probes"
[1] "Identifying conflict with other guide probes."
[1] "Identifying clashes with target and/or standard probes"
[1] "Identifying conflict with other guide probes."
[1] "Identifying clashes with target and/or standard probes"
[1] "Identifying conflict with other guide probes."
[1] "Identifying clashes with target and/or standard probes"
[1] "Identifying conflict with other guide probes."
[1] "Could not configure this guide probe. Will try the next one in the list."
[1] "Identifying clashes with target and/or standard probes"
[1] "Identifying conflict with other guide probes."
[1] "Identifying clashes with target and/or standard probes"
[1] "Identifying conflict with other guide probes."
[1] "Identifying clashes with target and/or standard probes"
[1] "Identifying conflict with other guide probes."
[1] "Minimizing conflicts with guide probe(s):"
[1] "4"
[1] "Identifying clashes with target and/or standard probes"
[1] "Identifying conflict with other guide probes."
[1] "Identifying clashes with target and/or standard probes"
[1] "Identifying conflict with other guide probes."
[1] "Identifying clashes with target and/or standard probes"
[1] "Identifying conflict with other guide probes."
[1] "Identifying clashes with target and/or standard probes"
[1] "Identifying conflict with other guide probes."
[1] "Identifying clashes with target and/or standard probes"
[1] "Identifying conflict with other guide probes."
[1] "Identifying clashes with target and/or standard probes"
[1] "Identifying conflict with other guide probes."
[1] "Identifying clashes with target and/or standard probes"
[1] "Identifying conflict with other guide probes."
[1] "Identifying clashes with target and/or standard probes"
[1] "Identifying conflict with other guide probes."
[1] "Identifying clashes with target and/or standard probes"
[1] "Identifying conflict with other guide probes."
[1] "Identifying clashes with target and/or standard probes"
[1] "Identifying conflict with other guide probes."
[1] "Identifying clashes with target and/or standard probes"
[1] "Identifying conflict with other guide probes."
[1] "Identifying clashes with target and/or standard probes"
[1] "Identifying conflict with other guide probes."
[1] "Identifying clashes with target and/or standard probes"
[1] "Identifying conflict with other guide probes."
[1] "Identifying clashes with target and/or standard probes"
[1] "Identifying conflict with other guide probes."
[1] "Identifying clashes with target and/or standard probes"
[1] "Identifying conflict with other guide probes."
[1] "Identifying clashes with target and/or standard probes"
[1] "Identifying conflict with other guide probes."
[1] "Identifying clashes with target and/or standard probes"
[1] "Identifying conflict with other guide probes."
[1] "Identifying clashes with target and/or standard probes"
[1] "Identifying conflict with other guide probes."
[1] "Identifying clashes with target and/or standard probes"
[1] "Identifying conflict with other guide probes."
[1] "Identifying clashes with target and/or standard probes"
[1] "Identifying conflict with other guide probes."
[1] "Identifying clashes with target and/or standard probes"
[1] "Identifying conflict with other guide probes."
[1] "Identifying clashes with target and/or standard probes"
[1] "Identifying conflict with other guide probes."
[1] "Identifying clashes with target and/or standard probes"
[1] "Identifying conflict with other guide probes."
[1] "Identifying clashes with target and/or standard probes"
[1] "Identifying conflict with other guide probes."
[1] "Identifying clashes with target and/or standard probes"
[1] "Identifying conflict with other guide probes."
[1] "Identifying clashes with target and/or standard probes"
[1] "Identifying conflict with other guide probes."
[1] "Identifying clashes with target and/or standard probes"
[1] "Identifying conflict with other guide probes."
[1] "Identifying clashes with target and/or standard probes"
[1] "Identifying conflict with other guide probes."
[1] "Identifying clashes with target and/or standard probes"
[1] "Identifying conflict with other guide probes."
[1] "Identifying clashes with target and/or standard probes"
[1] "Identifying conflict with other guide probes."
[1] "Identifying clashes with target and/or standard probes"
[1] "Identifying conflict with other guide probes."
[1] "Identifying clashes with target and/or standard probes"
[1] "Identifying conflict with other guide probes."
[1] "Identifying clashes with target and/or standard probes"
[1] "Identifying conflict with other guide probes."
[1] "Identifying clashes with target and/or standard probes"
[1] "Identifying conflict with other guide probes."
[1] "Identifying clashes with target and/or standard probes"
[1] "Identifying conflict with other guide probes."
[1] "Identifying clashes with target and/or standard probes"
[1] "Identifying conflict with other guide probes."
[1] "Identifying clashes with target and/or standard probes"
[1] "Identifying conflict with other guide probes."
[1] "Identifying clashes with target and/or standard probes"
[1] "Identifying conflict with other guide probes."
[1] "Identifying clashes with target and/or standard probes"
[1] "Identifying conflict with other guide probes."
[1] "Identifying clashes with target and/or standard probes"
[1] "Identifying conflict with other guide probes."
[1] "Identifying clashes with target and/or standard probes"
[1] "Identifying conflict with other guide probes."
[1] "Identifying clashes with target and/or standard probes"
[1] "Identifying conflict with other guide probes."
[1] "Identifying clashes with target and/or standard probes"
[1] "Identifying conflict with other guide probes."
[1] "Identifying clashes with target and/or standard probes"
[1] "Identifying conflict with other guide probes."
[1] "Identifying clashes with target and/or standard probes"
[1] "Identifying conflict with other guide probes."
[1] "Identifying clashes with target and/or standard probes"
[1] "Identifying conflict with other guide probes."
[1] "Identifying clashes with target and/or standard probes"
[1] "Identifying conflict with other guide probes."
[1] "Identifying clashes with target and/or standard probes"
[1] "Identifying conflict with other guide probes."
[1] "Identifying clashes with target and/or standard probes"
[1] "Identifying conflict with other guide probes."
[1] "Identifying clashes with target and/or standard probes"
[1] "Identifying conflict with other guide probes."
[1] "Could not configure this guide probe. Will try the next one in the list."
[1] "Identifying clashes with target and/or standard probes"
[1] "Identifying conflict with other guide probes."
[1] "Identifying clashes with target and/or standard probes"
[1] "Identifying conflict with other guide probes."
[1] "Minimizing conflicts with guide probe(s):"
[1] "4"
[1] "Identifying clashes with target and/or standard probes"
[1] "Identifying conflict with other guide probes."
[1] "Identifying clashes with target and/or standard probes"
[1] "Identifying conflict with other guide probes."
[1] "Identifying clashes with target and/or standard probes"
[1] "Identifying conflict with other guide probes."
[1] "Identifying clashes with target and/or standard probes"
[1] "Identifying conflict with other guide probes."
[1] "Identifying clashes with target and/or standard probes"
[1] "Identifying conflict with other guide probes."
[1] "Identifying clashes with target and/or standard probes"
[1] "Identifying conflict with other guide probes."
[1] "Identifying clashes with target and/or standard probes"
[1] "Identifying conflict with other guide probes."
[1] "Identifying clashes with target and/or standard probes"
[1] "Identifying conflict with other guide probes."
[1] "Identifying clashes with target and/or standard probes"
[1] "Identifying conflict with other guide probes."
[1] "Identifying clashes with target and/or standard probes"
[1] "Identifying conflict with other guide probes."
[1] "Identifying clashes with target and/or standard probes"
[1] "Identifying conflict with other guide probes."
[1] "Identifying clashes with target and/or standard probes"
[1] "Identifying conflict with other guide probes."
[1] "Identifying clashes with target and/or standard probes"
[1] "Identifying conflict with other guide probes."
[1] "Identifying clashes with target and/or standard probes"
[1] "Identifying conflict with other guide probes."
[1] "Identifying clashes with target and/or standard probes"
[1] "Identifying conflict with other guide probes."
[1] "Identifying clashes with target and/or standard probes"
[1] "Identifying conflict with other guide probes."
[1] "Identifying clashes with target and/or standard probes"
[1] "Identifying conflict with other guide probes."
[1] "Identifying clashes with target and/or standard probes"
[1] "Identifying conflict with other guide probes."
[1] "Identifying clashes with target and/or standard probes"
[1] "Identifying conflict with other guide probes."
[1] "Identifying clashes with target and/or standard probes"
[1] "Identifying conflict with other guide probes."
[1] "Identifying clashes with target and/or standard probes"
[1] "Identifying conflict with other guide probes."
[1] "Identifying clashes with target and/or standard probes"
[1] "Identifying conflict with other guide probes."
[1] "Identifying clashes with target and/or standard probes"
[1] "Identifying conflict with other guide probes."
[1] "Identifying clashes with target and/or standard probes"
[1] "Identifying conflict with other guide probes."
[1] "Identifying clashes with target and/or standard probes"
[1] "Identifying conflict with other guide probes."
[1] "Identifying clashes with target and/or standard probes"
[1] "Identifying conflict with other guide probes."
[1] "Identifying clashes with target and/or standard probes"
[1] "Identifying conflict with other guide probes."
[1] "Identifying clashes with target and/or standard probes"
[1] "Identifying conflict with other guide probes."
[1] "Identifying clashes with target and/or standard probes"
[1] "Identifying conflict with other guide probes."
[1] "Identifying clashes with target and/or standard probes"
[1] "Identifying conflict with other guide probes."
[1] "Identifying clashes with target and/or standard probes"
[1] "Identifying conflict with other guide probes."
[1] "Identifying clashes with target and/or standard probes"
[1] "Identifying conflict with other guide probes."
[1] "Identifying clashes with target and/or standard probes"
[1] "Identifying conflict with other guide probes."
[1] "Identifying clashes with target and/or standard probes"
[1] "Identifying conflict with other guide probes."
[1] "Identifying clashes with target and/or standard probes"
[1] "Identifying conflict with other guide probes."
[1] "Identifying clashes with target and/or standard probes"
[1] "Identifying conflict with other guide probes."
[1] "Identifying clashes with target and/or standard probes"
[1] "Identifying conflict with other guide probes."
[1] "Identifying clashes with target and/or standard probes"
[1] "Identifying conflict with other guide probes."
[1] "Identifying clashes with target and/or standard probes"
[1] "Identifying conflict with other guide probes."
[1] "Identifying clashes with target and/or standard probes"
[1] "Identifying conflict with other guide probes."
[1] "Identifying clashes with target and/or standard probes"
[1] "Identifying conflict with other guide probes."
[1] "Identifying clashes with target and/or standard probes"
[1] "Identifying conflict with other guide probes."
[1] "Identifying clashes with target and/or standard probes"
[1] "Identifying conflict with other guide probes."
[1] "Identifying clashes with target and/or standard probes"
[1] "Identifying conflict with other guide probes."
[1] "Identifying clashes with target and/or standard probes"
[1] "Identifying conflict with other guide probes."
[1] "Identifying clashes with target and/or standard probes"
[1] "Identifying conflict with other guide probes."
[1] "Identifying clashes with target and/or standard probes"
[1] "Identifying conflict with other guide probes."
[1] "Identifying clashes with target and/or standard probes"
[1] "Identifying conflict with other guide probes."
[1] "Identifying clashes with target and/or standard probes"
[1] "Identifying conflict with other guide probes."
[1] "Identifying clashes with target and/or standard probes"
[1] "Identifying conflict with other guide probes."
[1] "Could not configure this guide probe. Will try the next one in the list."
[1] "Identifying clashes with target and/or standard probes"
[1] "Identifying conflict with other guide probes."
[1] "Identifying clashes with target and/or standard probes"
[1] "Identifying conflict with other guide probes."
[1] "Identifying clashes with target and/or standard probes"
[1] "Identifying conflict with other guide probes."
[1] "Minimizing conflicts with guide probe(s):"
[1] "5"
[1] "Identifying clashes with target and/or standard probes"
[1] "Identifying conflict with other guide probes."
[1] "Identifying clashes with target and/or standard probes"
[1] "Identifying conflict with other guide probes."
[1] "Identifying clashes with target and/or standard probes"
[1] "Identifying conflict with other guide probes."
[1] "Identifying clashes with target and/or standard probes"
[1] "Identifying conflict with other guide probes."
[1] "Identifying clashes with target and/or standard probes"
[1] "Identifying conflict with other guide probes."
[1] "Identifying clashes with target and/or standard probes"
[1] "Identifying conflict with other guide probes."
[1] "Identifying clashes with target and/or standard probes"
[1] "Identifying conflict with other guide probes."
[1] "Identifying clashes with target and/or standard probes"
[1] "Identifying conflict with other guide probes."
[1] "Identifying clashes with target and/or standard probes"
[1] "Identifying conflict with other guide probes."
[1] "Identifying clashes with target and/or standard probes"
[1] "Identifying conflict with other guide probes."
[1] "Identifying clashes with target and/or standard probes"
[1] "Identifying conflict with other guide probes."
[1] "Identifying clashes with target and/or standard probes"
[1] "Identifying conflict with other guide probes."
[1] "Minimizing conflicts with guide probe(s):"
[1] "6"
[1] "Identifying clashes with target and/or standard probes"
[1] "Identifying conflict with other guide probes."
[1] "Identifying clashes with target and/or standard probes"
[1] "Identifying conflict with other guide probes."
[1] "Identifying clashes with target and/or standard probes"
[1] "Identifying conflict with other guide probes."
[1] "Identifying clashes with target and/or standard probes"
[1] "Identifying conflict with other guide probes."
[1] "Identifying clashes with target and/or standard probes"
[1] "Identifying conflict with other guide probes."
[1] "Identifying clashes with target and/or standard probes"
[1] "Identifying conflict with other guide probes."
[1] "Identifying clashes with target and/or standard probes"
[1] "Identifying conflict with other guide probes."
[1] "Identifying clashes with target and/or standard probes"
[1] "Identifying conflict with other guide probes."
[1] "Identifying clashes with target and/or standard probes"
[1] "Identifying conflict with other guide probes."
[1] "Identifying clashes with target and/or standard probes"
[1] "Identifying conflict with other guide probes."
[1] "Identifying clashes with target and/or standard probes"
[1] "Identifying conflict with other guide probes."
[1] "Identifying clashes with target and/or standard probes"
[1] "Identifying conflict with other guide probes."
[1] "Identifying clashes with target and/or standard probes"
[1] "Identifying conflict with other guide probes."
[1] "Identifying clashes with target and/or standard probes"
[1] "Identifying conflict with other guide probes."
[1] "Identifying clashes with target and/or standard probes"
[1] "Identifying conflict with other guide probes."
[1] "Identifying clashes with target and/or standard probes"
[1] "Identifying conflict with other guide probes."
[1] "Identifying clashes with target and/or standard probes"
[1] "Identifying conflict with other guide probes."
[1] "Identifying clashes with target and/or standard probes"
[1] "Identifying conflict with other guide probes."
[1] "Identifying clashes with target and/or standard probes"
[1] "Identifying conflict with other guide probes."
[1] "Identifying clashes with target and/or standard probes"
[1] "Identifying conflict with other guide probes."
[1] "Identifying clashes with target and/or standard probes"
[1] "Identifying conflict with other guide probes."
[1] "Identifying clashes with target and/or standard probes"
[1] "Identifying conflict with other guide probes."
[1] "Identifying clashes with target and/or standard probes"
[1] "Identifying conflict with other guide probes."
[1] "Identifying clashes with target and/or standard probes"
[1] "Identifying conflict with other guide probes."
[1] "Identifying clashes with target and/or standard probes"
[1] "Identifying conflict with other guide probes."
[1] "Identifying clashes with target and/or standard probes"
[1] "Identifying conflict with other guide probes."
[1] "Here you go, here's your complete configuration!"
$pos
            x          y
1   -20.76382   -3.86111
2   143.14596 -132.61616
3    30.87609   68.49669
4   117.77234  118.65667
5  -111.85904  133.06052
6    58.91393   -5.51562
7   -65.02296  -72.10557
8  -156.25901   -8.07707
9    14.29208 -146.32941
10  158.05935   68.80573
11 -132.37012   66.21527
12   37.45473  -79.70756
13   18.76845 -198.60140
14 -109.16565 -125.03426
15 -143.44904  -73.65648
16  167.32105    0.35639
17   27.04323  185.31987
18  167.82647  -63.27512
19   14.39212  124.60496
73  -38.00976 -121.67880
30   81.99992   83.62509

$rads
 [1]  21.11976 195.13537  75.13408 167.18173 173.83195  59.17156  97.09376
 [8] 156.46762 147.02571 172.38616 148.00781  88.06902 199.48627 165.98405
[15] 161.25416 167.32143 187.28265 179.35848 125.43337 127.47734 117.12021

$angs
 [1] -0.58888250  0.57803808 -0.19392950  3.15843062  0.23273479  3.85546980
 [7] -0.95600349 -1.06330163  1.33772373  1.07865061 -0.52302438  1.49175490
[13]  3.88303409  2.39519748 -1.01023654  4.48465205  0.31391214  4.35981067
[19]  0.05517571  1.92020028  3.35124645

$azAngs
 [1]  0.1838538  2.3943603  4.2888969  3.9307312 -0.8717480  3.0482431
 [7]  0.8370017  0.0516443  1.6681581  3.5521683 -0.4638302  2.0100768
[13]  1.6650196  0.8530514  0.4743638  3.1437226  4.5674845  2.7810460
[19]  4.5973966  1.2680228  3.9368028

$angs_azAng
 [1] 5.5104490 4.4668631 1.8003589 5.5108848 1.1044828 0.8072267 4.4901801
 [8] 5.1682394 5.9527509 3.8096676 6.2239911 5.7648634 2.2180145 1.5421460
[15] 4.7985850 1.3409294 2.0296130 1.5787646 1.7409645 0.6521775 5.6976289

$guidenum
[1]  1  3  7 10 11 12

$gpos
             x         y
119  -94.22439 -172.1592
105   56.94084  206.2594
109   36.25804  210.8662
136 -128.02641  109.7321
137   47.12339  179.1258
138  145.54493 -112.0932

$grads
[1] 196.2576 213.9748 213.9608 168.6176 185.2206 183.7069

$gangs
[1] 2.6224604 2.5499135 0.3992198 3.1516862 0.4923747 0.5971403

$gazAngs
[1]  1.0700210  4.4430337  4.5421061 -0.7086047  4.4551434  2.4853120

$gangs_gazAng
[1] 1.552439 4.390065 2.140299 3.860291 2.320417 4.395014

$swaps
[1] FALSE

$flags
[1] "none"

[1] "There were  0  unresolvable conflicts in the field"
[1] "********************************************"
[1] "Writing outputs to results/TilingOutputs/240_m20_equally_spaced/Configuration/HECTORConfig_Hexa_240_m20_comissioning_000.txt"
[1] "********************************************"

