2021-06-15 15:14:57,766: - [1] "********************************************"
[1] "Configuring field results/TilingOutputs/240_m20_equally_spaced/DistortionCorrected/DC_tile_000.fld"
[1] "********************************************"
[1] "Identifying initial conflicts"
  Probe_1st Probe_2nd PercentArea
1         3         4         1.5
2         5         7         0.8
3         5         8         0.1
[1] "Minimizing the overlaping area by rotating probes"
[1] "Wrapping around MinimizeConflicts"
[1] "Starting (again) with delta_ang = 20"
[1] "19 galaxy probes are in! Let's put some standard stars probes!"
[1] "Adding some standards."
[1] "standard 1 configured successfully."
[1] "standard 2 configured successfully."
$pos
            x          y
1   105.56161  -45.31490
2  -191.46445   10.07719
3   -94.99487  189.98384
4   -32.95737  214.77924
5  -109.01668 -150.27047
6     1.97331 -107.97823
7  -149.13392 -102.69652
8   -24.92782 -200.91166
9   153.98265  -88.46814
10  116.03922  135.64652
11 -123.89840  -45.03143
12  105.57477   54.40902
13 -136.36801  130.33597
14 -113.35205   46.81441
15  179.00527    5.99418
16   -5.78201  133.51795
17   65.59219  191.53874
18   85.48696 -147.14541
19  -24.00181    7.89080
38   40.49797   54.87004
78   41.89939  -53.59001

$angs
 [1]  4.1946989 -1.5294560  0.7192402  0.6635619  2.5217933  1.5540780
 [7]  2.5336565 -1.1605473  4.5081043  2.8646849 -1.1442167  3.7179324
[13]  3.0894373 -0.6768828  4.5574213  3.0401182  2.5985723  0.7450628
[19]  1.6730581  3.4999173  1.3323961

$cegs
 [1] 2 3 3 3 1 1 1 3 2 2 3 2 2 3 2 2 2 1 1 2 1

$stdflag
[1] "none"

[1] "19 galaxy probes and 2 standard probes are in! Let's put some standard guide probes!"
             x          y
112 -143.44352  -69.46325
109 -114.25572  -98.89660
NA          NA         NA
89   -15.16078 -182.07621
113 -121.09165 -164.39118
97   -86.86684  -47.06158
94   -32.90597  -76.93250
125 -166.78247  -87.69279
             x         y
130 -155.52413 118.30545
NA          NA        NA
122  -84.60043  51.54018
92  -123.67434 101.78303
105  -84.99556  97.55422
93    -8.90567  80.51860
124  -30.30124  65.00467
            x         y
104  58.28085  20.13774
108 119.22681 119.51912
131  20.26992 187.39464
129  64.83852 139.39490
NA         NA        NA
86   96.93188  95.16659
107  25.78984 104.99785
87    1.79500 101.51117
138  94.02024 138.95046
106  94.25156  28.11366
119  37.72593  89.83779
101  59.84133  91.86764
100  47.35421 108.70020
118  75.78275  11.32699
            x          y
98   18.67141 -161.35112
134 141.91767  -53.68766
NA         NA         NA
90   96.24937 -110.21222
110 163.99190  -99.18896
120  60.68368 -103.97198
123  81.79419  -95.22172
133  24.96140 -180.38383
135  79.58612 -198.37470
96   73.17565   -2.72596
132 118.28958 -103.32878
[1] "Identifying clashes with target and/or standard probes"
[1] "Identifying conflict with other guide probes."
[1] "Identifying clashes with target and/or standard probes"
[1] "Identifying conflict with other guide probes."
[1] "Minimizing conflicts with guide probe(s):"
[1] "2"
[1] "Identifying clashes with target and/or standard probes"
[1] "Identifying conflict with other guide probes."
[1] "Identifying clashes with target and/or standard probes"
[1] "Identifying conflict with other guide probes."
[1] "Identifying clashes with target and/or standard probes"
[1] "Identifying conflict with other guide probes."
[1] "Identifying clashes with target and/or standard probes"
[1] "Identifying conflict with other guide probes."
[1] "Identifying clashes with target and/or standard probes"
[1] "Identifying conflict with other guide probes."
[1] "Identifying clashes with target and/or standard probes"
[1] "Identifying conflict with other guide probes."
[1] "Minimizing conflicts with guide probe(s):"
[1] "3"
[1] "Identifying clashes with target and/or standard probes"
[1] "Identifying conflict with other guide probes."
[1] "Identifying clashes with target and/or standard probes"
[1] "Identifying conflict with other guide probes."
[1] "Identifying clashes with target and/or standard probes"
[1] "Identifying conflict with other guide probes."
[1] "Identifying clashes with target and/or standard probes"
[1] "Identifying conflict with other guide probes."
[1] "Identifying clashes with target and/or standard probes"
[1] "Identifying conflict with other guide probes."
[1] "Identifying clashes with target and/or standard probes"
[1] "Identifying conflict with other guide probes."
[1] "Minimizing conflicts with guide probe(s):"
[1] "4"
[1] "Identifying clashes with target and/or standard probes"
[1] "Identifying conflict with other guide probes."
[1] "Identifying clashes with target and/or standard probes"
[1] "Identifying conflict with other guide probes."
[1] "Identifying clashes with target and/or standard probes"
[1] "Identifying conflict with other guide probes."
[1] "Minimizing conflicts with guide probe(s):"
[1] "5"
[1] "Identifying clashes with target and/or standard probes"
[1] "Identifying conflict with other guide probes."
[1] "Identifying clashes with target and/or standard probes"
[1] "Identifying conflict with other guide probes."
[1] "Identifying clashes with target and/or standard probes"
[1] "Identifying conflict with other guide probes."
[1] "Identifying clashes with target and/or standard probes"
[1] "Identifying conflict with other guide probes."
[1] "Identifying clashes with target and/or standard probes"
[1] "Identifying conflict with other guide probes."
[1] "Identifying clashes with target and/or standard probes"
[1] "Identifying conflict with other guide probes."
[1] "Identifying clashes with target and/or standard probes"
[1] "Identifying conflict with other guide probes."
[1] "Identifying clashes with target and/or standard probes"
[1] "Identifying conflict with other guide probes."
[1] "Identifying clashes with target and/or standard probes"
[1] "Identifying conflict with other guide probes."
[1] "Identifying clashes with target and/or standard probes"
[1] "Identifying conflict with other guide probes."
[1] "Identifying clashes with target and/or standard probes"
[1] "Identifying conflict with other guide probes."
[1] "Identifying clashes with target and/or standard probes"
[1] "Identifying conflict with other guide probes."
[1] "Identifying clashes with target and/or standard probes"
[1] "Identifying conflict with other guide probes."
[1] "Identifying clashes with target and/or standard probes"
[1] "Identifying conflict with other guide probes."
[1] "Identifying clashes with target and/or standard probes"
[1] "Identifying conflict with other guide probes."
[1] "Identifying clashes with target and/or standard probes"
[1] "Identifying conflict with other guide probes."
[1] "Identifying clashes with target and/or standard probes"
[1] "Identifying conflict with other guide probes."
[1] "Identifying clashes with target and/or standard probes"
[1] "Identifying conflict with other guide probes."
[1] "Identifying clashes with target and/or standard probes"
[1] "Identifying conflict with other guide probes."
[1] "Identifying clashes with target and/or standard probes"
[1] "Identifying conflict with other guide probes."
[1] "Identifying clashes with target and/or standard probes"
[1] "Identifying conflict with other guide probes."
[1] "Identifying clashes with target and/or standard probes"
[1] "Identifying conflict with other guide probes."
[1] "Minimizing conflicts with guide probe(s):"
[1] "6"
[1] "Identifying clashes with target and/or standard probes"
[1] "Identifying conflict with other guide probes."
[1] "Identifying clashes with target and/or standard probes"
[1] "Identifying conflict with other guide probes."
[1] "Identifying clashes with target and/or standard probes"
[1] "Identifying conflict with other guide probes."
[1] "Identifying clashes with target and/or standard probes"
[1] "Identifying conflict with other guide probes."
[1] "Identifying clashes with target and/or standard probes"
[1] "Identifying conflict with other guide probes."
[1] "Identifying clashes with target and/or standard probes"
[1] "Identifying conflict with other guide probes."
[1] "Identifying clashes with target and/or standard probes"
[1] "Identifying conflict with other guide probes."
[1] "Identifying clashes with target and/or standard probes"
[1] "Identifying conflict with other guide probes."
[1] "Identifying clashes with target and/or standard probes"
[1] "Identifying conflict with other guide probes."
[1] "Identifying clashes with target and/or standard probes"
[1] "Identifying conflict with other guide probes."
[1] "Identifying clashes with target and/or standard probes"
[1] "Identifying conflict with other guide probes."
[1] "Identifying clashes with target and/or standard probes"
[1] "Identifying conflict with other guide probes."
[1] "Identifying clashes with target and/or standard probes"
[1] "Identifying conflict with other guide probes."
[1] "Identifying clashes with target and/or standard probes"
[1] "Identifying conflict with other guide probes."
[1] "Identifying clashes with target and/or standard probes"
[1] "Identifying conflict with other guide probes."
[1] "Identifying clashes with target and/or standard probes"
[1] "Identifying conflict with other guide probes."
[1] "Identifying clashes with target and/or standard probes"
[1] "Identifying conflict with other guide probes."
[1] "Identifying clashes with target and/or standard probes"
[1] "Identifying conflict with other guide probes."
[1] "Identifying clashes with target and/or standard probes"
[1] "Identifying conflict with other guide probes."
[1] "Identifying clashes with target and/or standard probes"
[1] "Identifying conflict with other guide probes."
[1] "Identifying clashes with target and/or standard probes"
[1] "Identifying conflict with other guide probes."
[1] "Identifying clashes with target and/or standard probes"
[1] "Identifying conflict with other guide probes."
[1] "Identifying clashes with target and/or standard probes"
[1] "Identifying conflict with other guide probes."
[1] "Identifying clashes with target and/or standard probes"
[1] "Identifying conflict with other guide probes."
[1] "Identifying clashes with target and/or standard probes"
[1] "Identifying conflict with other guide probes."
[1] "Identifying clashes with target and/or standard probes"
[1] "Identifying conflict with other guide probes."
[1] "Identifying clashes with target and/or standard probes"
[1] "Identifying conflict with other guide probes."
[1] "Identifying clashes with target and/or standard probes"
[1] "Identifying conflict with other guide probes."
[1] "Identifying clashes with target and/or standard probes"
[1] "Identifying conflict with other guide probes."
[1] "Identifying clashes with target and/or standard probes"
[1] "Identifying conflict with other guide probes."
[1] "Identifying clashes with target and/or standard probes"
[1] "Identifying conflict with other guide probes."
[1] "Identifying clashes with target and/or standard probes"
[1] "Identifying conflict with other guide probes."
[1] "Identifying clashes with target and/or standard probes"
[1] "Identifying conflict with other guide probes."
[1] "Identifying clashes with target and/or standard probes"
[1] "Identifying conflict with other guide probes."
[1] "Identifying clashes with target and/or standard probes"
[1] "Identifying conflict with other guide probes."
[1] "Identifying clashes with target and/or standard probes"
[1] "Identifying conflict with other guide probes."
[1] "Identifying clashes with target and/or standard probes"
[1] "Identifying conflict with other guide probes."
[1] "Identifying clashes with target and/or standard probes"
[1] "Identifying conflict with other guide probes."
[1] "Identifying clashes with target and/or standard probes"
[1] "Identifying conflict with other guide probes."
[1] "Identifying clashes with target and/or standard probes"
[1] "Identifying conflict with other guide probes."
[1] "Identifying clashes with target and/or standard probes"
[1] "Identifying conflict with other guide probes."
[1] "Identifying clashes with target and/or standard probes"
[1] "Identifying conflict with other guide probes."
[1] "Identifying clashes with target and/or standard probes"
[1] "Identifying conflict with other guide probes."
[1] "Identifying clashes with target and/or standard probes"
[1] "Identifying conflict with other guide probes."
[1] "Identifying clashes with target and/or standard probes"
[1] "Identifying conflict with other guide probes."
[1] "Identifying clashes with target and/or standard probes"
[1] "Identifying conflict with other guide probes."
[1] "Identifying clashes with target and/or standard probes"
[1] "Identifying conflict with other guide probes."
[1] "Identifying clashes with target and/or standard probes"
[1] "Identifying conflict with other guide probes."
[1] "Identifying clashes with target and/or standard probes"
[1] "Identifying conflict with other guide probes."
[1] "Identifying clashes with target and/or standard probes"
[1] "Identifying conflict with other guide probes."
[1] "Could not configure this guide probe. Will try the next one in the list."
[1] "Identifying clashes with target and/or standard probes"
[1] "Identifying conflict with other guide probes."
[1] "Identifying clashes with target and/or standard probes"
[1] "Identifying conflict with other guide probes."
[1] "Here you go, here's your complete configuration!"
$pos
            x          y
1   105.56161  -45.31490
2  -191.46445   10.07719
3   -94.99487  189.98384
4   -32.95737  214.77924
5  -109.01668 -150.27047
6     1.97331 -107.97823
7  -149.13392 -102.69652
8   -24.92782 -200.91166
9   153.98265  -88.46814
10  116.03922  135.64652
11 -123.89840  -45.03143
12  105.57477   54.40902
13 -136.36801  130.33597
14 -113.35205   46.81441
15  179.00527    5.99418
16   -5.78201  133.51795
17   65.59219  191.53874
18   85.48696 -147.14541
19  -24.00181    7.89080
38   40.49797   54.87004
78   41.89939  -53.59001

$rads
 [1] 114.87686 191.72946 212.40971 217.29314 185.64981 107.99626 181.07319
 [8] 202.45220 177.58735 178.50792 131.82808 118.77026 188.63642 122.63880
[15] 179.10560 133.64309 202.45845 170.17577  25.26562  68.19682  68.02535

$angs
 [1]  4.1946989 -1.5294560  0.7192402  0.6635619  2.5217933  1.5540780
 [7]  2.5336565 -1.1605473  4.5081043  2.8646849 -1.1442167  3.7179324
[13]  3.0894373 -0.6768828  4.5574213  3.0401182  2.5985723  0.7450628
[19]  1.6730581  3.4999173  1.3323961

$azAngs
 [1]  2.73610710 -0.05258365 -1.10713630 -1.41853631  0.94318030  1.58906937
 [7]  0.60304712  1.44735365  2.62010928  4.00473769  0.34861036  3.61745267
[13] -0.76278503 -0.39166290  3.17506620 -1.52751825  4.38245716  2.09710509
[19] -0.31762760  4.07656643  2.23437227

$angs_azAng
 [1] 1.4585918 4.8063130 1.8263765 2.0820982 1.5786130 6.2481939 1.9306094
 [8] 3.6752844 1.8879951 5.1431325 4.7903582 0.1004797 3.8522224 5.9979654
[15] 1.3823551 4.5676365 4.4993004 4.9311430 1.9906857 5.7065362 5.3812091

$guidenum
[1] 1 2 3 4 5 7

$gpos
             x          y
112 -143.44352  -69.46325
130 -155.52413  118.30545
104   58.28085   20.13774
98    18.67141 -161.35112
109 -114.25572  -98.89660
134  141.91767  -53.68766

$grads
[1] 159.37750 195.40710  61.66187 162.42785 151.11223 151.73329

$gangs
[1] 4.991428 3.000013 3.539095 3.835445 2.320815 4.400163

$gazAngs
[1]  0.4509725 -0.6503069  3.4742791  1.6860030  0.7134655  2.7799307

$gangs_gazAng
[1] 4.54045506 3.65031967 0.06481602 2.14944235 1.60734977 1.62023218

$swaps
[1] FALSE

$flags
[1] "none"

[1] "There were  0  unresolvable conflicts in the field"
[1] "********************************************"
[1] "Writing outputs to results/TilingOutputs/240_m20_equally_spaced/Configuration/HECTORConfig_Hexa_240_m20_comissioning_000.txt"
[1] "********************************************"

