2021-06-11 16:14:47,310: - [1] "********************************************"
[1] "Configuring field results/TilingOutputs/240_m20_equally_spaced/DistortionCorrected/DC_tile_000.fld"
[1] "********************************************"
[1] "Identifying initial conflicts"
  Probe_1st Probe_2nd PercentArea
1         3        11         3.5
2         8        15        12.8
3         9        12         9.4
4         9        13         0.6
5        16        18         3.8
[1] "Minimizing the overlaping area by rotating probes"
[1] "Wrapping around MinimizeConflicts"
[1] "Starting (again) with delta_ang = 20"
[1] "19 galaxy probes are in! Let's put some standard stars probes!"
[1] "Adding some standards."
[1] "standard 1 configured successfully."
[1] "standard 2 configured successfully."
$pos
            x          y
1   -20.76634    8.54180
2   142.87521 -119.70248
3    30.91148   81.05024
4   117.98678  131.49855
5  -112.08184  145.97214
6    58.91591    6.93718
7   -65.01781  -59.61807
8  -156.24814    4.50364
9    14.26611 -133.48832
10  158.23173   81.51331
11 -132.50241   78.85692
12   37.41677  -67.14831
13   18.72448 -185.44787
14 -108.97236 -112.23173
15 -143.30285  -61.00189
16  167.33552   12.96733
17   27.11126  198.45104
18  167.68422  -50.59028
19   14.42098  137.38074
57   82.10527   96.25955
50   71.77375  116.43666

$angs
 [1] -0.5382521  0.6396427 -0.4293512  2.9745751  0.3755098  3.8010776
 [7] -0.9227122 -1.0243649  1.2246392  1.0955746  3.0278794  1.0511361
[13]  4.4274031  2.3346665 -1.0749506  4.3801176  0.3661806  4.2967819
[19]  0.1155035  3.1234194  3.0662955

$cegs
 [1] 3 1 3 2 3 2 3 3 1 1 2 1 2 1 3 2 3 2 3 2 2

$stdflag
[1] "none"

[1] "19 galaxy probes and 2 standard probes are in! Let's put some standard guide probes!"
             x          y
138  -46.07198 -208.81454
111  -87.51548  -94.03972
119 -188.97430  -83.87928
NA          NA         NA
114 -116.47104  -64.61559
105  -77.34398 -166.27711
115  -94.02646 -159.14861
129 -139.38526  -82.61351
97    -6.59572  -72.38030
             x         y
134 -128.23683 122.54161
107  -58.34758 101.93025
NA          NA        NA
127   -3.91919  69.46564
113 -112.33106 174.51699
131  -71.76677 140.11162
118 -160.58198  84.22367
125  -58.12949  56.01110
124  -99.76654 155.39711
94   -96.78436 106.13520
98   -82.05574 123.29857
            x         y
133  91.80296 144.28523
91   28.28751 106.07579
NA         NA        NA
109  52.36925 109.63008
99   99.68573   1.66848
121 102.33150  15.74745
135  47.23504 192.21712
122  64.30242  94.45897
            x          y
95  188.34858  -78.48904
136 145.31697  -99.28241
NA         NA         NA
102  45.17047 -156.89599
140 186.02855  -62.43720
93  123.00125 -106.04348
92    4.69520 -198.15972
126 108.45330  -91.03134
137  51.55370 -175.93749
123  87.20788  -99.72179
112 159.47871  -12.29450
132  64.46860 -102.06134
139  58.87166  -79.22514
[1] "Identifying clashes with target and/or standard probes"
[1] "Identifying conflict with other guide probes."
[1] "Minimizing conflicts with guide probe(s):"
[1] "1"
[1] "Identifying clashes with target and/or standard probes"
[1] "Identifying conflict with other guide probes."
[1] "Identifying clashes with target and/or standard probes"
[1] "Identifying conflict with other guide probes."
[1] "Identifying clashes with target and/or standard probes"
[1] "Identifying conflict with other guide probes."
[1] "Identifying clashes with target and/or standard probes"
[1] "Identifying conflict with other guide probes."
[1] "Identifying clashes with target and/or standard probes"
[1] "Identifying conflict with other guide probes."
[1] "Minimizing conflicts with guide probe(s):"
[1] "2"
[1] "Identifying clashes with target and/or standard probes"
[1] "Identifying conflict with other guide probes."
[1] "Identifying clashes with target and/or standard probes"
[1] "Identifying conflict with other guide probes."
[1] "Identifying clashes with target and/or standard probes"
[1] "Identifying conflict with other guide probes."
[1] "Identifying clashes with target and/or standard probes"
[1] "Identifying conflict with other guide probes."
[1] "Minimizing conflicts with guide probe(s):"
[1] "3"
[1] "Identifying clashes with target and/or standard probes"
[1] "Identifying conflict with other guide probes."
[1] "Identifying clashes with target and/or standard probes"
[1] "Identifying conflict with other guide probes."
[1] "Identifying clashes with target and/or standard probes"
[1] "Identifying conflict with other guide probes."
[1] "Identifying clashes with target and/or standard probes"
[1] "Identifying conflict with other guide probes."
[1] "Identifying clashes with target and/or standard probes"
[1] "Identifying conflict with other guide probes."
[1] "Identifying clashes with target and/or standard probes"
[1] "Identifying conflict with other guide probes."
[1] "Identifying clashes with target and/or standard probes"
[1] "Identifying conflict with other guide probes."
[1] "Identifying clashes with target and/or standard probes"
[1] "Identifying conflict with other guide probes."
[1] "Identifying clashes with target and/or standard probes"
[1] "Identifying conflict with other guide probes."
[1] "Identifying clashes with target and/or standard probes"
[1] "Identifying conflict with other guide probes."
[1] "Identifying clashes with target and/or standard probes"
[1] "Identifying conflict with other guide probes."
[1] "Identifying clashes with target and/or standard probes"
[1] "Identifying conflict with other guide probes."
[1] "Identifying clashes with target and/or standard probes"
[1] "Identifying conflict with other guide probes."
[1] "Identifying clashes with target and/or standard probes"
[1] "Identifying conflict with other guide probes."
[1] "Identifying clashes with target and/or standard probes"
[1] "Identifying conflict with other guide probes."
[1] "Identifying clashes with target and/or standard probes"
[1] "Identifying conflict with other guide probes."
[1] "Identifying clashes with target and/or standard probes"
[1] "Identifying conflict with other guide probes."
[1] "Identifying clashes with target and/or standard probes"
[1] "Identifying conflict with other guide probes."
[1] "Identifying clashes with target and/or standard probes"
[1] "Identifying conflict with other guide probes."
[1] "Identifying clashes with target and/or standard probes"
[1] "Identifying conflict with other guide probes."
[1] "Identifying clashes with target and/or standard probes"
[1] "Identifying conflict with other guide probes."
[1] "Identifying clashes with target and/or standard probes"
[1] "Identifying conflict with other guide probes."
[1] "Identifying clashes with target and/or standard probes"
[1] "Identifying conflict with other guide probes."
[1] "Identifying clashes with target and/or standard probes"
[1] "Identifying conflict with other guide probes."
[1] "Identifying clashes with target and/or standard probes"
[1] "Identifying conflict with other guide probes."
[1] "Identifying clashes with target and/or standard probes"
[1] "Identifying conflict with other guide probes."
[1] "Identifying clashes with target and/or standard probes"
[1] "Identifying conflict with other guide probes."
[1] "Identifying clashes with target and/or standard probes"
[1] "Identifying conflict with other guide probes."
[1] "Identifying clashes with target and/or standard probes"
[1] "Identifying conflict with other guide probes."
[1] "Identifying clashes with target and/or standard probes"
[1] "Identifying conflict with other guide probes."
[1] "Identifying clashes with target and/or standard probes"
[1] "Identifying conflict with other guide probes."
[1] "Identifying clashes with target and/or standard probes"
[1] "Identifying conflict with other guide probes."
[1] "Identifying clashes with target and/or standard probes"
[1] "Identifying conflict with other guide probes."
[1] "Identifying clashes with target and/or standard probes"
[1] "Identifying conflict with other guide probes."
[1] "Identifying clashes with target and/or standard probes"
[1] "Identifying conflict with other guide probes."
[1] "Identifying clashes with target and/or standard probes"
[1] "Identifying conflict with other guide probes."
[1] "Identifying clashes with target and/or standard probes"
[1] "Identifying conflict with other guide probes."
[1] "Identifying clashes with target and/or standard probes"
[1] "Identifying conflict with other guide probes."
[1] "Identifying clashes with target and/or standard probes"
[1] "Identifying conflict with other guide probes."
[1] "Identifying clashes with target and/or standard probes"
[1] "Identifying conflict with other guide probes."
[1] "Identifying clashes with target and/or standard probes"
[1] "Identifying conflict with other guide probes."
[1] "Identifying clashes with target and/or standard probes"
[1] "Identifying conflict with other guide probes."
[1] "Identifying clashes with target and/or standard probes"
[1] "Identifying conflict with other guide probes."
[1] "Identifying clashes with target and/or standard probes"
[1] "Identifying conflict with other guide probes."
[1] "Identifying clashes with target and/or standard probes"
[1] "Identifying conflict with other guide probes."
[1] "Identifying clashes with target and/or standard probes"
[1] "Identifying conflict with other guide probes."
[1] "Identifying clashes with target and/or standard probes"
[1] "Identifying conflict with other guide probes."
[1] "Identifying clashes with target and/or standard probes"
[1] "Identifying conflict with other guide probes."
[1] "Identifying clashes with target and/or standard probes"
[1] "Identifying conflict with other guide probes."
[1] "Identifying clashes with target and/or standard probes"
[1] "Identifying conflict with other guide probes."
[1] "Could not configure this guide probe. Will try the next one in the list."
[1] "Identifying clashes with target and/or standard probes"
[1] "Identifying conflict with other guide probes."
[1] "Identifying clashes with target and/or standard probes"
[1] "Identifying conflict with other guide probes."
[1] "Minimizing conflicts with guide probe(s):"
[1] "3"
[1] "Identifying clashes with target and/or standard probes"
[1] "Identifying conflict with other guide probes."
[1] "Identifying clashes with target and/or standard probes"
[1] "Identifying conflict with other guide probes."
[1] "Identifying clashes with target and/or standard probes"
[1] "Identifying conflict with other guide probes."
[1] "Identifying clashes with target and/or standard probes"
[1] "Identifying conflict with other guide probes."
[1] "Minimizing conflicts with guide probe(s):"
[1] "5" "2"
[1] "Identifying clashes with target and/or standard probes"
[1] "Identifying conflict with other guide probes."
[1] "Identifying clashes with target and/or standard probes"
[1] "Identifying conflict with other guide probes."
[1] "Identifying clashes with target and/or standard probes"
[1] "Identifying conflict with other guide probes."
[1] "Identifying clashes with target and/or standard probes"
[1] "Identifying conflict with other guide probes."
[1] "Identifying clashes with target and/or standard probes"
[1] "Identifying conflict with other guide probes."
[1] "Identifying clashes with target and/or standard probes"
[1] "Identifying conflict with other guide probes."
[1] "Identifying clashes with target and/or standard probes"
[1] "Identifying conflict with other guide probes."
[1] "Identifying clashes with target and/or standard probes"
[1] "Identifying conflict with other guide probes."
[1] "Identifying clashes with target and/or standard probes"
[1] "Identifying conflict with other guide probes."
[1] "Identifying clashes with target and/or standard probes"
[1] "Identifying conflict with other guide probes."
[1] "Identifying clashes with target and/or standard probes"
[1] "Identifying conflict with other guide probes."
[1] "Identifying clashes with target and/or standard probes"
[1] "Identifying conflict with other guide probes."
[1] "Identifying clashes with target and/or standard probes"
[1] "Identifying conflict with other guide probes."
[1] "Minimizing conflicts with guide probe(s):"
[1] "6"
[1] "Identifying clashes with target and/or standard probes"
[1] "Identifying conflict with other guide probes."
[1] "Identifying clashes with target and/or standard probes"
[1] "Identifying conflict with other guide probes."
[1] "Identifying clashes with target and/or standard probes"
[1] "Identifying conflict with other guide probes."
[1] "Identifying clashes with target and/or standard probes"
[1] "Identifying conflict with other guide probes."
[1] "Identifying clashes with target and/or standard probes"
[1] "Identifying conflict with other guide probes."
[1] "Identifying clashes with target and/or standard probes"
[1] "Identifying conflict with other guide probes."
[1] "Identifying clashes with target and/or standard probes"
[1] "Identifying conflict with other guide probes."
[1] "Identifying clashes with target and/or standard probes"
[1] "Identifying conflict with other guide probes."
[1] "Identifying clashes with target and/or standard probes"
[1] "Identifying conflict with other guide probes."
[1] "Identifying clashes with target and/or standard probes"
[1] "Identifying conflict with other guide probes."
[1] "Identifying clashes with target and/or standard probes"
[1] "Identifying conflict with other guide probes."
[1] "Identifying clashes with target and/or standard probes"
[1] "Identifying conflict with other guide probes."
[1] "Identifying clashes with target and/or standard probes"
[1] "Identifying conflict with other guide probes."
[1] "Identifying clashes with target and/or standard probes"
[1] "Identifying conflict with other guide probes."
[1] "Identifying clashes with target and/or standard probes"
[1] "Identifying conflict with other guide probes."
[1] "Identifying clashes with target and/or standard probes"
[1] "Identifying conflict with other guide probes."
[1] "Identifying clashes with target and/or standard probes"
[1] "Identifying conflict with other guide probes."
[1] "Identifying clashes with target and/or standard probes"
[1] "Identifying conflict with other guide probes."
[1] "Identifying clashes with target and/or standard probes"
[1] "Identifying conflict with other guide probes."
[1] "Identifying clashes with target and/or standard probes"
[1] "Identifying conflict with other guide probes."
[1] "Identifying clashes with target and/or standard probes"
[1] "Identifying conflict with other guide probes."
[1] "Identifying clashes with target and/or standard probes"
[1] "Identifying conflict with other guide probes."
[1] "Identifying clashes with target and/or standard probes"
[1] "Identifying conflict with other guide probes."
[1] "Identifying clashes with target and/or standard probes"
[1] "Identifying conflict with other guide probes."
[1] "Identifying clashes with target and/or standard probes"
[1] "Identifying conflict with other guide probes."
[1] "Identifying clashes with target and/or standard probes"
[1] "Identifying conflict with other guide probes."
[1] "Identifying clashes with target and/or standard probes"
[1] "Identifying conflict with other guide probes."
[1] "Identifying clashes with target and/or standard probes"
[1] "Identifying conflict with other guide probes."
[1] "Identifying clashes with target and/or standard probes"
[1] "Identifying conflict with other guide probes."
[1] "Identifying clashes with target and/or standard probes"
[1] "Identifying conflict with other guide probes."
[1] "Identifying clashes with target and/or standard probes"
[1] "Identifying conflict with other guide probes."
[1] "Identifying clashes with target and/or standard probes"
[1] "Identifying conflict with other guide probes."
[1] "Identifying clashes with target and/or standard probes"
[1] "Identifying conflict with other guide probes."
[1] "Identifying clashes with target and/or standard probes"
[1] "Identifying conflict with other guide probes."
[1] "Identifying clashes with target and/or standard probes"
[1] "Identifying conflict with other guide probes."
[1] "Identifying clashes with target and/or standard probes"
[1] "Identifying conflict with other guide probes."
[1] "Identifying clashes with target and/or standard probes"
[1] "Identifying conflict with other guide probes."
[1] "Identifying clashes with target and/or standard probes"
[1] "Identifying conflict with other guide probes."
[1] "Identifying clashes with target and/or standard probes"
[1] "Identifying conflict with other guide probes."
[1] "Identifying clashes with target and/or standard probes"
[1] "Identifying conflict with other guide probes."
[1] "Identifying clashes with target and/or standard probes"
[1] "Identifying conflict with other guide probes."
[1] "Identifying clashes with target and/or standard probes"
[1] "Identifying conflict with other guide probes."
[1] "Identifying clashes with target and/or standard probes"
[1] "Identifying conflict with other guide probes."
[1] "Identifying clashes with target and/or standard probes"
[1] "Identifying conflict with other guide probes."
[1] "Identifying clashes with target and/or standard probes"
[1] "Identifying conflict with other guide probes."
[1] "Identifying clashes with target and/or standard probes"
[1] "Identifying conflict with other guide probes."
[1] "Identifying clashes with target and/or standard probes"
[1] "Identifying conflict with other guide probes."
[1] "Identifying clashes with target and/or standard probes"
[1] "Identifying conflict with other guide probes."
[1] "Identifying clashes with target and/or standard probes"
[1] "Identifying conflict with other guide probes."
[1] "Identifying clashes with target and/or standard probes"
[1] "Identifying conflict with other guide probes."
[1] "Could not configure this guide probe. Will try the next one in the list."
[1] "Identifying clashes with target and/or standard probes"
[1] "Identifying conflict with other guide probes."
[1] "Identifying clashes with target and/or standard probes"
[1] "Identifying conflict with other guide probes."
[1] "Minimizing conflicts with guide probe(s):"
[1] "6"
[1] "Identifying clashes with target and/or standard probes"
[1] "Identifying conflict with other guide probes."
[1] "Identifying clashes with target and/or standard probes"
[1] "Identifying conflict with other guide probes."
[1] "Here you go, here's your complete configuration!"
$pos
            x          y
1   -20.76634    8.54180
2   142.87521 -119.70248
3    30.91148   81.05024
4   117.98678  131.49855
5  -112.08184  145.97214
6    58.91591    6.93718
7   -65.01781  -59.61807
8  -156.24814    4.50364
9    14.26611 -133.48832
10  158.23173   81.51331
11 -132.50241   78.85692
12   37.41677  -67.14831
13   18.72448 -185.44787
14 -108.97236 -112.23173
15 -143.30285  -61.00189
16  167.33552   12.96733
17   27.11126  198.45104
18  167.68422  -50.59028
19   14.42098  137.38074
57   82.10527   96.25955
50   71.77375  116.43666

$rads
 [1]  22.45447 186.39209  86.74480 176.67130 184.03860  59.32292  88.21355
 [8] 156.31303 134.24848 177.99354 154.19242  76.86944 186.39077 156.43189
[15] 155.74639 167.83721 200.29437 175.14958 138.13556 126.51947 136.78073

$angs
 [1] -0.5382521  0.6396427 -0.4293512  2.9745751  0.3755098  3.8010776
 [7] -0.9227122 -1.0243649  1.2246392  1.0955746  3.0278794  1.0511361
[13]  4.4274031  2.3346665 -1.0749506  4.3801176  0.3661806  4.2967819
[19]  0.1155035  3.1234194  3.0662955

$azAngs
 [1] -0.39023453  2.44421740  4.34803084  3.98109653 -0.91598111  3.25880011
 [7]  0.74210112 -0.02881566  1.67726381  3.61728785 -0.53683516  2.07917024
[13]  1.67142426  0.80013177  0.40245080  3.21893108  4.57661514  2.84857723
[19]  4.60780110  4.00618065  4.15998420

$angs_azAng
 [1] 6.1351677 4.4786106 1.5058033 5.2766639 1.2914909 0.5422775 4.6183720
 [8] 5.2876360 5.8305607 3.7614721 3.5647146 5.2551512 2.7559789 1.5345347
[15] 4.8057839 1.1611865 2.0727508 1.4482046 1.7908877 5.4004241 5.1894966

$guidenum
[1] 1 2 4 5 6 8

$gpos
             x          y
138  -46.07198 -208.81454
134 -128.23683  122.54161
95   188.34858  -78.48904
111  -87.51548  -94.03972
107  -58.34758  101.93025
136  145.31697  -99.28241

$grads
[1] 213.8367 177.3729 204.0483 128.4618 117.4488 175.9944

$gangs
[1] 5.4339930 3.4182940 4.4707442 2.1563920 6.3178091 0.4692199

$gazAngs
[1]  1.3536396 -0.7626919  2.7467542  0.8213180 -1.0508982  2.5422224

$gangs_gazAng
[1] 4.080353 4.180986 1.723990 1.335074 1.085522 4.210183

$swaps
[1] FALSE

$flags
[1] "none"

[1] "There were  0  unresolvable conflicts in the field"
[1] "********************************************"
[1] "Writing outputs to results/TilingOutputs/240_m20_equally_spaced/Configuration/HECTORConfig_Hexa_240_m20_comissioning_000.txt"
[1] "********************************************"

