Building DAG of jobs...
Using shell: /bin/bash
Provided cores: 1 (use --cores to define parallelism)
Rules claiming more threads will be scaled down.
Conda environments: ignored
Job counts:
	count	jobs
	1	all
	1	select_stars
	2
Select jobs to execute...

[Fri Jun 11 14:11:39 2021]
rule select_stars:
    input: config/Field_240_m20.yaml
    output: results/StarCatalogues/Panstarrs_match_Gaia_240_m20_targets.csv, results/StarCatalogues/Panstarrs_match_Gaia_240_m20_standards.csv, results/StarCatalogues/Panstarrs_match_Gaia_240_m20_guides.csv
    jobid: 1

[Fri Jun 11 14:17:00 2021]
Finished job 1.
1 of 2 steps (50%) done
Select jobs to execute...

[Fri Jun 11 14:17:00 2021]
localrule all:
    input: results/StarCatalogues/Panstarrs_match_Gaia_240_m20_targets.csv, results/StarCatalogues/Panstarrs_match_Gaia_240_m20_standards.csv, results/StarCatalogues/Panstarrs_match_Gaia_240_m20_guides.csv
    jobid: 0

[Fri Jun 11 14:17:00 2021]
Finished job 0.
2 of 2 steps (100%) done
Complete log: /Users/samvaughan/Science/Hector/Targets/HectorInputCatalogues/Commissioning/StarFields/.snakemake/log/2021-06-11T141138.300029.snakemake.log
