Building DAG of jobs...
Using shell: /bin/bash
Provided cores: 1 (use --cores to define parallelism)
Rules claiming more threads will be scaled down.
Conda environments: ignored
Job counts:
	count	jobs
	1	all
	1	inform_finished
	1	run_tiling_within_half_radius
	3
Select jobs to execute...

[Thu Jun 17 16:19:16 2021]
rule run_tiling_within_half_radius:
    input: config/Field_300_m20_within_half_radius.yaml, results/StarCatalogues/300_m22_subset_targets_within_0.75.csv, results/StarCatalogues/Panstarrs_match_Gaia_300_m20_standards.csv, results/StarCatalogues/Panstarrs_match_Gaia_300_m20_guides.csv, results/SkyMasks/Mosaic/segmap_StarField_300_-22.fits
    output: results/TilingOutputs/300_m20_within_half_radius/completed_tiling.done
    jobid: 1

[Thu Jun 17 16:19:17 2021]
Finished job 1.
1 of 3 steps (33%) done
Select jobs to execute...

[Thu Jun 17 16:19:17 2021]
rule inform_finished:
    output: results/TilingOutputs/300_m20_within_half_radius/email_sent.done
    jobid: 6

[Thu Jun 17 16:19:18 2021]
Finished job 6.
2 of 3 steps (67%) done
Select jobs to execute...

[Thu Jun 17 16:19:18 2021]
localrule all:
    input: results/TilingOutputs/300_m20_within_half_radius/completed_tiling.done, results/TilingOutputs/300_m20_within_half_radius/email_sent.done
    jobid: 0

[Thu Jun 17 16:19:18 2021]
Finished job 0.
3 of 3 steps (100%) done
Complete log: /Users/samvaughan/Science/Hector/Targets/HectorInputCatalogues/Commissioning/StarFields/.snakemake/log/2021-06-17T161916.068230.snakemake.log
