Building DAG of jobs...
Using shell: /bin/bash
Provided cores: 1 (use --cores to define parallelism)
Rules claiming more threads will be scaled down.
Conda environments: ignored
Job counts:
	count	jobs
	1	all
	1	mask_targets_catalogue
	1	run_tiling_equally_spaced
	1	select_stars
	4
Select jobs to execute...

[Tue Jun 15 14:10:32 2021]
rule select_stars:
    output: results/StarCatalogues/Panstarrs_match_Gaia_270_m20_targets.csv, results/StarCatalogues/Panstarrs_match_Gaia_270_m20_standards.csv, results/StarCatalogues/Panstarrs_match_Gaia_270_m20_guides.csv
    jobid: 3

Terminating processes on user request, this might take some time.
[Tue Jun 15 14:10:33 2021]
Error in rule select_stars:
    jobid: 3
    output: results/StarCatalogues/Panstarrs_match_Gaia_270_m20_targets.csv, results/StarCatalogues/Panstarrs_match_Gaia_270_m20_standards.csv, results/StarCatalogues/Panstarrs_match_Gaia_270_m20_guides.csv

RuleException:
CalledProcessError in line 44 of /Users/samvaughan/Science/Hector/Targets/HectorInputCatalogues/Commissioning/StarFields/workflow/Snakefile:
Command 'set -euo pipefail;  /opt/anaconda3/envs/snakemake/bin/python3.9 /Users/samvaughan/Science/Hector/Targets/HectorInputCatalogues/Commissioning/StarFields/.snakemake/scripts/tmp_gv3z_c3.select_star_fields.py' died with <Signals.SIGINT: 2>.
  File "/opt/anaconda3/envs/snakemake/lib/python3.9/site-packages/snakemake/executors/__init__.py", line 2357, in run_wrapper
  File "/Users/samvaughan/Science/Hector/Targets/HectorInputCatalogues/Commissioning/StarFields/workflow/Snakefile", line 44, in __rule_select_stars
  File "/opt/anaconda3/envs/snakemake/lib/python3.9/site-packages/snakemake/executors/__init__.py", line 574, in _callback
  File "/opt/anaconda3/envs/snakemake/lib/python3.9/concurrent/futures/thread.py", line 52, in run
  File "/opt/anaconda3/envs/snakemake/lib/python3.9/site-packages/snakemake/executors/__init__.py", line 560, in cached_or_run
  File "/opt/anaconda3/envs/snakemake/lib/python3.9/site-packages/snakemake/executors/__init__.py", line 2390, in run_wrapper
Complete log: /Users/samvaughan/Science/Hector/Targets/HectorInputCatalogues/Commissioning/StarFields/.snakemake/log/2021-06-15T141031.563168.snakemake.log
