Building DAG of jobs...
Using shell: /bin/bash
Provided cores: 1 (use --cores to define parallelism)
Rules claiming more threads will be scaled down.
Conda environments: ignored
Job counts:
	count	jobs
	1	all
	1	mask_targets_catalogue
	1	run_tiling_equally_spaced
	1	select_stars
	4
Select jobs to execute...

[Tue Jun 15 15:24:50 2021]
rule select_stars:
    output: results/StarCatalogues/Panstarrs_match_Gaia_350_m20_targets.csv, results/StarCatalogues/Panstarrs_match_Gaia_350_m20_standards.csv, results/StarCatalogues/Panstarrs_match_Gaia_350_m20_guides.csv
    jobid: 3

[Tue Jun 15 15:27:45 2021]
Finished job 3.
1 of 4 steps (25%) done
Select jobs to execute...

[Tue Jun 15 15:27:45 2021]
rule mask_targets_catalogue:
    input: results/StarCatalogues/Panstarrs_match_Gaia_350_m20_targets.csv, resources/IDs_for_tile_selection/350_m22_equally_spaced_IDs.txt
    output: results/StarCatalogues/equally_spaced_350_m22.csv
    jobid: 2

[Tue Jun 15 15:27:46 2021]
Error in rule mask_targets_catalogue:
    jobid: 2
    output: results/StarCatalogues/equally_spaced_350_m22.csv

RuleException:
CalledProcessError in line 56 of /Users/samvaughan/Science/Hector/Targets/HectorInputCatalogues/Commissioning/StarFields/workflow/Snakefile:
Command 'set -euo pipefail;  /opt/anaconda3/envs/snakemake/bin/python3.9 /Users/samvaughan/Science/Hector/Targets/HectorInputCatalogues/Commissioning/StarFields/.snakemake/scripts/tmpkw2d76ta.mask_star_catalogue.py' returned non-zero exit status 1.
  File "/opt/anaconda3/envs/snakemake/lib/python3.9/site-packages/snakemake/executors/__init__.py", line 2357, in run_wrapper
  File "/Users/samvaughan/Science/Hector/Targets/HectorInputCatalogues/Commissioning/StarFields/workflow/Snakefile", line 56, in __rule_mask_targets_catalogue
  File "/opt/anaconda3/envs/snakemake/lib/python3.9/site-packages/snakemake/executors/__init__.py", line 574, in _callback
  File "/opt/anaconda3/envs/snakemake/lib/python3.9/concurrent/futures/thread.py", line 52, in run
  File "/opt/anaconda3/envs/snakemake/lib/python3.9/site-packages/snakemake/executors/__init__.py", line 560, in cached_or_run
  File "/opt/anaconda3/envs/snakemake/lib/python3.9/site-packages/snakemake/executors/__init__.py", line 2390, in run_wrapper
Shutting down, this might take some time.
Exiting because a job execution failed. Look above for error message
Complete log: /Users/samvaughan/Science/Hector/Targets/HectorInputCatalogues/Commissioning/StarFields/.snakemake/log/2021-06-15T152449.671442.snakemake.log
