Building DAG of jobs...
Using shell: /bin/bash
Provided cores: 1 (use --cores to define parallelism)
Rules claiming more threads will be scaled down.
Conda environments: ignored
Job counts:
	count	jobs
	1	all
	1	mask_targets_catalogue
	1	run_tiling_equally_spaced
	3
Select jobs to execute...

[Tue Jun 15 14:06:54 2021]
rule mask_targets_catalogue:
    input: results/StarCatalogues/Panstarrs_match_Gaia_270_m20_targets.csv
    output: results/StarCatalogues/equally_spaced_270_m22.csv
    jobid: 2

[Tue Jun 15 14:06:56 2021]
Error in rule mask_targets_catalogue:
    jobid: 2
    output: results/StarCatalogues/equally_spaced_270_m22.csv

RuleException:
CalledProcessError in line 53 of /Users/samvaughan/Science/Hector/Targets/HectorInputCatalogues/Commissioning/StarFields/workflow/Snakefile:
Command 'set -euo pipefail;  /opt/anaconda3/envs/snakemake/bin/python3.9 /Users/samvaughan/Science/Hector/Targets/HectorInputCatalogues/Commissioning/StarFields/.snakemake/scripts/tmpfbkvpl7s.mask_star_catalogue.py' returned non-zero exit status 1.
  File "/opt/anaconda3/envs/snakemake/lib/python3.9/site-packages/snakemake/executors/__init__.py", line 2357, in run_wrapper
  File "/Users/samvaughan/Science/Hector/Targets/HectorInputCatalogues/Commissioning/StarFields/workflow/Snakefile", line 53, in __rule_mask_targets_catalogue
  File "/opt/anaconda3/envs/snakemake/lib/python3.9/site-packages/snakemake/executors/__init__.py", line 574, in _callback
  File "/opt/anaconda3/envs/snakemake/lib/python3.9/concurrent/futures/thread.py", line 52, in run
  File "/opt/anaconda3/envs/snakemake/lib/python3.9/site-packages/snakemake/executors/__init__.py", line 560, in cached_or_run
  File "/opt/anaconda3/envs/snakemake/lib/python3.9/site-packages/snakemake/executors/__init__.py", line 2390, in run_wrapper
Shutting down, this might take some time.
Exiting because a job execution failed. Look above for error message
Complete log: /Users/samvaughan/Science/Hector/Targets/HectorInputCatalogues/Commissioning/StarFields/.snakemake/log/2021-06-15T140654.339130.snakemake.log
