Building DAG of jobs...
Using shell: /bin/bash
Provided cores: 1 (use --cores to define parallelism)
Rules claiming more threads will be scaled down.
Conda environments: ignored
Job counts:
	count	jobs
	1	all
	1	inform_finished
	1	run_tiling_within_half_radius
	3
Select jobs to execute...

[Thu Jun 17 16:18:53 2021]
rule run_tiling_within_half_radius:
    input: config/Field_300_m20_within_half_radius.yaml, results/StarCatalogues/300_m22_subset_targets_within_0.75.csv, results/StarCatalogues/Panstarrs_match_Gaia_300_m20_standards.csv, results/StarCatalogues/Panstarrs_match_Gaia_300_m20_guides.csv, results/SkyMasks/Mosaic/segmap_StarField_300_-22.fits
    output: results/TilingOutputs/300_m20_within_half_radius/completed_tiling.done
    jobid: 1

Waiting at most 5 seconds for missing files.
MissingOutputException in line 83 of /Users/samvaughan/Science/Hector/Targets/HectorInputCatalogues/Commissioning/StarFields/workflow/Snakefile:
Job Missing files after 5 seconds:
results/TilingOutputs/300_m20_within_half_radius/completed_tiling.done
This might be due to filesystem latency. If that is the case, consider to increase the wait time with --latency-wait.
Job id: 1 completed successfully, but some output files are missing. 1
  File "/opt/anaconda3/envs/snakemake/lib/python3.9/site-packages/snakemake/executors/__init__.py", line 589, in handle_job_success
  File "/opt/anaconda3/envs/snakemake/lib/python3.9/site-packages/snakemake/executors/__init__.py", line 252, in handle_job_success
Shutting down, this might take some time.
Exiting because a job execution failed. Look above for error message
Complete log: /Users/samvaughan/Science/Hector/Targets/HectorInputCatalogues/Commissioning/StarFields/.snakemake/log/2021-06-17T161852.993604.snakemake.log
