Building DAG of jobs...
Using shell: /bin/bash
Provided cores: 1 (use --cores to define parallelism)
Rules claiming more threads will be scaled down.
Conda environments: ignored
Job counts:
	count	jobs
	1	all
	1	run_tiling_entire_catalogue
	1	select_stars
	3
Select jobs to execute...

[Tue Jun 15 11:13:30 2021]
rule select_stars:
    output: results/StarCatalogues/Panstarrs_match_Gaia_270_m20_targets.csv, results/StarCatalogues/Panstarrs_match_Gaia_270_m20_standards.csv, results/StarCatalogues/Panstarrs_match_Gaia_270_m20_guides.csv
    jobid: 2

Waiting at most 5 seconds for missing files.
MissingOutputException in line 34 of /Users/samvaughan/Science/Hector/Targets/HectorInputCatalogues/Commissioning/StarFields/workflow/Snakefile:
Job Missing files after 5 seconds:
results/StarCatalogues/Panstarrs_match_Gaia_270_m20_targets.csv
results/StarCatalogues/Panstarrs_match_Gaia_270_m20_standards.csv
results/StarCatalogues/Panstarrs_match_Gaia_270_m20_guides.csv
This might be due to filesystem latency. If that is the case, consider to increase the wait time with --latency-wait.
Job id: 2 completed successfully, but some output files are missing. 2
  File "/opt/anaconda3/envs/snakemake/lib/python3.9/site-packages/snakemake/executors/__init__.py", line 589, in handle_job_success
  File "/opt/anaconda3/envs/snakemake/lib/python3.9/site-packages/snakemake/executors/__init__.py", line 252, in handle_job_success
Shutting down, this might take some time.
Exiting because a job execution failed. Look above for error message
Complete log: /Users/samvaughan/Science/Hector/Targets/HectorInputCatalogues/Commissioning/StarFields/.snakemake/log/2021-06-15T111328.720200.snakemake.log
