Building DAG of jobs...
Using shell: /bin/bash
Provided cores: 1 (use --cores to define parallelism)
Rules claiming more threads will be scaled down.
Conda environments: ignored
Job counts:
	count	jobs
	1	all
	1	run_tiling_entire_catalogue
	1	select_stars
	3
Select jobs to execute...

[Tue Jun 15 11:01:53 2021]
rule select_stars:
    output: results/StarCatalogues/Panstarrs_match_Gaia_270_m20_targets.csv, results/StarCatalogues/Panstarrs_match_Gaia_270_m20_standards.csv, results/StarCatalogues/Panstarrs_match_Gaia_270_m20_guides.csv
    jobid: 2

[Tue Jun 15 11:13:21 2021]
Error in rule select_stars:
    jobid: 2
    output: results/StarCatalogues/Panstarrs_match_Gaia_270_m20_targets.csv, results/StarCatalogues/Panstarrs_match_Gaia_270_m20_standards.csv, results/StarCatalogues/Panstarrs_match_Gaia_270_m20_guides.csv

RuleException:
CalledProcessError in line 44 of /Users/samvaughan/Science/Hector/Targets/HectorInputCatalogues/Commissioning/StarFields/workflow/Snakefile:
Command 'set -euo pipefail;  /opt/anaconda3/envs/snakemake/bin/python3.9 /Users/samvaughan/Science/Hector/Targets/HectorInputCatalogues/Commissioning/StarFields/.snakemake/scripts/tmpm1so8p8p.select_star_fields.py' returned non-zero exit status 1.
  File "/opt/anaconda3/envs/snakemake/lib/python3.9/site-packages/snakemake/executors/__init__.py", line 2357, in run_wrapper
  File "/Users/samvaughan/Science/Hector/Targets/HectorInputCatalogues/Commissioning/StarFields/workflow/Snakefile", line 44, in __rule_select_stars
  File "/opt/anaconda3/envs/snakemake/lib/python3.9/site-packages/snakemake/executors/__init__.py", line 574, in _callback
  File "/opt/anaconda3/envs/snakemake/lib/python3.9/concurrent/futures/thread.py", line 52, in run
  File "/opt/anaconda3/envs/snakemake/lib/python3.9/site-packages/snakemake/executors/__init__.py", line 560, in cached_or_run
  File "/opt/anaconda3/envs/snakemake/lib/python3.9/site-packages/snakemake/executors/__init__.py", line 2390, in run_wrapper
Shutting down, this might take some time.
Exiting because a job execution failed. Look above for error message
Complete log: /Users/samvaughan/Science/Hector/Targets/HectorInputCatalogues/Commissioning/StarFields/.snakemake/log/2021-06-15T110152.000738.snakemake.log
