Building DAG of jobs...
Using shell: /bin/bash
Provided cores: 1 (use --cores to define parallelism)
Rules claiming more threads will be scaled down.
Conda environments: ignored
Job counts:
	count	jobs
	1	all
	1	mask_targets_catalogue
	1	run_tiling_equally_spaced
	3
Select jobs to execute...

[Tue Jun 15 16:20:24 2021]
rule mask_targets_catalogue:
    input: results/StarCatalogues/Panstarrs_match_Gaia_350_m20_targets.csv, resources/IDs_for_tile_selection/350_m22_equally_spaced_IDs.txt
    output: results/StarCatalogues/equally_spaced_350_m22.csv
    jobid: 2

[Tue Jun 15 16:20:25 2021]
Finished job 2.
1 of 3 steps (33%) done
Select jobs to execute...

[Tue Jun 15 16:20:25 2021]
rule run_tiling_equally_spaced:
    input: config/Field_350_m20_equally_spaced.yaml, results/StarCatalogues/equally_spaced_350_m22.csv, results/StarCatalogues/Panstarrs_match_Gaia_350_m20_standards.csv, results/StarCatalogues/Panstarrs_match_Gaia_350_m20_guides.csv, results/SkyMasks/Mosaic/segmap_StarField_351.4_-22.fits
    output: results/TilingOutputs/350_m20_equally_spaced/completed_tiling.done
    jobid: 1

[Tue Jun 15 16:20:51 2021]
Finished job 1.
2 of 3 steps (67%) done
Select jobs to execute...

[Tue Jun 15 16:20:51 2021]
localrule all:
    input: results/TilingOutputs/350_m20_equally_spaced/completed_tiling.done
    jobid: 0

[Tue Jun 15 16:20:51 2021]
Finished job 0.
3 of 3 steps (100%) done
Complete log: /Users/samvaughan/Science/Hector/Targets/HectorInputCatalogues/Commissioning/StarFields/.snakemake/log/2021-06-15T162023.439499.snakemake.log
