2021-06-08 13:50:54,315: - Robot Temperature: 19 C, Obs Temperature: 8 C. date=2021 07 10


2021-06-08 13:50:54,328: - Adding extra columns to the target dataframe
2021-06-08 13:50:54,329: - Total Targets in field to tile: 1000

2021-06-08 13:50:54,329: - Tile 0:
2021-06-08 13:50:54,329: - 	Remaining Targets: 1000
2021-06-08 13:51:00,624: - 	Distortion-corrected tile saved at TilingOutputs/300_m20/DistortionCorrected/DC_tile_000.fld...
2021-06-08 13:51:00,644: - FINISHED TILE 0


2021-06-08 13:51:00,692: - Tile 1:
2021-06-08 13:51:00,693: - 	Remaining Targets: 981
2021-06-08 13:51:02,023: - 	Distortion-corrected tile saved at TilingOutputs/300_m20/DistortionCorrected/DC_tile_001.fld...
2021-06-08 13:51:02,032: - FINISHED TILE 1


2021-06-08 13:51:02,079: - Tile 2:
2021-06-08 13:51:02,080: - 	Remaining Targets: 962
2021-06-08 13:51:03,300: - 	Distortion-corrected tile saved at TilingOutputs/300_m20/DistortionCorrected/DC_tile_002.fld...
2021-06-08 13:51:03,309: - FINISHED TILE 2


2021-06-08 13:51:03,356: - Tile 3:
2021-06-08 13:51:03,357: - 	Remaining Targets: 943
2021-06-08 13:51:04,572: - 	Distortion-corrected tile saved at TilingOutputs/300_m20/DistortionCorrected/DC_tile_003.fld...
2021-06-08 13:51:04,581: - FINISHED TILE 3


2021-06-08 13:51:04,633: - Tile 4:
2021-06-08 13:51:04,634: - 	Remaining Targets: 924
2021-06-08 13:51:05,849: - 	Distortion-corrected tile saved at TilingOutputs/300_m20/DistortionCorrected/DC_tile_004.fld...
2021-06-08 13:51:05,858: - FINISHED TILE 4


2021-06-08 13:51:05,914: - Tile 5:
2021-06-08 13:51:05,914: - 	Remaining Targets: 905
2021-06-08 13:51:07,193: - 	Distortion-corrected tile saved at TilingOutputs/300_m20/DistortionCorrected/DC_tile_005.fld...
2021-06-08 13:51:07,203: - FINISHED TILE 5


2021-06-08 13:51:07,254: - Tile 6:
2021-06-08 13:51:07,254: - 	Remaining Targets: 886
2021-06-08 13:51:08,469: - 	Distortion-corrected tile saved at TilingOutputs/300_m20/DistortionCorrected/DC_tile_006.fld...
2021-06-08 13:51:08,479: - FINISHED TILE 6


2021-06-08 13:51:08,534: - Tile 7:
2021-06-08 13:51:08,535: - 	Remaining Targets: 867
2021-06-08 13:51:09,691: - 	Distortion-corrected tile saved at TilingOutputs/300_m20/DistortionCorrected/DC_tile_007.fld...
2021-06-08 13:51:09,701: - FINISHED TILE 7


2021-06-08 13:51:09,754: - Tile 8:
2021-06-08 13:51:09,755: - 	Remaining Targets: 848
2021-06-08 13:51:10,921: - 	Distortion-corrected tile saved at TilingOutputs/300_m20/DistortionCorrected/DC_tile_008.fld...
2021-06-08 13:51:10,931: - FINISHED TILE 8


2021-06-08 13:51:10,984: - Tile 9:
2021-06-08 13:51:10,984: - 	Remaining Targets: 829
2021-06-08 13:51:12,059: - 	Distortion-corrected tile saved at TilingOutputs/300_m20/DistortionCorrected/DC_tile_009.fld...
2021-06-08 13:51:12,069: - FINISHED TILE 9


2021-06-08 13:51:12,123: - Tile 10:
2021-06-08 13:51:12,124: - 	Remaining Targets: 810
2021-06-08 13:51:13,284: - 	Distortion-corrected tile saved at TilingOutputs/300_m20/DistortionCorrected/DC_tile_010.fld...
2021-06-08 13:51:13,294: - FINISHED TILE 10


2021-06-08 13:51:13,349: - Tile 11:
2021-06-08 13:51:13,349: - 	Remaining Targets: 791
2021-06-08 13:51:14,401: - 	Distortion-corrected tile saved at TilingOutputs/300_m20/DistortionCorrected/DC_tile_011.fld...
2021-06-08 13:51:14,410: - FINISHED TILE 11


2021-06-08 13:51:14,467: - Tile 12:
2021-06-08 13:51:14,467: - 	Remaining Targets: 772
2021-06-08 13:51:15,507: - 	Distortion-corrected tile saved at TilingOutputs/300_m20/DistortionCorrected/DC_tile_012.fld...
2021-06-08 13:51:15,517: - FINISHED TILE 12


2021-06-08 13:51:15,575: - Tile 13:
2021-06-08 13:51:15,575: - 	Remaining Targets: 753
2021-06-08 13:51:16,659: - 	Distortion-corrected tile saved at TilingOutputs/300_m20/DistortionCorrected/DC_tile_013.fld...
2021-06-08 13:51:16,670: - FINISHED TILE 13


2021-06-08 13:51:16,731: - Tile 14:
2021-06-08 13:51:16,731: - 	Remaining Targets: 734
2021-06-08 13:51:17,831: - 	Distortion-corrected tile saved at TilingOutputs/300_m20/DistortionCorrected/DC_tile_014.fld...
2021-06-08 13:51:17,841: - FINISHED TILE 14


2021-06-08 13:51:17,903: - Tile 15:
2021-06-08 13:51:17,903: - 	Remaining Targets: 715
2021-06-08 13:51:19,001: - 	Distortion-corrected tile saved at TilingOutputs/300_m20/DistortionCorrected/DC_tile_015.fld...
2021-06-08 13:51:19,010: - FINISHED TILE 15


2021-06-08 13:51:19,073: - Tile 16:
2021-06-08 13:51:19,073: - 	Remaining Targets: 696
2021-06-08 13:51:20,087: - 	Distortion-corrected tile saved at TilingOutputs/300_m20/DistortionCorrected/DC_tile_016.fld...
2021-06-08 13:51:20,096: - FINISHED TILE 16


2021-06-08 13:51:20,157: - Tile 17:
2021-06-08 13:51:20,157: - 	Remaining Targets: 677
2021-06-08 13:51:21,252: - 	Distortion-corrected tile saved at TilingOutputs/300_m20/DistortionCorrected/DC_tile_017.fld...
2021-06-08 13:51:21,262: - FINISHED TILE 17


2021-06-08 13:51:21,323: - Tile 18:
2021-06-08 13:51:21,323: - 	Remaining Targets: 658
2021-06-08 13:51:22,281: - 	Distortion-corrected tile saved at TilingOutputs/300_m20/DistortionCorrected/DC_tile_018.fld...
2021-06-08 13:51:22,291: - FINISHED TILE 18


2021-06-08 13:51:22,353: - Tile 19:
2021-06-08 13:51:22,353: - 	Remaining Targets: 639
2021-06-08 13:51:23,298: - 	Distortion-corrected tile saved at TilingOutputs/300_m20/DistortionCorrected/DC_tile_019.fld...
2021-06-08 13:51:23,308: - FINISHED TILE 19


2021-06-08 13:51:23,371: - Tile 20:
2021-06-08 13:51:23,371: - 	Remaining Targets: 620
2021-06-08 13:51:24,313: - 	Distortion-corrected tile saved at TilingOutputs/300_m20/DistortionCorrected/DC_tile_020.fld...
2021-06-08 13:51:24,323: - FINISHED TILE 20


2021-06-08 13:51:24,387: - Tile 21:
2021-06-08 13:51:24,388: - 	Remaining Targets: 601
2021-06-08 13:51:25,350: - 	Distortion-corrected tile saved at TilingOutputs/300_m20/DistortionCorrected/DC_tile_021.fld...
2021-06-08 13:51:25,360: - FINISHED TILE 21


2021-06-08 13:51:25,427: - Tile 22:
2021-06-08 13:51:25,427: - 	Remaining Targets: 582
2021-06-08 13:51:26,363: - 	Distortion-corrected tile saved at TilingOutputs/300_m20/DistortionCorrected/DC_tile_022.fld...
2021-06-08 13:51:26,374: - FINISHED TILE 22


2021-06-08 13:51:26,440: - Tile 23:
2021-06-08 13:51:26,440: - 	Remaining Targets: 563
2021-06-08 13:51:27,369: - 	Distortion-corrected tile saved at TilingOutputs/300_m20/DistortionCorrected/DC_tile_023.fld...
2021-06-08 13:51:27,378: - FINISHED TILE 23


2021-06-08 13:51:27,446: - Tile 24:
2021-06-08 13:51:27,446: - 	Remaining Targets: 544
2021-06-08 13:51:28,359: - 	Distortion-corrected tile saved at TilingOutputs/300_m20/DistortionCorrected/DC_tile_024.fld...
2021-06-08 13:51:28,369: - FINISHED TILE 24


2021-06-08 13:51:28,437: - Tile 25:
2021-06-08 13:51:28,437: - 	Remaining Targets: 525
2021-06-08 13:51:29,496: - 	Distortion-corrected tile saved at TilingOutputs/300_m20/DistortionCorrected/DC_tile_025.fld...
2021-06-08 13:51:29,506: - FINISHED TILE 25


2021-06-08 13:51:29,575: - Tile 26:
2021-06-08 13:51:29,575: - 	Remaining Targets: 506
2021-06-08 13:51:30,478: - 	Distortion-corrected tile saved at TilingOutputs/300_m20/DistortionCorrected/DC_tile_026.fld...
2021-06-08 13:51:30,488: - FINISHED TILE 26


2021-06-08 13:51:30,557: - Tile 27:
2021-06-08 13:51:30,557: - 	Remaining Targets: 487
2021-06-08 13:51:31,483: - 	Distortion-corrected tile saved at TilingOutputs/300_m20/DistortionCorrected/DC_tile_027.fld...
2021-06-08 13:51:31,493: - FINISHED TILE 27


2021-06-08 13:51:31,565: - Tile 28:
2021-06-08 13:51:31,565: - 	Remaining Targets: 468
2021-06-08 13:51:32,458: - 	Distortion-corrected tile saved at TilingOutputs/300_m20/DistortionCorrected/DC_tile_028.fld...
2021-06-08 13:51:32,467: - FINISHED TILE 28


2021-06-08 13:51:32,538: - Tile 29:
2021-06-08 13:51:32,539: - 	Remaining Targets: 449
2021-06-08 13:51:33,436: - 	Distortion-corrected tile saved at TilingOutputs/300_m20/DistortionCorrected/DC_tile_029.fld...
2021-06-08 13:51:33,446: - FINISHED TILE 29


2021-06-08 13:51:33,518: - Tile 30:
2021-06-08 13:51:33,518: - 	Remaining Targets: 430
2021-06-08 13:51:34,400: - 	Distortion-corrected tile saved at TilingOutputs/300_m20/DistortionCorrected/DC_tile_030.fld...
2021-06-08 13:51:34,409: - FINISHED TILE 30


2021-06-08 13:51:34,482: - Tile 31:
2021-06-08 13:51:34,482: - 	Remaining Targets: 411
2021-06-08 13:51:35,378: - 	Distortion-corrected tile saved at TilingOutputs/300_m20/DistortionCorrected/DC_tile_031.fld...
2021-06-08 13:51:35,387: - FINISHED TILE 31


2021-06-08 13:51:35,461: - Tile 32:
2021-06-08 13:51:35,461: - 	Remaining Targets: 392
2021-06-08 13:51:36,335: - 	Distortion-corrected tile saved at TilingOutputs/300_m20/DistortionCorrected/DC_tile_032.fld...
2021-06-08 13:51:36,345: - FINISHED TILE 32


2021-06-08 13:51:36,420: - Tile 33:
2021-06-08 13:51:36,420: - 	Remaining Targets: 373
2021-06-08 13:51:37,314: - 	Distortion-corrected tile saved at TilingOutputs/300_m20/DistortionCorrected/DC_tile_033.fld...
2021-06-08 13:51:37,324: - FINISHED TILE 33


2021-06-08 13:51:37,401: - Tile 34:
2021-06-08 13:51:37,401: - 	Remaining Targets: 354
2021-06-08 13:51:38,267: - 	Distortion-corrected tile saved at TilingOutputs/300_m20/DistortionCorrected/DC_tile_034.fld...
2021-06-08 13:51:38,278: - FINISHED TILE 34


2021-06-08 13:51:38,353: - Tile 35:
2021-06-08 13:51:38,353: - 	Remaining Targets: 335
2021-06-08 13:51:39,412: - 	Distortion-corrected tile saved at TilingOutputs/300_m20/DistortionCorrected/DC_tile_035.fld...
2021-06-08 13:51:39,422: - FINISHED TILE 35


2021-06-08 13:51:39,506: - Tile 36:
2021-06-08 13:51:39,506: - 	Remaining Targets: 316
2021-06-08 13:51:40,384: - 	Distortion-corrected tile saved at TilingOutputs/300_m20/DistortionCorrected/DC_tile_036.fld...
2021-06-08 13:51:40,394: - FINISHED TILE 36


2021-06-08 13:51:40,475: - Tile 37:
2021-06-08 13:51:40,475: - 	Remaining Targets: 297
2021-06-08 13:51:41,386: - 	Distortion-corrected tile saved at TilingOutputs/300_m20/DistortionCorrected/DC_tile_037.fld...
2021-06-08 13:51:41,396: - FINISHED TILE 37


2021-06-08 13:51:41,476: - Tile 38:
2021-06-08 13:51:41,476: - 	Remaining Targets: 278
2021-06-08 13:51:42,335: - 	Distortion-corrected tile saved at TilingOutputs/300_m20/DistortionCorrected/DC_tile_038.fld...
2021-06-08 13:51:42,345: - FINISHED TILE 38


2021-06-08 13:51:42,427: - Tile 39:
2021-06-08 13:51:42,427: - 	Remaining Targets: 259
2021-06-08 13:51:43,303: - 	Distortion-corrected tile saved at TilingOutputs/300_m20/DistortionCorrected/DC_tile_039.fld...
2021-06-08 13:51:43,314: - FINISHED TILE 39


2021-06-08 13:51:43,493: - Tile 40:
2021-06-08 13:51:43,516: - 	Remaining Targets: 240
2021-06-08 13:51:44,523: - 	Distortion-corrected tile saved at TilingOutputs/300_m20/DistortionCorrected/DC_tile_040.fld...
2021-06-08 13:51:44,534: - FINISHED TILE 40


2021-06-08 13:51:44,619: - Tile 41:
2021-06-08 13:51:44,619: - 	Remaining Targets: 221
2021-06-08 13:51:45,535: - 	Distortion-corrected tile saved at TilingOutputs/300_m20/DistortionCorrected/DC_tile_041.fld...
2021-06-08 13:51:45,546: - FINISHED TILE 41


2021-06-08 13:51:45,643: - Tile 42:
2021-06-08 13:51:45,644: - 	Remaining Targets: 202
2021-06-08 13:51:46,627: - 	Distortion-corrected tile saved at TilingOutputs/300_m20/DistortionCorrected/DC_tile_042.fld...
2021-06-08 13:51:46,639: - FINISHED TILE 42


2021-06-08 13:51:46,726: - Tile 43:
2021-06-08 13:51:46,726: - 	Remaining Targets: 183
2021-06-08 13:51:47,620: - 	Distortion-corrected tile saved at TilingOutputs/300_m20/DistortionCorrected/DC_tile_043.fld...
2021-06-08 13:51:47,631: - FINISHED TILE 43


2021-06-08 13:51:47,718: - Tile 44:
2021-06-08 13:51:47,718: - 	Remaining Targets: 164
2021-06-08 13:51:48,588: - 	Distortion-corrected tile saved at TilingOutputs/300_m20/DistortionCorrected/DC_tile_044.fld...
2021-06-08 13:51:48,597: - FINISHED TILE 44


2021-06-08 13:51:48,684: - Tile 45:
2021-06-08 13:51:48,684: - 	Remaining Targets: 145
2021-06-08 13:51:49,586: - 	Distortion-corrected tile saved at TilingOutputs/300_m20/DistortionCorrected/DC_tile_045.fld...
2021-06-08 13:51:49,597: - FINISHED TILE 45


2021-06-08 13:51:49,687: - Tile 46:
2021-06-08 13:51:49,687: - 	Remaining Targets: 126
2021-06-08 13:51:50,627: - 	Distortion-corrected tile saved at TilingOutputs/300_m20/DistortionCorrected/DC_tile_046.fld...
2021-06-08 13:51:50,637: - FINISHED TILE 46


2021-06-08 13:51:50,727: - Tile 47:
2021-06-08 13:51:50,727: - 	Remaining Targets: 107
2021-06-08 13:51:51,883: - 	Distortion-corrected tile saved at TilingOutputs/300_m20/DistortionCorrected/DC_tile_047.fld...
2021-06-08 13:51:51,895: - FINISHED TILE 47


2021-06-08 13:51:51,986: - Tile 48:
2021-06-08 13:51:51,987: - 	Remaining Targets: 88
2021-06-08 13:51:52,897: - 	Distortion-corrected tile saved at TilingOutputs/300_m20/DistortionCorrected/DC_tile_048.fld...
2021-06-08 13:51:52,908: - FINISHED TILE 48


2021-06-08 13:51:53,001: - Tile 49:
2021-06-08 13:51:53,002: - 	Remaining Targets: 69
2021-06-08 13:51:53,884: - 	Distortion-corrected tile saved at TilingOutputs/300_m20/DistortionCorrected/DC_tile_049.fld...
2021-06-08 13:51:53,895: - FINISHED TILE 49


2021-06-08 13:51:53,986: - Tile 50:
2021-06-08 13:51:53,986: - 	Remaining Targets: 50
2021-06-08 13:51:54,876: - 	Distortion-corrected tile saved at TilingOutputs/300_m20/DistortionCorrected/DC_tile_050.fld...
2021-06-08 13:51:54,887: - FINISHED TILE 50


2021-06-08 13:51:54,980: - Tile 51:
2021-06-08 13:51:54,980: - 	Remaining Targets: 31
2021-06-08 13:51:55,880: - 	Distortion-corrected tile saved at TilingOutputs/300_m20/DistortionCorrected/DC_tile_051.fld...
2021-06-08 13:51:55,890: - FINISHED TILE 51


2021-06-08 13:51:55,983: - Tile 52:
2021-06-08 13:51:55,983: - 	Remaining Targets: 17
2021-06-08 13:51:56,871: - 	Distortion-corrected tile saved at TilingOutputs/300_m20/DistortionCorrected/DC_tile_052.fld...
2021-06-08 13:51:56,882: - FINISHED TILE 52


2021-06-08 13:51:56,979: - Tile 53:
2021-06-08 13:51:56,979: - 	Remaining Targets: 6
