2021-06-10 13:43:33,842: - [1] "********************************************"
[1] "Configuring field TilingOutputs/300_m20_equally_spaced/DistortionCorrected/DC_tile_000.fld"
[1] "********************************************"
[1] "Identifying initial conflicts"
  Probe_1st Probe_2nd PercentArea
1         2        16        24.9
2         9        15        22.3
3        13        18         1.2
[1] "Minimizing the overlaping area by rotating probes"
[1] "Wrapping around MinimizeConflicts"
[1] "Starting (again) with delta_ang = 20"
[1] "19 galaxy probes are in! Let's put some standard stars probes!"
[1] "Adding some standards."
[1] "standard 1 configured successfully."
[1] "standard 2 configured successfully."
$pos
            x          y
1   143.93961   72.78251
2   182.72543   -6.47045
3  -125.67473 -160.95565
4  -179.41402   58.15360
5    13.25013 -102.98756
6    -3.64166  205.98942
7    36.36261  -11.01558
8  -195.26862   -4.26642
9  -137.99841  129.17602
10  102.81822  142.24267
11   10.15818   61.34818
12   92.30242 -167.57522
14  -67.69739 -106.88136
15 -159.72245 -111.94375
16  -20.32389  142.86405
17  171.32338  -65.76023
18  -74.20511   -5.62103
19  -16.85893 -163.71339
46   47.65093  129.80409
69   47.73308  -71.80453

$angs
 [1]  1.12185194 -1.37647313  2.66399508  2.13398324  1.46349628  0.45086145
 [7]  3.80290785 -1.56693231  2.75987343  2.83664668  3.41307167  0.56431094
[13]  1.90853885  2.52147258  0.05886058  4.24051881 -0.77334066 -1.05995728
[19]  3.02858928  1.27059018

$cegs
 [1] 1 2 1 1 1 3 2 3 2 2 2 1 1 1 3 2 3 3 2 1

$stdflag
[1] "none"

[1] "19 galaxy probes and 2 standard probes are in! Let's put some standard guide probes!"
             x          y
97  -200.04025  -25.81988
128   -6.20386 -198.78469
112 -182.30980  -72.39886
95  -177.27735  -48.60565
86  -170.07779  -28.20581
106 -101.67533 -130.71834
108 -135.67206  -45.59147
119 -102.65051  -54.71545
107  -88.45664  -24.55111
94   -56.09757  -45.55871
102  -21.21859  -42.54856
113  -20.79282  -21.55737
             x         y
121 -150.77560 146.54419
92  -101.09965 177.15450
126 -163.74374 118.79024
123 -176.39025  83.52030
120 -113.36557 151.80280
103  -87.84320 150.48963
116 -116.18936  99.34049
124 -136.98541  19.42409
83   -14.08104  71.90423
98   -66.52807  14.53321
77   -14.26064  57.45081
            x         y
130  22.80241 205.81699
93  178.31222  95.82847
118  22.69381 158.06515
105  45.70464 152.00490
110 116.27096  96.21234
81  137.76034  22.77654
129   0.60833 129.08778
136  12.28140 120.62861
125  31.11450 100.95768
88   13.54409 102.09096
135  18.67583  88.87207
131  65.83915  35.01149
134  20.39474  48.15083
96   21.13370  33.51598
            x          y
137 131.73322 -163.29089
100  88.18240 -188.47245
127  95.57334 -149.36371
111 170.42752  -30.14949
74  147.62276  -17.82380
115 112.53350  -95.62238
101  89.36444 -114.21826
85   66.87946 -115.62969
91  110.06142  -45.94347
[1] "Identifying clashes with target and/or standard probes"
[1] "Identifying conflict with other guide probes."
[1] "Minimizing conflicts with guide probe(s):"
[1] "1"
[1] "Identifying clashes with target and/or standard probes"
[1] "Identifying conflict with other guide probes."
[1] "Identifying clashes with target and/or standard probes"
[1] "Identifying conflict with other guide probes."
[1] "Identifying clashes with target and/or standard probes"
[1] "Identifying conflict with other guide probes."
[1] "Identifying clashes with target and/or standard probes"
[1] "Identifying conflict with other guide probes."
[1] "Identifying clashes with target and/or standard probes"
[1] "Identifying conflict with other guide probes."
[1] "Identifying clashes with target and/or standard probes"
[1] "Identifying conflict with other guide probes."
[1] "Identifying clashes with target and/or standard probes"
[1] "Identifying conflict with other guide probes."
[1] "Identifying clashes with target and/or standard probes"
[1] "Identifying conflict with other guide probes."
[1] "Identifying clashes with target and/or standard probes"
[1] "Identifying conflict with other guide probes."
[1] "Identifying clashes with target and/or standard probes"
[1] "Identifying conflict with other guide probes."
[1] "Identifying clashes with target and/or standard probes"
[1] "Identifying conflict with other guide probes."
[1] "Identifying clashes with target and/or standard probes"
[1] "Identifying conflict with other guide probes."
[1] "Identifying clashes with target and/or standard probes"
[1] "Identifying conflict with other guide probes."
[1] "Identifying clashes with target and/or standard probes"
[1] "Identifying conflict with other guide probes."
[1] "Identifying clashes with target and/or standard probes"
[1] "Identifying conflict with other guide probes."
[1] "Identifying clashes with target and/or standard probes"
[1] "Identifying conflict with other guide probes."
[1] "Identifying clashes with target and/or standard probes"
[1] "Identifying conflict with other guide probes."
[1] "Identifying clashes with target and/or standard probes"
[1] "Identifying conflict with other guide probes."
[1] "Identifying clashes with target and/or standard probes"
[1] "Identifying conflict with other guide probes."
[1] "Identifying clashes with target and/or standard probes"
[1] "Identifying conflict with other guide probes."
[1] "Identifying clashes with target and/or standard probes"
[1] "Identifying conflict with other guide probes."
[1] "Identifying clashes with target and/or standard probes"
[1] "Identifying conflict with other guide probes."
[1] "Identifying clashes with target and/or standard probes"
[1] "Identifying conflict with other guide probes."
[1] "Identifying clashes with target and/or standard probes"
[1] "Identifying conflict with other guide probes."
[1] "Identifying clashes with target and/or standard probes"
[1] "Identifying conflict with other guide probes."
[1] "Identifying clashes with target and/or standard probes"
[1] "Identifying conflict with other guide probes."
[1] "Identifying clashes with target and/or standard probes"
[1] "Identifying conflict with other guide probes."
[1] "Identifying clashes with target and/or standard probes"
[1] "Identifying conflict with other guide probes."
[1] "Identifying clashes with target and/or standard probes"
[1] "Identifying conflict with other guide probes."
[1] "Identifying clashes with target and/or standard probes"
[1] "Identifying conflict with other guide probes."
[1] "Identifying clashes with target and/or standard probes"
[1] "Identifying conflict with other guide probes."
[1] "Identifying clashes with target and/or standard probes"
[1] "Identifying conflict with other guide probes."
[1] "Identifying clashes with target and/or standard probes"
[1] "Identifying conflict with other guide probes."
[1] "Identifying clashes with target and/or standard probes"
[1] "Identifying conflict with other guide probes."
[1] "Identifying clashes with target and/or standard probes"
[1] "Identifying conflict with other guide probes."
[1] "Identifying clashes with target and/or standard probes"
[1] "Identifying conflict with other guide probes."
[1] "Identifying clashes with target and/or standard probes"
[1] "Identifying conflict with other guide probes."
[1] "Identifying clashes with target and/or standard probes"
[1] "Identifying conflict with other guide probes."
[1] "Identifying clashes with target and/or standard probes"
[1] "Identifying conflict with other guide probes."
[1] "Identifying clashes with target and/or standard probes"
[1] "Identifying conflict with other guide probes."
[1] "Identifying clashes with target and/or standard probes"
[1] "Identifying conflict with other guide probes."
[1] "Identifying clashes with target and/or standard probes"
[1] "Identifying conflict with other guide probes."
[1] "Identifying clashes with target and/or standard probes"
[1] "Identifying conflict with other guide probes."
[1] "Identifying clashes with target and/or standard probes"
[1] "Identifying conflict with other guide probes."
[1] "Identifying clashes with target and/or standard probes"
[1] "Identifying conflict with other guide probes."
[1] "Identifying clashes with target and/or standard probes"
[1] "Identifying conflict with other guide probes."
[1] "Identifying clashes with target and/or standard probes"
[1] "Identifying conflict with other guide probes."
[1] "Identifying clashes with target and/or standard probes"
[1] "Identifying conflict with other guide probes."
[1] "Identifying clashes with target and/or standard probes"
[1] "Identifying conflict with other guide probes."
[1] "Identifying clashes with target and/or standard probes"
[1] "Identifying conflict with other guide probes."
[1] "Could not configure this guide probe. Will try the next one in the list."
[1] "Identifying clashes with target and/or standard probes"
[1] "Identifying conflict with other guide probes."
[1] "Identifying clashes with target and/or standard probes"
[1] "Identifying conflict with other guide probes."
[1] "Minimizing conflicts with guide probe(s):"
[1] "1"
[1] "Identifying clashes with target and/or standard probes"
[1] "Identifying conflict with other guide probes."
[1] "Identifying clashes with target and/or standard probes"
[1] "Identifying conflict with other guide probes."
[1] "Identifying clashes with target and/or standard probes"
[1] "Identifying conflict with other guide probes."
[1] "Identifying clashes with target and/or standard probes"
[1] "Identifying conflict with other guide probes."
[1] "Identifying clashes with target and/or standard probes"
[1] "Identifying conflict with other guide probes."
[1] "Identifying clashes with target and/or standard probes"
[1] "Identifying conflict with other guide probes."
[1] "Minimizing conflicts with guide probe(s):"
[1] "3"
[1] "Identifying clashes with target and/or standard probes"
[1] "Identifying conflict with other guide probes."
[1] "Identifying clashes with target and/or standard probes"
[1] "Identifying conflict with other guide probes."
[1] "Identifying clashes with target and/or standard probes"
[1] "Identifying conflict with other guide probes."
[1] "Minimizing conflicts with guide probe(s):"
[1] "4"
[1] "Identifying clashes with target and/or standard probes"
[1] "Identifying conflict with other guide probes."
[1] "Identifying clashes with target and/or standard probes"
[1] "Identifying conflict with other guide probes."
[1] "Identifying clashes with target and/or standard probes"
[1] "Identifying conflict with other guide probes."
[1] "Identifying clashes with target and/or standard probes"
[1] "Identifying conflict with other guide probes."
[1] "Identifying clashes with target and/or standard probes"
[1] "Identifying conflict with other guide probes."
[1] "Identifying clashes with target and/or standard probes"
[1] "Identifying conflict with other guide probes."
[1] "Identifying clashes with target and/or standard probes"
[1] "Identifying conflict with other guide probes."
[1] "Identifying clashes with target and/or standard probes"
[1] "Identifying conflict with other guide probes."
[1] "Identifying clashes with target and/or standard probes"
[1] "Identifying conflict with other guide probes."
[1] "Identifying clashes with target and/or standard probes"
[1] "Identifying conflict with other guide probes."
[1] "Identifying clashes with target and/or standard probes"
[1] "Identifying conflict with other guide probes."
[1] "Identifying clashes with target and/or standard probes"
[1] "Identifying conflict with other guide probes."
[1] "Identifying clashes with target and/or standard probes"
[1] "Identifying conflict with other guide probes."
[1] "Identifying clashes with target and/or standard probes"
[1] "Identifying conflict with other guide probes."
[1] "Identifying clashes with target and/or standard probes"
[1] "Identifying conflict with other guide probes."
[1] "Identifying clashes with target and/or standard probes"
[1] "Identifying conflict with other guide probes."
[1] "Identifying clashes with target and/or standard probes"
[1] "Identifying conflict with other guide probes."
[1] "Identifying clashes with target and/or standard probes"
[1] "Identifying conflict with other guide probes."
[1] "Identifying clashes with target and/or standard probes"
[1] "Identifying conflict with other guide probes."
[1] "Identifying clashes with target and/or standard probes"
[1] "Identifying conflict with other guide probes."
[1] "Identifying clashes with target and/or standard probes"
[1] "Identifying conflict with other guide probes."
[1] "Identifying clashes with target and/or standard probes"
[1] "Identifying conflict with other guide probes."
[1] "Identifying clashes with target and/or standard probes"
[1] "Identifying conflict with other guide probes."
[1] "Identifying clashes with target and/or standard probes"
[1] "Identifying conflict with other guide probes."
[1] "Identifying clashes with target and/or standard probes"
[1] "Identifying conflict with other guide probes."
[1] "Identifying clashes with target and/or standard probes"
[1] "Identifying conflict with other guide probes."
[1] "Identifying clashes with target and/or standard probes"
[1] "Identifying conflict with other guide probes."
[1] "Identifying clashes with target and/or standard probes"
[1] "Identifying conflict with other guide probes."
[1] "Identifying clashes with target and/or standard probes"
[1] "Identifying conflict with other guide probes."
[1] "Identifying clashes with target and/or standard probes"
[1] "Identifying conflict with other guide probes."
[1] "Identifying clashes with target and/or standard probes"
[1] "Identifying conflict with other guide probes."
[1] "Identifying clashes with target and/or standard probes"
[1] "Identifying conflict with other guide probes."
[1] "Identifying clashes with target and/or standard probes"
[1] "Identifying conflict with other guide probes."
[1] "Identifying clashes with target and/or standard probes"
[1] "Identifying conflict with other guide probes."
[1] "Identifying clashes with target and/or standard probes"
[1] "Identifying conflict with other guide probes."
[1] "Identifying clashes with target and/or standard probes"
[1] "Identifying conflict with other guide probes."
[1] "Identifying clashes with target and/or standard probes"
[1] "Identifying conflict with other guide probes."
[1] "Identifying clashes with target and/or standard probes"
[1] "Identifying conflict with other guide probes."
[1] "Identifying clashes with target and/or standard probes"
[1] "Identifying conflict with other guide probes."
[1] "Identifying clashes with target and/or standard probes"
[1] "Identifying conflict with other guide probes."
[1] "Identifying clashes with target and/or standard probes"
[1] "Identifying conflict with other guide probes."
[1] "Identifying clashes with target and/or standard probes"
[1] "Identifying conflict with other guide probes."
[1] "Identifying clashes with target and/or standard probes"
[1] "Identifying conflict with other guide probes."
[1] "Identifying clashes with target and/or standard probes"
[1] "Identifying conflict with other guide probes."
[1] "Identifying clashes with target and/or standard probes"
[1] "Identifying conflict with other guide probes."
[1] "Identifying clashes with target and/or standard probes"
[1] "Identifying conflict with other guide probes."
[1] "Identifying clashes with target and/or standard probes"
[1] "Identifying conflict with other guide probes."
[1] "Identifying clashes with target and/or standard probes"
[1] "Identifying conflict with other guide probes."
[1] "Identifying clashes with target and/or standard probes"
[1] "Identifying conflict with other guide probes."
[1] "Identifying clashes with target and/or standard probes"
[1] "Identifying conflict with other guide probes."
[1] "Could not configure this guide probe. Will try the next one in the list."
[1] "Identifying clashes with target and/or standard probes"
[1] "Identifying conflict with other guide probes."
[1] "Identifying clashes with target and/or standard probes"
[1] "Identifying conflict with other guide probes."
[1] "Minimizing conflicts with guide probe(s):"
[1] "4" "1"
[1] "Identifying clashes with target and/or standard probes"
[1] "Identifying conflict with other guide probes."
[1] "Identifying clashes with target and/or standard probes"
[1] "Identifying conflict with other guide probes."
[1] "Identifying clashes with target and/or standard probes"
[1] "Identifying conflict with other guide probes."
[1] "Identifying clashes with target and/or standard probes"
[1] "Identifying conflict with other guide probes."
[1] "Identifying clashes with target and/or standard probes"
[1] "Identifying conflict with other guide probes."
[1] "Identifying clashes with target and/or standard probes"
[1] "Identifying conflict with other guide probes."
[1] "Identifying clashes with target and/or standard probes"
[1] "Identifying conflict with other guide probes."
[1] "Identifying clashes with target and/or standard probes"
[1] "Identifying conflict with other guide probes."
[1] "Identifying clashes with target and/or standard probes"
[1] "Identifying conflict with other guide probes."
[1] "Identifying clashes with target and/or standard probes"
[1] "Identifying conflict with other guide probes."
[1] "Identifying clashes with target and/or standard probes"
[1] "Identifying conflict with other guide probes."
[1] "Identifying clashes with target and/or standard probes"
[1] "Identifying conflict with other guide probes."
[1] "Identifying clashes with target and/or standard probes"
[1] "Identifying conflict with other guide probes."
[1] "Identifying clashes with target and/or standard probes"
[1] "Identifying conflict with other guide probes."
[1] "Identifying clashes with target and/or standard probes"
[1] "Identifying conflict with other guide probes."
[1] "Identifying clashes with target and/or standard probes"
[1] "Identifying conflict with other guide probes."
[1] "Identifying clashes with target and/or standard probes"
[1] "Identifying conflict with other guide probes."
[1] "Identifying clashes with target and/or standard probes"
[1] "Identifying conflict with other guide probes."
[1] "Identifying clashes with target and/or standard probes"
[1] "Identifying conflict with other guide probes."
[1] "Identifying clashes with target and/or standard probes"
[1] "Identifying conflict with other guide probes."
[1] "Identifying clashes with target and/or standard probes"
[1] "Identifying conflict with other guide probes."
[1] "Identifying clashes with target and/or standard probes"
[1] "Identifying conflict with other guide probes."
[1] "Identifying clashes with target and/or standard probes"
[1] "Identifying conflict with other guide probes."
[1] "Identifying clashes with target and/or standard probes"
[1] "Identifying conflict with other guide probes."
[1] "Identifying clashes with target and/or standard probes"
[1] "Identifying conflict with other guide probes."
[1] "Identifying clashes with target and/or standard probes"
[1] "Identifying conflict with other guide probes."
[1] "Identifying clashes with target and/or standard probes"
[1] "Identifying conflict with other guide probes."
[1] "Identifying clashes with target and/or standard probes"
[1] "Identifying conflict with other guide probes."
[1] "Identifying clashes with target and/or standard probes"
[1] "Identifying conflict with other guide probes."
[1] "Identifying clashes with target and/or standard probes"
[1] "Identifying conflict with other guide probes."
[1] "Identifying clashes with target and/or standard probes"
[1] "Identifying conflict with other guide probes."
[1] "Identifying clashes with target and/or standard probes"
[1] "Identifying conflict with other guide probes."
[1] "Identifying clashes with target and/or standard probes"
[1] "Identifying conflict with other guide probes."
[1] "Identifying clashes with target and/or standard probes"
[1] "Identifying conflict with other guide probes."
[1] "Identifying clashes with target and/or standard probes"
[1] "Identifying conflict with other guide probes."
[1] "Identifying clashes with target and/or standard probes"
[1] "Identifying conflict with other guide probes."
[1] "Identifying clashes with target and/or standard probes"
[1] "Identifying conflict with other guide probes."
[1] "Identifying clashes with target and/or standard probes"
[1] "Identifying conflict with other guide probes."
[1] "Identifying clashes with target and/or standard probes"
[1] "Identifying conflict with other guide probes."
[1] "Identifying clashes with target and/or standard probes"
[1] "Identifying conflict with other guide probes."
[1] "Identifying clashes with target and/or standard probes"
[1] "Identifying conflict with other guide probes."
[1] "Identifying clashes with target and/or standard probes"
[1] "Identifying conflict with other guide probes."
[1] "Identifying clashes with target and/or standard probes"
[1] "Identifying conflict with other guide probes."
[1] "Identifying clashes with target and/or standard probes"
[1] "Identifying conflict with other guide probes."
[1] "Identifying clashes with target and/or standard probes"
[1] "Identifying conflict with other guide probes."
[1] "Identifying clashes with target and/or standard probes"
[1] "Identifying conflict with other guide probes."
[1] "Identifying clashes with target and/or standard probes"
[1] "Identifying conflict with other guide probes."
[1] "Identifying clashes with target and/or standard probes"
[1] "Identifying conflict with other guide probes."
[1] "Identifying clashes with target and/or standard probes"
[1] "Identifying conflict with other guide probes."
[1] "Identifying clashes with target and/or standard probes"
[1] "Identifying conflict with other guide probes."
[1] "Identifying clashes with target and/or standard probes"
[1] "Identifying conflict with other guide probes."
[1] "Identifying clashes with target and/or standard probes"
[1] "Identifying conflict with other guide probes."
[1] "Identifying clashes with target and/or standard probes"
[1] "Identifying conflict with other guide probes."
[1] "Identifying clashes with target and/or standard probes"
[1] "Identifying conflict with other guide probes."
[1] "Identifying clashes with target and/or standard probes"
[1] "Identifying conflict with other guide probes."
[1] "Identifying clashes with target and/or standard probes"
[1] "Identifying conflict with other guide probes."
[1] "Identifying clashes with target and/or standard probes"
[1] "Identifying conflict with other guide probes."
[1] "Identifying clashes with target and/or standard probes"
[1] "Identifying conflict with other guide probes."
[1] "Identifying clashes with target and/or standard probes"
[1] "Identifying conflict with other guide probes."
[1] "Identifying clashes with target and/or standard probes"
[1] "Identifying conflict with other guide probes."
[1] "Identifying clashes with target and/or standard probes"
[1] "Identifying conflict with other guide probes."
[1] "Identifying clashes with target and/or standard probes"
[1] "Identifying conflict with other guide probes."
[1] "Identifying clashes with target and/or standard probes"
[1] "Identifying conflict with other guide probes."
[1] "Identifying clashes with target and/or standard probes"
[1] "Identifying conflict with other guide probes."
[1] "Identifying clashes with target and/or standard probes"
[1] "Identifying conflict with other guide probes."
[1] "Identifying clashes with target and/or standard probes"
[1] "Identifying conflict with other guide probes."
[1] "Identifying clashes with target and/or standard probes"
[1] "Identifying conflict with other guide probes."
[1] "Identifying clashes with target and/or standard probes"
[1] "Identifying conflict with other guide probes."
[1] "Identifying clashes with target and/or standard probes"
[1] "Identifying conflict with other guide probes."
[1] "Identifying clashes with target and/or standard probes"
[1] "Identifying conflict with other guide probes."
[1] "Identifying clashes with target and/or standard probes"
[1] "Identifying conflict with other guide probes."
[1] "Identifying clashes with target and/or standard probes"
[1] "Identifying conflict with other guide probes."
[1] "Identifying clashes with target and/or standard probes"
[1] "Identifying conflict with other guide probes."
[1] "Identifying clashes with target and/or standard probes"
[1] "Identifying conflict with other guide probes."
[1] "Identifying clashes with target and/or standard probes"
[1] "Identifying conflict with other guide probes."
[1] "Identifying clashes with target and/or standard probes"
[1] "Identifying conflict with other guide probes."
[1] "Identifying clashes with target and/or standard probes"
[1] "Identifying conflict with other guide probes."
[1] "Identifying clashes with target and/or standard probes"
[1] "Identifying conflict with other guide probes."
[1] "Identifying clashes with target and/or standard probes"
[1] "Identifying conflict with other guide probes."
[1] "Identifying clashes with target and/or standard probes"
[1] "Identifying conflict with other guide probes."
[1] "Identifying clashes with target and/or standard probes"
[1] "Identifying conflict with other guide probes."
[1] "Identifying clashes with target and/or standard probes"
[1] "Identifying conflict with other guide probes."
[1] "Identifying clashes with target and/or standard probes"
[1] "Identifying conflict with other guide probes."
[1] "Identifying clashes with target and/or standard probes"
[1] "Identifying conflict with other guide probes."
[1] "Identifying clashes with target and/or standard probes"
[1] "Identifying conflict with other guide probes."
[1] "Identifying clashes with target and/or standard probes"
[1] "Identifying conflict with other guide probes."
[1] "Identifying clashes with target and/or standard probes"
[1] "Identifying conflict with other guide probes."
[1] "Identifying clashes with target and/or standard probes"
[1] "Identifying conflict with other guide probes."
[1] "Identifying clashes with target and/or standard probes"
[1] "Identifying conflict with other guide probes."
[1] "Identifying clashes with target and/or standard probes"
[1] "Identifying conflict with other guide probes."
[1] "Identifying clashes with target and/or standard probes"
[1] "Identifying conflict with other guide probes."
[1] "Identifying clashes with target and/or standard probes"
[1] "Identifying conflict with other guide probes."
[1] "Identifying clashes with target and/or standard probes"
[1] "Identifying conflict with other guide probes."
[1] "Identifying clashes with target and/or standard probes"
[1] "Identifying conflict with other guide probes."
[1] "Identifying clashes with target and/or standard probes"
[1] "Identifying conflict with other guide probes."
[1] "Identifying clashes with target and/or standard probes"
[1] "Identifying conflict with other guide probes."
[1] "Identifying clashes with target and/or standard probes"
[1] "Identifying conflict with other guide probes."
[1] "Identifying clashes with target and/or standard probes"
[1] "Identifying conflict with other guide probes."
[1] "Identifying clashes with target and/or standard probes"
[1] "Identifying conflict with other guide probes."
[1] "Identifying clashes with target and/or standard probes"
[1] "Identifying conflict with other guide probes."
[1] "Could not configure this guide probe. Will try the next one in the list."
[1] "Identifying clashes with target and/or standard probes"
[1] "Identifying conflict with other guide probes."
[1] "Identifying clashes with target and/or standard probes"
[1] "Identifying conflict with other guide probes."
[1] "Minimizing conflicts with guide probe(s):"
[1] "4"
[1] "Identifying clashes with target and/or standard probes"
[1] "Identifying conflict with other guide probes."
[1] "Identifying clashes with target and/or standard probes"
[1] "Identifying conflict with other guide probes."
[1] "Identifying clashes with target and/or standard probes"
[1] "Identifying conflict with other guide probes."
[1] "Identifying clashes with target and/or standard probes"
[1] "Identifying conflict with other guide probes."
[1] "Identifying clashes with target and/or standard probes"
[1] "Identifying conflict with other guide probes."
[1] "Identifying clashes with target and/or standard probes"
[1] "Identifying conflict with other guide probes."
[1] "Identifying clashes with target and/or standard probes"
[1] "Identifying conflict with other guide probes."
[1] "Identifying clashes with target and/or standard probes"
[1] "Identifying conflict with other guide probes."
[1] "Identifying clashes with target and/or standard probes"
[1] "Identifying conflict with other guide probes."
[1] "Identifying clashes with target and/or standard probes"
[1] "Identifying conflict with other guide probes."
[1] "Identifying clashes with target and/or standard probes"
[1] "Identifying conflict with other guide probes."
[1] "Identifying clashes with target and/or standard probes"
[1] "Identifying conflict with other guide probes."
[1] "Identifying clashes with target and/or standard probes"
[1] "Identifying conflict with other guide probes."
[1] "Identifying clashes with target and/or standard probes"
[1] "Identifying conflict with other guide probes."
[1] "Identifying clashes with target and/or standard probes"
[1] "Identifying conflict with other guide probes."
[1] "Identifying clashes with target and/or standard probes"
[1] "Identifying conflict with other guide probes."
[1] "Identifying clashes with target and/or standard probes"
[1] "Identifying conflict with other guide probes."
[1] "Identifying clashes with target and/or standard probes"
[1] "Identifying conflict with other guide probes."
[1] "Identifying clashes with target and/or standard probes"
[1] "Identifying conflict with other guide probes."
[1] "Identifying clashes with target and/or standard probes"
[1] "Identifying conflict with other guide probes."
[1] "Identifying clashes with target and/or standard probes"
[1] "Identifying conflict with other guide probes."
[1] "Identifying clashes with target and/or standard probes"
[1] "Identifying conflict with other guide probes."
[1] "Identifying clashes with target and/or standard probes"
[1] "Identifying conflict with other guide probes."
[1] "Identifying clashes with target and/or standard probes"
[1] "Identifying conflict with other guide probes."
[1] "Identifying clashes with target and/or standard probes"
[1] "Identifying conflict with other guide probes."
[1] "Identifying clashes with target and/or standard probes"
[1] "Identifying conflict with other guide probes."
[1] "Identifying clashes with target and/or standard probes"
[1] "Identifying conflict with other guide probes."
[1] "Identifying clashes with target and/or standard probes"
[1] "Identifying conflict with other guide probes."
[1] "Identifying clashes with target and/or standard probes"
[1] "Identifying conflict with other guide probes."
[1] "Identifying clashes with target and/or standard probes"
[1] "Identifying conflict with other guide probes."
[1] "Identifying clashes with target and/or standard probes"
[1] "Identifying conflict with other guide probes."
[1] "Identifying clashes with target and/or standard probes"
[1] "Identifying conflict with other guide probes."
[1] "Identifying clashes with target and/or standard probes"
[1] "Identifying conflict with other guide probes."
[1] "Identifying clashes with target and/or standard probes"
[1] "Identifying conflict with other guide probes."
[1] "Identifying clashes with target and/or standard probes"
[1] "Identifying conflict with other guide probes."
[1] "Identifying clashes with target and/or standard probes"
[1] "Identifying conflict with other guide probes."
[1] "Identifying clashes with target and/or standard probes"
[1] "Identifying conflict with other guide probes."
[1] "Identifying clashes with target and/or standard probes"
[1] "Identifying conflict with other guide probes."
[1] "Identifying clashes with target and/or standard probes"
[1] "Identifying conflict with other guide probes."
[1] "Identifying clashes with target and/or standard probes"
[1] "Identifying conflict with other guide probes."
[1] "Identifying clashes with target and/or standard probes"
[1] "Identifying conflict with other guide probes."
[1] "Identifying clashes with target and/or standard probes"
[1] "Identifying conflict with other guide probes."
[1] "Identifying clashes with target and/or standard probes"
[1] "Identifying conflict with other guide probes."
[1] "Identifying clashes with target and/or standard probes"
[1] "Identifying conflict with other guide probes."
[1] "Identifying clashes with target and/or standard probes"
[1] "Identifying conflict with other guide probes."
[1] "Identifying clashes with target and/or standard probes"
[1] "Identifying conflict with other guide probes."
[1] "Identifying clashes with target and/or standard probes"
[1] "Identifying conflict with other guide probes."
[1] "Identifying clashes with target and/or standard probes"
[1] "Identifying conflict with other guide probes."
[1] "Identifying clashes with target and/or standard probes"
[1] "Identifying conflict with other guide probes."
[1] "Identifying clashes with target and/or standard probes"
[1] "Identifying conflict with other guide probes."
[1] "Could not configure this guide probe. Will try the next one in the list."
[1] "Identifying clashes with target and/or standard probes"
[1] "Identifying conflict with other guide probes."
[1] "Identifying clashes with target and/or standard probes"
[1] "Identifying conflict with other guide probes."
[1] "Minimizing conflicts with guide probe(s):"
[1] "4" "3"
[1] "Identifying clashes with target and/or standard probes"
[1] "Identifying conflict with other guide probes."
[1] "Identifying clashes with target and/or standard probes"
[1] "Identifying conflict with other guide probes."
[1] "Identifying clashes with target and/or standard probes"
[1] "Identifying conflict with other guide probes."
[1] "Identifying clashes with target and/or standard probes"
[1] "Identifying conflict with other guide probes."
[1] "Identifying clashes with target and/or standard probes"
[1] "Identifying conflict with other guide probes."
[1] "Identifying clashes with target and/or standard probes"
[1] "Identifying conflict with other guide probes."
[1] "Identifying clashes with target and/or standard probes"
[1] "Identifying conflict with other guide probes."
[1] "Identifying clashes with target and/or standard probes"
[1] "Identifying conflict with other guide probes."
[1] "Identifying clashes with target and/or standard probes"
[1] "Identifying conflict with other guide probes."
[1] "Identifying clashes with target and/or standard probes"
[1] "Identifying conflict with other guide probes."
[1] "Identifying clashes with target and/or standard probes"
[1] "Identifying conflict with other guide probes."
[1] "Identifying clashes with target and/or standard probes"
[1] "Identifying conflict with other guide probes."
[1] "Identifying clashes with target and/or standard probes"
[1] "Identifying conflict with other guide probes."
[1] "Identifying clashes with target and/or standard probes"
[1] "Identifying conflict with other guide probes."
[1] "Identifying clashes with target and/or standard probes"
[1] "Identifying conflict with other guide probes."
[1] "Identifying clashes with target and/or standard probes"
[1] "Identifying conflict with other guide probes."
[1] "Identifying clashes with target and/or standard probes"
[1] "Identifying conflict with other guide probes."
[1] "Identifying clashes with target and/or standard probes"
[1] "Identifying conflict with other guide probes."
[1] "Identifying clashes with target and/or standard probes"
[1] "Identifying conflict with other guide probes."
[1] "Identifying clashes with target and/or standard probes"
[1] "Identifying conflict with other guide probes."
[1] "Identifying clashes with target and/or standard probes"
[1] "Identifying conflict with other guide probes."
[1] "Identifying clashes with target and/or standard probes"
[1] "Identifying conflict with other guide probes."
[1] "Identifying clashes with target and/or standard probes"
[1] "Identifying conflict with other guide probes."
[1] "Identifying clashes with target and/or standard probes"
[1] "Identifying conflict with other guide probes."
[1] "Identifying clashes with target and/or standard probes"
[1] "Identifying conflict with other guide probes."
[1] "Identifying clashes with target and/or standard probes"
[1] "Identifying conflict with other guide probes."
[1] "Identifying clashes with target and/or standard probes"
[1] "Identifying conflict with other guide probes."
[1] "Identifying clashes with target and/or standard probes"
[1] "Identifying conflict with other guide probes."
[1] "Identifying clashes with target and/or standard probes"
[1] "Identifying conflict with other guide probes."
[1] "Identifying clashes with target and/or standard probes"
[1] "Identifying conflict with other guide probes."
[1] "Identifying clashes with target and/or standard probes"
[1] "Identifying conflict with other guide probes."
[1] "Identifying clashes with target and/or standard probes"
[1] "Identifying conflict with other guide probes."
[1] "Identifying clashes with target and/or standard probes"
[1] "Identifying conflict with other guide probes."
[1] "Identifying clashes with target and/or standard probes"
[1] "Identifying conflict with other guide probes."
[1] "Identifying clashes with target and/or standard probes"
[1] "Identifying conflict with other guide probes."
[1] "Identifying clashes with target and/or standard probes"
[1] "Identifying conflict with other guide probes."
[1] "Identifying clashes with target and/or standard probes"
[1] "Identifying conflict with other guide probes."
[1] "Identifying clashes with target and/or standard probes"
[1] "Identifying conflict with other guide probes."
[1] "Identifying clashes with target and/or standard probes"
[1] "Identifying conflict with other guide probes."
[1] "Identifying clashes with target and/or standard probes"
[1] "Identifying conflict with other guide probes."
[1] "Identifying clashes with target and/or standard probes"
[1] "Identifying conflict with other guide probes."
[1] "Identifying clashes with target and/or standard probes"
[1] "Identifying conflict with other guide probes."
[1] "Identifying clashes with target and/or standard probes"
[1] "Identifying conflict with other guide probes."
[1] "Identifying clashes with target and/or standard probes"
[1] "Identifying conflict with other guide probes."
[1] "Identifying clashes with target and/or standard probes"
[1] "Identifying conflict with other guide probes."
[1] "Identifying clashes with target and/or standard probes"
[1] "Identifying conflict with other guide probes."
[1] "Identifying clashes with target and/or standard probes"
[1] "Identifying conflict with other guide probes."
[1] "Identifying clashes with target and/or standard probes"
[1] "Identifying conflict with other guide probes."
[1] "Identifying clashes with target and/or standard probes"
[1] "Identifying conflict with other guide probes."
[1] "Identifying clashes with target and/or standard probes"
[1] "Identifying conflict with other guide probes."
[1] "Identifying clashes with target and/or standard probes"
[1] "Identifying conflict with other guide probes."
[1] "Identifying clashes with target and/or standard probes"
[1] "Identifying conflict with other guide probes."
[1] "Identifying clashes with target and/or standard probes"
[1] "Identifying conflict with other guide probes."
[1] "Identifying clashes with target and/or standard probes"
[1] "Identifying conflict with other guide probes."
[1] "Identifying clashes with target and/or standard probes"
[1] "Identifying conflict with other guide probes."
[1] "Identifying clashes with target and/or standard probes"
[1] "Identifying conflict with other guide probes."
[1] "Identifying clashes with target and/or standard probes"
[1] "Identifying conflict with other guide probes."
[1] "Identifying clashes with target and/or standard probes"
[1] "Identifying conflict with other guide probes."
[1] "Identifying clashes with target and/or standard probes"
[1] "Identifying conflict with other guide probes."
[1] "Identifying clashes with target and/or standard probes"
[1] "Identifying conflict with other guide probes."
[1] "Identifying clashes with target and/or standard probes"
[1] "Identifying conflict with other guide probes."
[1] "Identifying clashes with target and/or standard probes"
[1] "Identifying conflict with other guide probes."
[1] "Identifying clashes with target and/or standard probes"
[1] "Identifying conflict with other guide probes."
[1] "Identifying clashes with target and/or standard probes"
[1] "Identifying conflict with other guide probes."
[1] "Identifying clashes with target and/or standard probes"
[1] "Identifying conflict with other guide probes."
[1] "Identifying clashes with target and/or standard probes"
[1] "Identifying conflict with other guide probes."
[1] "Identifying clashes with target and/or standard probes"
[1] "Identifying conflict with other guide probes."
[1] "Identifying clashes with target and/or standard probes"
[1] "Identifying conflict with other guide probes."
[1] "Identifying clashes with target and/or standard probes"
[1] "Identifying conflict with other guide probes."
[1] "Identifying clashes with target and/or standard probes"
[1] "Identifying conflict with other guide probes."
[1] "Identifying clashes with target and/or standard probes"
[1] "Identifying conflict with other guide probes."
[1] "Identifying clashes with target and/or standard probes"
[1] "Identifying conflict with other guide probes."
[1] "Identifying clashes with target and/or standard probes"
[1] "Identifying conflict with other guide probes."
[1] "Identifying clashes with target and/or standard probes"
[1] "Identifying conflict with other guide probes."
[1] "Identifying clashes with target and/or standard probes"
[1] "Identifying conflict with other guide probes."
[1] "Identifying clashes with target and/or standard probes"
[1] "Identifying conflict with other guide probes."
[1] "Identifying clashes with target and/or standard probes"
[1] "Identifying conflict with other guide probes."
[1] "Identifying clashes with target and/or standard probes"
[1] "Identifying conflict with other guide probes."
[1] "Identifying clashes with target and/or standard probes"
[1] "Identifying conflict with other guide probes."
[1] "Identifying clashes with target and/or standard probes"
[1] "Identifying conflict with other guide probes."
[1] "Identifying clashes with target and/or standard probes"
[1] "Identifying conflict with other guide probes."
[1] "Identifying clashes with target and/or standard probes"
[1] "Identifying conflict with other guide probes."
[1] "Identifying clashes with target and/or standard probes"
[1] "Identifying conflict with other guide probes."
[1] "Identifying clashes with target and/or standard probes"
[1] "Identifying conflict with other guide probes."
[1] "Identifying clashes with target and/or standard probes"
[1] "Identifying conflict with other guide probes."
[1] "Identifying clashes with target and/or standard probes"
[1] "Identifying conflict with other guide probes."
[1] "Identifying clashes with target and/or standard probes"
[1] "Identifying conflict with other guide probes."
[1] "Identifying clashes with target and/or standard probes"
[1] "Identifying conflict with other guide probes."
[1] "Identifying clashes with target and/or standard probes"
[1] "Identifying conflict with other guide probes."
[1] "Identifying clashes with target and/or standard probes"
[1] "Identifying conflict with other guide probes."
[1] "Identifying clashes with target and/or standard probes"
[1] "Identifying conflict with other guide probes."
[1] "Identifying clashes with target and/or standard probes"
[1] "Identifying conflict with other guide probes."
[1] "Identifying clashes with target and/or standard probes"
[1] "Identifying conflict with other guide probes."
[1] "Identifying clashes with target and/or standard probes"
[1] "Identifying conflict with other guide probes."
[1] "Identifying clashes with target and/or standard probes"
[1] "Identifying conflict with other guide probes."
[1] "Identifying clashes with target and/or standard probes"
[1] "Identifying conflict with other guide probes."
[1] "Identifying clashes with target and/or standard probes"
[1] "Identifying conflict with other guide probes."
[1] "Identifying clashes with target and/or standard probes"
[1] "Identifying conflict with other guide probes."
[1] "Identifying clashes with target and/or standard probes"
[1] "Identifying conflict with other guide probes."
[1] "Identifying clashes with target and/or standard probes"
[1] "Identifying conflict with other guide probes."
[1] "Could not configure this guide probe. Will try the next one in the list."
[1] "Identifying clashes with target and/or standard probes"
[1] "Identifying conflict with other guide probes."
[1] "Identifying clashes with target and/or standard probes"
[1] "Identifying conflict with other guide probes."
[1] "Minimizing conflicts with guide probe(s):"
[1] "4"
[1] "Identifying clashes with target and/or standard probes"
[1] "Identifying conflict with other guide probes."
[1] "Identifying clashes with target and/or standard probes"
[1] "Identifying conflict with other guide probes."
[1] "Identifying clashes with target and/or standard probes"
[1] "Identifying conflict with other guide probes."
[1] "Identifying clashes with target and/or standard probes"
[1] "Identifying conflict with other guide probes."
[1] "Identifying clashes with target and/or standard probes"
[1] "Identifying conflict with other guide probes."
[1] "Identifying clashes with target and/or standard probes"
[1] "Identifying conflict with other guide probes."
[1] "Minimizing conflicts with guide probe(s):"
[1] "5"
[1] "Identifying clashes with target and/or standard probes"
[1] "Identifying conflict with other guide probes."
[1] "Identifying clashes with target and/or standard probes"
[1] "Identifying conflict with other guide probes."
[1] "Identifying clashes with target and/or standard probes"
[1] "Identifying conflict with other guide probes."
[1] "Identifying clashes with target and/or standard probes"
[1] "Identifying conflict with other guide probes."
[1] "Identifying clashes with target and/or standard probes"
[1] "Identifying conflict with other guide probes."
[1] "Minimizing conflicts with guide probe(s):"
[1] "6"
[1] "Identifying clashes with target and/or standard probes"
[1] "Identifying conflict with other guide probes."
[1] "Identifying clashes with target and/or standard probes"
[1] "Identifying conflict with other guide probes."
[1] "Identifying clashes with target and/or standard probes"
[1] "Identifying conflict with other guide probes."
[1] "Identifying clashes with target and/or standard probes"
[1] "Identifying conflict with other guide probes."
[1] "Identifying clashes with target and/or standard probes"
[1] "Identifying conflict with other guide probes."
[1] "Identifying clashes with target and/or standard probes"
[1] "Identifying conflict with other guide probes."
[1] "Identifying clashes with target and/or standard probes"
[1] "Identifying conflict with other guide probes."
[1] "Identifying clashes with target and/or standard probes"
[1] "Identifying conflict with other guide probes."
[1] "Identifying clashes with target and/or standard probes"
[1] "Identifying conflict with other guide probes."
[1] "Identifying clashes with target and/or standard probes"
[1] "Identifying conflict with other guide probes."
[1] "Identifying clashes with target and/or standard probes"
[1] "Identifying conflict with other guide probes."
[1] "Identifying clashes with target and/or standard probes"
[1] "Identifying conflict with other guide probes."
[1] "Identifying clashes with target and/or standard probes"
[1] "Identifying conflict with other guide probes."
[1] "Here you go, here's your complete configuration!"
$pos
            x          y
1   143.93961   72.78251
2   182.72543   -6.47045
3  -125.67473 -160.95565
4  -179.41402   58.15360
5    13.25013 -102.98756
6    -3.64166  205.98942
7    36.36261  -11.01558
8  -195.26862   -4.26642
9  -137.99841  129.17602
10  102.81822  142.24267
11   10.15818   61.34818
12   92.30242 -167.57522
14  -67.69739 -106.88136
15 -159.72245 -111.94375
16  -20.32389  142.86405
17  171.32338  -65.76023
18  -74.20511   -5.62103
19  -16.85893 -163.71339
46   47.65093  129.80409
69   47.73308  -71.80453

$rads
 [1] 161.2945 182.8400 204.2079 188.6034 103.8364 206.0216  37.9945 195.3152
 [9] 189.0238 175.5123  62.1835 191.3144 126.5170 195.0453 144.3025 183.5105
[17]  74.4177 164.5792 138.2741  86.2226

$angs
 [1]  1.12185194 -1.37647313  2.66399508  2.13398324  1.46349628  0.45086145
 [7]  3.80290785 -1.56693231  2.75987343  2.83664668  3.41307167  0.56431094
[13]  1.90853885  2.52147258  0.05886058  4.24051881 -0.77334066 -1.05995728
[19]  3.02858928  1.27059018

$azAngs
 [1]  3.60974698  3.10619666  0.90787068 -0.31344549  1.69875099 -1.55311930
 [7]  2.84744355  0.02184550 -0.75238907  4.08650023  4.54829543  2.07426264
[13]  1.00618779  0.61130574 -1.42948418  2.77509719  0.07560552  1.46817972
[19]  4.36056329  2.15748067

$angs_azAng
 [1] 3.7952903 1.8005155 1.7561244 2.4474287 6.0479306 2.0039808 0.9554643
 [8] 4.6944075 3.5122625 5.0333318 5.1479615 4.7732336 0.9023511 1.9101668
[15] 1.4883448 1.4654216 5.4342391 3.7550483 4.9512113 5.3962948

$guidenum
[1]  2  3  4  9 10 11

$gpos
             x          y
121 -150.77560  146.54419
130   22.80241  205.81699
137  131.73322 -163.29089
112 -182.30980  -72.39886
126 -163.74374  118.79024
118   22.69381  158.06515

$grads
[1] 210.2581 207.0763 209.8036 196.1593 202.2947 159.6859

$gangs
[1] 3.2421588 2.6489677 0.5580965 4.6459940 2.8352256 3.1127460

$gazAngs
[1] -0.7711673  4.6020492  2.2496333  0.3780211 -0.6276125  4.5697909

$gangs_gazAng
[1] 4.013326 4.330104 4.591649 4.267973 3.462838 4.826140

$swaps
[1] FALSE

$flags
[1] "none"

[1] "There were  0  unresolvable conflicts in the field"
[1] "********************************************"
[1] "Writing outputs to TilingOutputs/300_m20_equally_spaced/Configuration/HECTORConfig_Hexa_300_m20_comissioning_000.txt"
[1] "********************************************"

