2021-06-10 13:41:17,968: - [1] "********************************************"
[1] "Configuring field TilingOutputs/300_m20_equally_spaced/DistortionCorrected/DC_tile_000.fld"
[1] "********************************************"
[1] "Identifying initial conflicts"
  Probe_1st Probe_2nd PercentArea
1         1        10        18.1
2         2        16        25.4
3         8        15        22.3
[1] "Minimizing the overlaping area by rotating probes"
[1] "Wrapping around MinimizeConflicts"
[1] "Starting (again) with delta_ang = 20"
[1] "19 galaxy probes are in! Let's put some standard stars probes!"
[1] "Adding some standards."
[1] "standard 1 configured successfully."
[1] "standard 2 configured successfully."
$pos
            x          y
1   144.10944   86.30548
2   182.71747    7.00714
3  -125.41524 -147.11269
4  -179.59628   71.71127
5    13.23900  -89.61767
7    36.35292    2.22888
8  -195.27388    9.23539
9  -138.23770  142.90604
10  103.05234  156.05458
11   10.16631   74.70115
12   92.06232 -153.67480
13  -24.10233 -206.26495
14  -67.59604  -93.38289
15 -159.45484  -98.26669
16  -20.36219  156.51711
17  171.15616  -52.22902
18  -74.20762    7.66327
19  -16.82080 -149.91372
20   93.07125  -23.98724
68  -78.37680  -42.97351

$angs
 [1] -0.42197457  4.64921058  2.58011568  2.11360692  1.47402683  3.74899644
 [7] -1.56648023  2.89678061  2.70666058  3.32267946  0.66590557 -1.07756543
[13]  2.04218037 -1.40078928  0.06259871 -1.43279175 -0.71420579  1.78837209
[19]  4.06930819  5.35738531

$cegs
 [1] 3 2 1 1 1 2 3 2 2 2 1 3 1 3 3 2 3 1 2 3

$stdflag
[1] "none"

[1] "19 galaxy probes and 2 standard probes are in! Let's put some standard guide probes!"
              x          y
119  -162.89258 -124.31207
126  -102.57557  -41.35016
111  -101.48119 -117.05899
123   -69.27745 -199.93248
113  -135.59244  -32.18761
117  -182.19464  -58.85416
97    -56.06277  -32.25373
NA           NA         NA
NA.1         NA         NA
101  -199.97586  -12.29402
106   -21.19920  -29.26130
118   -20.77123   -8.31470
              x         y
102   -66.55282  27.81891
130  -137.03855  32.80865
79    -27.50244 200.54322
129  -176.64487  97.15757
107   -88.06001 164.33419
139   -68.01257 113.30356
132  -164.07705 132.57681
NA           NA        NA
127  -113.60439 165.63326
80    -14.27919  70.79357
121  -116.37905 112.91628
NA.1         NA        NA
86    -14.10104  85.28796
             x         y
135    0.60636 142.72788
91    13.56327 115.59079
137   65.87728  48.32730
140   20.41216  61.47247
125   22.74786 171.90907
85   104.76392  22.94780
131   31.16191 114.45724
110   45.81241 165.81604
NA          NA        NA
100   21.15155  46.80804
142   12.30143 134.22138
78    74.96843 132.99635
141   18.68262 102.23044
103  100.46002 125.08578
NA.1        NA        NA
             x          y
143  131.38979 -149.34702
99   145.98293 -143.51420
77   147.59006   -4.43017
88    66.76462 -102.08908
120  112.43635  -82.16162
NA          NA         NA
105   89.21432 -100.65895
133   95.35517 -135.59248
94   109.98942  -32.58118
NA.1        NA         NA
[1] "Identifying clashes with target and/or standard probes"
[1] "Identifying conflict with other guide probes."
[1] "Minimizing conflicts with guide probe(s):"
[1] "1"
[1] "Identifying clashes with target and/or standard probes"
[1] "Identifying conflict with other guide probes."
[1] "Identifying clashes with target and/or standard probes"
[1] "Identifying conflict with other guide probes."
[1] "Identifying clashes with target and/or standard probes"
[1] "Identifying conflict with other guide probes."
[1] "Identifying clashes with target and/or standard probes"
[1] "Identifying conflict with other guide probes."
[1] "Identifying clashes with target and/or standard probes"
[1] "Identifying conflict with other guide probes."
[1] "Identifying clashes with target and/or standard probes"
[1] "Identifying conflict with other guide probes."
[1] "Identifying clashes with target and/or standard probes"
[1] "Identifying conflict with other guide probes."
[1] "Identifying clashes with target and/or standard probes"
[1] "Identifying conflict with other guide probes."
[1] "Minimizing conflicts with guide probe(s):"
[1] "5"
[1] "Identifying clashes with target and/or standard probes"
[1] "Identifying conflict with other guide probes."
[1] "Identifying clashes with target and/or standard probes"
[1] "Identifying conflict with other guide probes."
[1] "Identifying clashes with target and/or standard probes"
[1] "Identifying conflict with other guide probes."
[1] "Identifying clashes with target and/or standard probes"
[1] "Identifying conflict with other guide probes."
[1] "Identifying clashes with target and/or standard probes"
[1] "Identifying conflict with other guide probes."
[1] "Identifying clashes with target and/or standard probes"
[1] "Identifying conflict with other guide probes."
[1] "Identifying clashes with target and/or standard probes"
[1] "Identifying conflict with other guide probes."
[1] "Identifying clashes with target and/or standard probes"
[1] "Identifying conflict with other guide probes."
[1] "Identifying clashes with target and/or standard probes"
[1] "Identifying conflict with other guide probes."
[1] "Identifying clashes with target and/or standard probes"
[1] "Identifying conflict with other guide probes."
[1] "Identifying clashes with target and/or standard probes"
[1] "Identifying conflict with other guide probes."
[1] "Identifying clashes with target and/or standard probes"
[1] "Identifying conflict with other guide probes."
[1] "Identifying clashes with target and/or standard probes"
[1] "Identifying conflict with other guide probes."
[1] "Identifying clashes with target and/or standard probes"
[1] "Identifying conflict with other guide probes."
[1] "Identifying clashes with target and/or standard probes"
[1] "Identifying conflict with other guide probes."
[1] "Identifying clashes with target and/or standard probes"
[1] "Identifying conflict with other guide probes."
[1] "Identifying clashes with target and/or standard probes"
[1] "Identifying conflict with other guide probes."
[1] "Identifying clashes with target and/or standard probes"
[1] "Identifying conflict with other guide probes."
[1] "Identifying clashes with target and/or standard probes"
[1] "Identifying conflict with other guide probes."
[1] "Identifying clashes with target and/or standard probes"
[1] "Identifying conflict with other guide probes."
[1] "Identifying clashes with target and/or standard probes"
[1] "Identifying conflict with other guide probes."
[1] "Identifying clashes with target and/or standard probes"
[1] "Identifying conflict with other guide probes."
[1] "Identifying clashes with target and/or standard probes"
[1] "Identifying conflict with other guide probes."
[1] "Identifying clashes with target and/or standard probes"
[1] "Identifying conflict with other guide probes."
[1] "Identifying clashes with target and/or standard probes"
[1] "Identifying conflict with other guide probes."
[1] "Identifying clashes with target and/or standard probes"
[1] "Identifying conflict with other guide probes."
[1] "Identifying clashes with target and/or standard probes"
[1] "Identifying conflict with other guide probes."
[1] "Identifying clashes with target and/or standard probes"
[1] "Identifying conflict with other guide probes."
[1] "Identifying clashes with target and/or standard probes"
[1] "Identifying conflict with other guide probes."
[1] "Identifying clashes with target and/or standard probes"
[1] "Identifying conflict with other guide probes."
[1] "Identifying clashes with target and/or standard probes"
[1] "Identifying conflict with other guide probes."
[1] "Identifying clashes with target and/or standard probes"
[1] "Identifying conflict with other guide probes."
[1] "Identifying clashes with target and/or standard probes"
[1] "Identifying conflict with other guide probes."
[1] "Identifying clashes with target and/or standard probes"
[1] "Identifying conflict with other guide probes."
[1] "Identifying clashes with target and/or standard probes"
[1] "Identifying conflict with other guide probes."
[1] "Identifying clashes with target and/or standard probes"
[1] "Identifying conflict with other guide probes."
[1] "Identifying clashes with target and/or standard probes"
[1] "Identifying conflict with other guide probes."
[1] "Identifying clashes with target and/or standard probes"
[1] "Identifying conflict with other guide probes."
[1] "Identifying clashes with target and/or standard probes"
[1] "Identifying conflict with other guide probes."
[1] "Identifying clashes with target and/or standard probes"
[1] "Identifying conflict with other guide probes."
[1] "Identifying clashes with target and/or standard probes"
[1] "Identifying conflict with other guide probes."
[1] "Identifying clashes with target and/or standard probes"
[1] "Identifying conflict with other guide probes."
[1] "Identifying clashes with target and/or standard probes"
[1] "Identifying conflict with other guide probes."
[1] "Identifying clashes with target and/or standard probes"
[1] "Identifying conflict with other guide probes."
[1] "Identifying clashes with target and/or standard probes"
[1] "Identifying conflict with other guide probes."
[1] "Identifying clashes with target and/or standard probes"
[1] "Identifying conflict with other guide probes."
[1] "Identifying clashes with target and/or standard probes"
[1] "Identifying conflict with other guide probes."
[1] "Identifying clashes with target and/or standard probes"
[1] "Identifying conflict with other guide probes."
[1] "Identifying clashes with target and/or standard probes"
[1] "Identifying conflict with other guide probes."
[1] "Identifying clashes with target and/or standard probes"
[1] "Identifying conflict with other guide probes."
[1] "Could not configure this guide probe. Will try the next one in the list."
[1] "Identifying clashes with target and/or standard probes"
[1] "Identifying conflict with other guide probes."
[1] "Identifying clashes with target and/or standard probes"
[1] "Identifying conflict with other guide probes."
[1] "Minimizing conflicts with guide probe(s):"
[1] "5"
[1] "Identifying clashes with target and/or standard probes"
[1] "Identifying conflict with other guide probes."
[1] "Identifying clashes with target and/or standard probes"
[1] "Identifying conflict with other guide probes."
[1] "Identifying clashes with target and/or standard probes"
[1] "Identifying conflict with other guide probes."
[1] "Identifying clashes with target and/or standard probes"
[1] "Identifying conflict with other guide probes."
[1] "Identifying clashes with target and/or standard probes"
[1] "Identifying conflict with other guide probes."
[1] "Identifying clashes with target and/or standard probes"
[1] "Identifying conflict with other guide probes."
[1] "Identifying clashes with target and/or standard probes"
[1] "Identifying conflict with other guide probes."
[1] "Identifying clashes with target and/or standard probes"
[1] "Identifying conflict with other guide probes."
[1] "Identifying clashes with target and/or standard probes"
[1] "Identifying conflict with other guide probes."
[1] "Minimizing conflicts with guide probe(s):"
[1] "6"
[1] "Identifying clashes with target and/or standard probes"
[1] "Identifying conflict with other guide probes."
[1] "Identifying clashes with target and/or standard probes"
[1] "Identifying conflict with other guide probes."
[1] "Identifying clashes with target and/or standard probes"
[1] "Identifying conflict with other guide probes."
[1] "Identifying clashes with target and/or standard probes"
[1] "Identifying conflict with other guide probes."
[1] "Identifying clashes with target and/or standard probes"
[1] "Identifying conflict with other guide probes."
[1] "Identifying clashes with target and/or standard probes"
[1] "Identifying conflict with other guide probes."
[1] "Identifying clashes with target and/or standard probes"
[1] "Identifying conflict with other guide probes."
[1] "Identifying clashes with target and/or standard probes"
[1] "Identifying conflict with other guide probes."
[1] "Identifying clashes with target and/or standard probes"
[1] "Identifying conflict with other guide probes."
[1] "Identifying clashes with target and/or standard probes"
[1] "Identifying conflict with other guide probes."
[1] "Identifying clashes with target and/or standard probes"
[1] "Identifying conflict with other guide probes."
[1] "Identifying clashes with target and/or standard probes"
[1] "Identifying conflict with other guide probes."
[1] "Identifying clashes with target and/or standard probes"
[1] "Identifying conflict with other guide probes."
[1] "Identifying clashes with target and/or standard probes"
[1] "Identifying conflict with other guide probes."
[1] "Identifying clashes with target and/or standard probes"
[1] "Identifying conflict with other guide probes."
[1] "Identifying clashes with target and/or standard probes"
[1] "Identifying conflict with other guide probes."
[1] "Identifying clashes with target and/or standard probes"
[1] "Identifying conflict with other guide probes."
[1] "Identifying clashes with target and/or standard probes"
[1] "Identifying conflict with other guide probes."
[1] "Identifying clashes with target and/or standard probes"
[1] "Identifying conflict with other guide probes."
[1] "Identifying clashes with target and/or standard probes"
[1] "Identifying conflict with other guide probes."
[1] "Identifying clashes with target and/or standard probes"
[1] "Identifying conflict with other guide probes."
[1] "Identifying clashes with target and/or standard probes"
[1] "Identifying conflict with other guide probes."
[1] "Identifying clashes with target and/or standard probes"
[1] "Identifying conflict with other guide probes."
[1] "Identifying clashes with target and/or standard probes"
[1] "Identifying conflict with other guide probes."
[1] "Identifying clashes with target and/or standard probes"
[1] "Identifying conflict with other guide probes."
[1] "Identifying clashes with target and/or standard probes"
[1] "Identifying conflict with other guide probes."
[1] "Identifying clashes with target and/or standard probes"
[1] "Identifying conflict with other guide probes."
[1] "Identifying clashes with target and/or standard probes"
[1] "Identifying conflict with other guide probes."
[1] "Identifying clashes with target and/or standard probes"
[1] "Identifying conflict with other guide probes."
[1] "Identifying clashes with target and/or standard probes"
[1] "Identifying conflict with other guide probes."
[1] "Identifying clashes with target and/or standard probes"
[1] "Identifying conflict with other guide probes."
[1] "Identifying clashes with target and/or standard probes"
[1] "Identifying conflict with other guide probes."
[1] "Identifying clashes with target and/or standard probes"
[1] "Identifying conflict with other guide probes."
[1] "Identifying clashes with target and/or standard probes"
[1] "Identifying conflict with other guide probes."
[1] "Identifying clashes with target and/or standard probes"
[1] "Identifying conflict with other guide probes."
[1] "Identifying clashes with target and/or standard probes"
[1] "Identifying conflict with other guide probes."
[1] "Identifying clashes with target and/or standard probes"
[1] "Identifying conflict with other guide probes."
[1] "Identifying clashes with target and/or standard probes"
[1] "Identifying conflict with other guide probes."
[1] "Identifying clashes with target and/or standard probes"
[1] "Identifying conflict with other guide probes."
[1] "Identifying clashes with target and/or standard probes"
[1] "Identifying conflict with other guide probes."
[1] "Identifying clashes with target and/or standard probes"
[1] "Identifying conflict with other guide probes."
[1] "Identifying clashes with target and/or standard probes"
[1] "Identifying conflict with other guide probes."
[1] "Identifying clashes with target and/or standard probes"
[1] "Identifying conflict with other guide probes."
[1] "Identifying clashes with target and/or standard probes"
[1] "Identifying conflict with other guide probes."
[1] "Identifying clashes with target and/or standard probes"
[1] "Identifying conflict with other guide probes."
[1] "Identifying clashes with target and/or standard probes"
[1] "Identifying conflict with other guide probes."
[1] "Identifying clashes with target and/or standard probes"
[1] "Identifying conflict with other guide probes."
[1] "Identifying clashes with target and/or standard probes"
[1] "Identifying conflict with other guide probes."
[1] "Identifying clashes with target and/or standard probes"
[1] "Identifying conflict with other guide probes."
[1] "Identifying clashes with target and/or standard probes"
[1] "Identifying conflict with other guide probes."
[1] "Could not configure this guide probe. Will try the next one in the list."
[1] "Identifying clashes with target and/or standard probes"
[1] "Identifying conflict with other guide probes."
[1] "Identifying clashes with target and/or standard probes"
[1] "Identifying conflict with other guide probes."
[1] "Minimizing conflicts with guide probe(s):"
[1] "6" "4"
[1] "Identifying clashes with target and/or standard probes"
[1] "Identifying conflict with other guide probes."
[1] "Identifying clashes with target and/or standard probes"
[1] "Identifying conflict with other guide probes."
[1] "Identifying clashes with target and/or standard probes"
[1] "Identifying conflict with other guide probes."
[1] "Here you go, here's your complete configuration!"
$pos
            x          y
1   144.10944   86.30548
2   182.71747    7.00714
3  -125.41524 -147.11269
4  -179.59628   71.71127
5    13.23900  -89.61767
7    36.35292    2.22888
8  -195.27388    9.23539
9  -138.23770  142.90604
10  103.05234  156.05458
11   10.16631   74.70115
12   92.06232 -153.67480
13  -24.10233 -206.26495
14  -67.59604  -93.38289
15 -159.45484  -98.26669
16  -20.36219  156.51711
17  171.15616  -52.22902
18  -74.20762    7.66327
19  -16.82080 -149.91372
20   93.07125  -23.98724
68  -78.37680  -42.97351

$rads
 [1] 167.97668 182.85178 193.31613 193.38389  90.59027  36.42118 195.49215
 [8] 198.82605 187.01020  75.38976 179.14077 207.66837 115.28048 187.30240
[15] 157.83607 178.94776  74.60226 150.85444  96.11267  89.38482

$angs
 [1] -0.42197457  4.64921058  2.58011568  2.11360692  1.47402683  3.74899644
 [7] -1.56648023  2.89678061  2.70666058  3.32267946  0.66590557 -1.07756543
[13]  2.04218037 -1.40078928  0.06259871 -1.43279175 -0.71420579  1.78837209
[19]  4.06930819  5.35738531

$azAngs
 [1]  3.68119444  3.17992346  0.86484609 -0.37989546  1.71746310  3.20282827
 [7] -0.04725933 -0.80200145  4.12876463  4.57712689  2.11053344  1.45447254
[13]  0.94423647  0.55229444 -1.44142730  2.84541397 -0.10290320  1.45906046
[19]  2.88935217  0.50153229

$angs_azAng
 [1] 2.1800163 1.4692871 1.7152696 2.4935024 6.0397490 0.5461682 4.7639644
 [8] 3.6987821 4.8610813 5.0287379 4.8385574 3.7511473 1.0979439 4.3301016
[15] 1.5040260 2.0049796 5.6718827 0.3293116 1.1799560 4.8558530

$guidenum
[1] 1 2 3 4 6 8

$gpos
             x          y
119 -162.89258 -124.31207
102  -66.55282   27.81891
135    0.60636  142.72788
143  131.38979 -149.34702
130 -137.03855   32.80865
99   145.98293 -143.51420

$grads
[1] 204.9085  72.1330 142.7292 198.9166 140.9112 204.7128

$gangs
[1] 2.241405 5.700192 2.990395 4.760357 5.203326 4.586447

$gazAngs
[1]  0.6518664 -0.3959245  4.7081406  2.2923169 -0.2349888  2.3647219

$gangs_gazAng
[1] 1.589538 6.096117 4.565440 2.468041 5.438315 2.221725

$swaps
[1] FALSE

$flags
[1] "none"

[1] "There were  0  unresolvable conflicts in the field"
[1] "********************************************"
[1] "Writing outputs to TilingOutputs/300_m20_equally_spaced/Configuration/HECTORConfig_Hexa_300_m20_comissioning_000.txt"
[1] "********************************************"

