2021-06-16 12:58:43,671: - Robot Temperature: 19 C, Obs Temperature: 8 C. date=2021 07 10 14:00


2021-06-16 12:58:43,675: - Adding extra columns to the target dataframe
2021-06-16 12:58:43,676: - Total Targets in field to tile: 206

2021-06-16 12:58:43,677: - Tile 0:
2021-06-16 12:58:43,677: - 	Remaining Targets: 206
2021-06-16 12:58:45,013: - 	Distortion-corrected tile saved at results/TilingOutputs/350_m20_within_half_radius/DistortionCorrected/DC_tile_000.fld...
2021-06-16 12:58:45,026: - FINISHED TILE 0


2021-06-16 12:58:45,037: - Tile 1:
2021-06-16 12:58:45,037: - 	Remaining Targets: 187
2021-06-16 12:58:46,028: - 	Distortion-corrected tile saved at results/TilingOutputs/350_m20_within_half_radius/DistortionCorrected/DC_tile_001.fld...
2021-06-16 12:58:46,039: - FINISHED TILE 1


2021-06-16 12:58:46,051: - Tile 2:
2021-06-16 12:58:46,051: - 	Remaining Targets: 168
2021-06-16 12:58:47,006: - 	Distortion-corrected tile saved at results/TilingOutputs/350_m20_within_half_radius/DistortionCorrected/DC_tile_002.fld...
2021-06-16 12:58:47,015: - FINISHED TILE 2


2021-06-16 12:58:47,027: - Tile 3:
2021-06-16 12:58:47,027: - 	Remaining Targets: 149
2021-06-16 12:58:47,944: - 	Distortion-corrected tile saved at results/TilingOutputs/350_m20_within_half_radius/DistortionCorrected/DC_tile_003.fld...
2021-06-16 12:58:47,953: - FINISHED TILE 3


2021-06-16 12:58:47,968: - Tile 4:
2021-06-16 12:58:47,968: - 	Remaining Targets: 130
2021-06-16 12:58:48,893: - 	Distortion-corrected tile saved at results/TilingOutputs/350_m20_within_half_radius/DistortionCorrected/DC_tile_004.fld...
2021-06-16 12:58:48,903: - FINISHED TILE 4


2021-06-16 12:58:48,917: - Tile 5:
2021-06-16 12:58:48,917: - 	Remaining Targets: 111
2021-06-16 12:58:49,851: - 	Distortion-corrected tile saved at results/TilingOutputs/350_m20_within_half_radius/DistortionCorrected/DC_tile_005.fld...
2021-06-16 12:58:49,861: - FINISHED TILE 5


2021-06-16 12:58:49,931: - Tile 6:
2021-06-16 12:58:49,931: - 	Remaining Targets: 92
2021-06-16 12:58:50,898: - 	Distortion-corrected tile saved at results/TilingOutputs/350_m20_within_half_radius/DistortionCorrected/DC_tile_006.fld...
2021-06-16 12:58:50,909: - FINISHED TILE 6


2021-06-16 12:58:50,926: - Tile 7:
2021-06-16 12:58:50,926: - 	Remaining Targets: 73
2021-06-16 12:58:51,818: - 	Distortion-corrected tile saved at results/TilingOutputs/350_m20_within_half_radius/DistortionCorrected/DC_tile_007.fld...
2021-06-16 12:58:51,829: - FINISHED TILE 7


2021-06-16 12:58:51,846: - Tile 8:
2021-06-16 12:58:51,846: - 	Remaining Targets: 54
2021-06-16 12:58:52,823: - 	Distortion-corrected tile saved at results/TilingOutputs/350_m20_within_half_radius/DistortionCorrected/DC_tile_008.fld...
2021-06-16 12:58:52,835: - FINISHED TILE 8


2021-06-16 12:58:52,854: - Tile 9:
2021-06-16 12:58:52,854: - 	Remaining Targets: 35
2021-06-16 12:58:53,853: - 	Distortion-corrected tile saved at results/TilingOutputs/350_m20_within_half_radius/DistortionCorrected/DC_tile_009.fld...
2021-06-16 12:58:53,863: - FINISHED TILE 9


2021-06-16 12:58:53,885: - Tile 10:
2021-06-16 12:58:53,885: - 	Remaining Targets: 16
2021-06-16 12:58:54,877: - 	Distortion-corrected tile saved at results/TilingOutputs/350_m20_within_half_radius/DistortionCorrected/DC_tile_010.fld...
2021-06-16 12:58:54,887: - FINISHED TILE 10


2021-06-16 12:58:54,907: - Tile 11:
2021-06-16 12:58:54,907: - 	Remaining Targets: 2
2021-06-16 12:58:56,540: - 	Distortion-corrected tile saved at results/TilingOutputs/350_m20_within_half_radius/DistortionCorrected/DC_tile_011.fld...
2021-06-16 12:58:56,550: - FINISHED TILE 11


2021-06-16 12:58:56,569: - 


2021-06-16 12:58:56,570: - Done!
