2021-06-15 15:29:46,397: - Robot Temperature: 19 C, Obs Temperature: 8 C. date=2021 07 10 14:00


2021-06-15 15:29:46,399: - Adding extra columns to the target dataframe
2021-06-15 15:29:46,401: - Total Targets in field to tile: 36

2021-06-15 15:29:46,401: - Tile 0:
2021-06-15 15:29:46,401: - 	Remaining Targets: 36
2021-06-15 15:29:47,928: - 	Distortion-corrected tile saved at results/TilingOutputs/350_m20_within_half_radius/DistortionCorrected/DC_tile_000.fld...
2021-06-15 15:29:47,936: - FINISHED TILE 0


2021-06-15 15:29:47,940: - Tile 1:
2021-06-15 15:29:47,940: - 	Remaining Targets: 17
2021-06-15 15:29:49,691: - 	Distortion-corrected tile saved at results/TilingOutputs/350_m20_within_half_radius/DistortionCorrected/DC_tile_001.fld...
2021-06-15 15:29:49,700: - FINISHED TILE 1


2021-06-15 15:29:49,705: - Tile 2:
2021-06-15 15:29:49,705: - 	Remaining Targets: 5
2021-06-15 15:29:52,157: - 	Distortion-corrected tile saved at results/TilingOutputs/350_m20_within_half_radius/DistortionCorrected/DC_tile_002.fld...
2021-06-15 15:29:52,167: - FINISHED TILE 2


2021-06-15 15:29:52,173: - Tile 3:
2021-06-15 15:29:52,173: - 	Remaining Targets: 1
2021-06-15 15:29:54,800: - 	Distortion-corrected tile saved at results/TilingOutputs/350_m20_within_half_radius/DistortionCorrected/DC_tile_003.fld...
2021-06-15 15:29:54,809: - FINISHED TILE 3


2021-06-15 15:29:54,818: - 


2021-06-15 15:29:54,818: - Done!
